

#############################
date and time = 2023-03-03 10:51:47
31 <-- FAILURE DETECTED


---FAILURE LOG---
POSSIBLE NEXT STATES: states: {'29': 849, '19': 842, '3b': 1}
last state: 39
state_list: ['29', '19', '3b']
similar_list: [10, 10, 12]
score_list: [869, 862, 25]
dict_word_score: {'29': 869, '19': 862, '3b': 25}

--------FAILURE--------
31<--FOUND
00110001
29<--EXPECTED
00101001
-----------------------------------------
I1100.4: FAILURE ([INT-Fr.ROBOT] 1st NONINTERFERENCE(║╥░ú╝╖))
I1100.3: FAILURE ([INT-Fr.ROBOT] AUTO)
RECOMMENDED TO CHECK: 
39<--EXPECTED
00111001
19<--EXPECTED
00011001
I1100.5: FAILURE ([INT-Fr.ROBOT] 2nd NONINTERFERENCE(║╥░ú╝╖))
3b<--EXPECTED
00111011
I1100.1: FAILURE ([INT-Fr.ROBOT] Fault)
way: ['39']