

#############################
date and time = 2023-03-20 22:31:23
aa <-- FAILURE DETECTED


---FAILURE LOG---
POSSIBLE NEXT STATES: states: {'a9': 6053, '80': 9, '86': 2, '84': 2, 'a8': 1, '82': 1}
last state: None
state_list: ['a9', '80', '86', '84', 'a8', '82']
similar_list: [12, 7, 9, 6, 13, 10]
score_list: [6077, 23, 20, 14, 27, 21]
dict_word_score: {'a9': 6077, 'a8': 27, '80': 23, '82': 21, '86': 20, '84': 14}

--------FAILURE--------
aa<--FOUND
10101010
a9<--EXPECTED
10101001
-----------------------------------------
I100.1: FAILURE (INTAKE MASKING ADV)
I100.0: FAILURE (INTAKE MASKING RET)
RECOMMENDED TO CHECK: 
a8<--EXPECTED
10101000
80<--EXPECTED
10000000
I100.5: FAILURE (OPS MASKING RET)
I100.3: FAILURE (RH VIBRATION RET)
82<--EXPECTED
10000010
86<--EXPECTED
10000110
I100.2: FAILURE (RH VIBRATION ADV)
84<--EXPECTED
10000100
way: []

#############################
date and time = 2023-03-21 12:59:25
aa <-- FAILURE DETECTED


---FAILURE LOG---
POSSIBLE NEXT STATES: states: {'a9': 6053, '80': 9, '86': 2, '84': 2, 'a8': 1, '82': 1}
last state: None
state_list: ['a9', '80', '86', '84', 'a8', '82']
similar_list: [12, 7, 9, 6, 13, 10]
score_list: [6077, 23, 20, 14, 27, 21]
dict_word_score: {'a9': 6077, 'a8': 27, '80': 23, '82': 21, '86': 20, '84': 14}

--------FAILURE--------
aa<--FOUND
10101010
a9<--EXPECTED
10101001
-----------------------------------------
I100.1: FAILURE (INTAKE MASKING ADV)
I100.0: FAILURE (INTAKE MASKING RET)
RECOMMENDED TO CHECK: 
a8<--EXPECTED
10101000
80<--EXPECTED
10000000
I100.5: FAILURE (OPS MASKING RET)
I100.3: FAILURE (RH VIBRATION RET)
82<--EXPECTED
10000010
86<--EXPECTED
10000110
I100.2: FAILURE (RH VIBRATION ADV)
84<--EXPECTED
10000100
way: []

#############################
date and time = 2023-03-22 15:37:33
96 <-- FAILURE DETECTED


---FAILURE LOG---
POSSIBLE NEXT STATES: states: {'a9': 6053, '80': 9, '86': 2, '84': 2, 'a8': 1, '82': 1}
last state: None
state_list: ['a9', '80', '86', '84', 'a8', '82']
similar_list: [4, 7, 13, 10, 5, 10]
score_list: [6061, 23, 28, 22, 11, 21]
dict_word_score: {'a9': 6061, '86': 28, '80': 23, '84': 22, '82': 21, 'a8': 11}

--------FAILURE--------
96<--FOUND
10010110
a9<--EXPECTED
10101001
-----------------------------------------
I100.5: FAILURE (OPS MASKING RET)
I100.4: FAILURE (OPS MASKING ADV)
I100.3: FAILURE (RH VIBRATION RET)
I100.2: FAILURE (RH VIBRATION ADV)
I100.1: FAILURE (INTAKE MASKING ADV)
I100.0: FAILURE (INTAKE MASKING RET)
RECOMMENDED TO CHECK: 
86<--EXPECTED
10000110
80<--EXPECTED
10000000
84<--EXPECTED
10000100
82<--EXPECTED
10000010
a8<--EXPECTED
10101000
way: []

#############################
date and time = 2023-03-22 17:19:42
aa <-- FAILURE DETECTED


---FAILURE LOG---
POSSIBLE NEXT STATES: states: {'a9': 6053, '80': 9, '86': 2, '84': 2, 'a8': 1, '82': 1}
last state: None
state_list: ['a9', '80', '86', '84', 'a8', '82']
similar_list: [12, 7, 9, 6, 13, 10]
score_list: [6077, 23, 20, 14, 27, 21]
dict_word_score: {'a9': 6077, 'a8': 27, '80': 23, '82': 21, '86': 20, '84': 14}

--------FAILURE--------
aa<--FOUND
10101010
a9<--EXPECTED
10101001
-----------------------------------------
I100.1: FAILURE (INTAKE MASKING ADV)
I100.0: FAILURE (INTAKE MASKING RET)
RECOMMENDED TO CHECK: 
a8<--EXPECTED
10101000
80<--EXPECTED
10000000
I100.5: FAILURE (OPS MASKING RET)
I100.3: FAILURE (RH VIBRATION RET)
82<--EXPECTED
10000010
86<--EXPECTED
10000110
I100.2: FAILURE (RH VIBRATION ADV)
84<--EXPECTED
10000100
way: []

#############################
date and time = 2023-03-23 16:30:16
aa <-- FAILURE DETECTED


---FAILURE LOG---
POSSIBLE NEXT STATES: states: {'a9': 6053, '80': 9, '86': 2, '84': 2, 'a8': 1, '82': 1}
last state: None
state_list: ['a9', '80', '86', '84', 'a8', '82']
similar_list: [12, 7, 9, 6, 13, 10]
score_list: [6077, 23, 20, 14, 27, 21]
dict_word_score: {'a9': 6077, 'a8': 27, '80': 23, '82': 21, '86': 20, '84': 14}

--------FAILURE--------
aa<--FOUND
10101010
a9<--EXPECTED
10101001
-----------------------------------------
I100.1: FAILURE (INTAKE MASKING ADV)
I100.0: FAILURE (INTAKE MASKING RET)
RECOMMENDED TO CHECK: 
a8<--EXPECTED
10101000
80<--EXPECTED
10000000
I100.5: FAILURE (OPS MASKING RET)
I100.3: FAILURE (RH VIBRATION RET)
82<--EXPECTED
10000010
86<--EXPECTED
10000110
I100.2: FAILURE (RH VIBRATION ADV)
84<--EXPECTED
10000100
way: []

#############################
date and time = 2023-03-23 17:34:59
aa <-- FAILURE DETECTED


---FAILURE LOG---
POSSIBLE NEXT STATES: states: {'a9': 6053, '80': 9, '86': 2, '84': 2, 'a8': 1, '82': 1}
last state: None
state_list: ['a9', '80', '86', '84', 'a8', '82']
similar_list: [12, 7, 9, 6, 13, 10]
score_list: [6077, 23, 20, 14, 27, 21]
dict_word_score: {'a9': 6077, 'a8': 27, '80': 23, '82': 21, '86': 20, '84': 14}

--------FAILURE--------
aa<--FOUND
10101010
a9<--EXPECTED
10101001
-----------------------------------------
I100.1: FAILURE (INTAKE MASKING ADV)
I100.0: FAILURE (INTAKE MASKING RET)
RECOMMENDED TO CHECK: 
a8<--EXPECTED
10101000
80<--EXPECTED
10000000
I100.5: FAILURE (OPS MASKING RET)
I100.3: FAILURE (RH VIBRATION RET)
82<--EXPECTED
10000010
86<--EXPECTED
10000110
I100.2: FAILURE (RH VIBRATION ADV)
84<--EXPECTED
10000100
way: []

#############################
date and time = 2023-03-23 19:29:43
96 <-- FAILURE DETECTED


---FAILURE LOG---
POSSIBLE NEXT STATES: states: {'a9': 6053, '80': 9, '86': 2, '84': 2, 'a8': 1, '82': 1}
last state: None
state_list: ['a9', '80', '86', '84', 'a8', '82']
similar_list: [4, 7, 13, 10, 5, 10]
score_list: [6061, 23, 28, 22, 11, 21]
dict_word_score: {'a9': 6061, '86': 28, '80': 23, '84': 22, '82': 21, 'a8': 11}

--------FAILURE--------
96<--FOUND
10010110
a9<--EXPECTED
10101001
-----------------------------------------
I100.5: FAILURE (OPS MASKING RET)
I100.4: FAILURE (OPS MASKING ADV)
I100.3: FAILURE (RH VIBRATION RET)
I100.2: FAILURE (RH VIBRATION ADV)
I100.1: FAILURE (INTAKE MASKING ADV)
I100.0: FAILURE (INTAKE MASKING RET)
RECOMMENDED TO CHECK: 
86<--EXPECTED
10000110
80<--EXPECTED
10000000
84<--EXPECTED
10000100
82<--EXPECTED
10000010
a8<--EXPECTED
10101000
way: []

#############################
date and time = 2023-03-24 06:08:25
aa <-- FAILURE DETECTED


---FAILURE LOG---
POSSIBLE NEXT STATES: states: {'a9': 6053, '80': 9, '86': 2, '84': 2, 'a8': 1, '82': 1}
last state: None
state_list: ['a9', '80', '86', '84', 'a8', '82']
similar_list: [12, 7, 9, 6, 13, 10]
score_list: [6077, 23, 20, 14, 27, 21]
dict_word_score: {'a9': 6077, 'a8': 27, '80': 23, '82': 21, '86': 20, '84': 14}

--------FAILURE--------
aa<--FOUND
10101010
a9<--EXPECTED
10101001
-----------------------------------------
I100.1: FAILURE (INTAKE MASKING ADV)
I100.0: FAILURE (INTAKE MASKING RET)
RECOMMENDED TO CHECK: 
a8<--EXPECTED
10101000
80<--EXPECTED
10000000
I100.5: FAILURE (OPS MASKING RET)
I100.3: FAILURE (RH VIBRATION RET)
82<--EXPECTED
10000010
86<--EXPECTED
10000110
I100.2: FAILURE (RH VIBRATION ADV)
84<--EXPECTED
10000100
way: []

#############################
date and time = 2023-03-28 13:24:12
aa <-- FAILURE DETECTED


---FAILURE LOG---
POSSIBLE NEXT STATES: states: {'a9': 6589, '80': 9, '86': 2, '84': 2, 'a8': 1, '82': 1}
last state: None
state_list: ['a9', '80', '86', '84', 'a8', '82']
similar_list: [12, 7, 9, 6, 13, 10]
score_list: [6613, 23, 20, 14, 27, 21]
dict_word_score: {'a9': 6613, 'a8': 27, '80': 23, '82': 21, '86': 20, '84': 14}

--------FAILURE--------
aa<--FOUND
10101010
a9<--EXPECTED
10101001
-----------------------------------------
I100.1: FAILURE (INTAKE MASKING ADV)
I100.0: FAILURE (INTAKE MASKING RET)
RECOMMENDED TO CHECK: 
a8<--EXPECTED
10101000
80<--EXPECTED
10000000
I100.5: FAILURE (OPS MASKING RET)
I100.3: FAILURE (RH VIBRATION RET)
82<--EXPECTED
10000010
86<--EXPECTED
10000110
I100.2: FAILURE (RH VIBRATION ADV)
84<--EXPECTED
10000100
way: []

#############################
date and time = 2023-03-29 22:22:09
aa <-- FAILURE DETECTED


---FAILURE LOG---
POSSIBLE NEXT STATES: states: {'a9': 6589, '80': 9, '86': 2, '84': 2, 'a8': 1, '82': 1}
last state: None
state_list: ['a9', '80', '86', '84', 'a8', '82']
similar_list: [0.75, 0.625, 0.625, 0.5, 0.875, 0.75]
score_list: [2.4977286493034523, 1.2513628104179286, 1.2503028467595396, 1.0003028467595396, 1.75015142337977, 1.50015142337977]
dict_word_score: {'a9': 2.4977286493034523, 'a8': 1.75015142337977, '82': 1.50015142337977, '80': 1.2513628104179286, '86': 1.2503028467595396, '84': 1.0003028467595396}

--------FAILURE--------
aa<--FOUND
10101010
a9<--EXPECTED
10101001
-----------------------------------------
I100.1: FAILURE (INTAKE MASKING ADV)
I100.0: FAILURE (INTAKE MASKING RET)
RECOMMENDED TO CHECK: 
a8<--EXPECTED
10101000
82<--EXPECTED
10000010
I100.5: FAILURE (OPS MASKING RET)
I100.3: FAILURE (RH VIBRATION RET)
80<--EXPECTED
10000000
86<--EXPECTED
10000110
I100.2: FAILURE (RH VIBRATION ADV)
84<--EXPECTED
10000100
way: []

#############################
date and time = 2023-03-30 10:49:54
a1 <-- FAILURE DETECTED

RECOMMENDED TO CHECK: 
a9<--EXPECTED
10101001
I100.3: FAILURE (RH VIBRATION RET)
way: ['a9']

#############################
date and time = 2023-04-13 15:24:02
aa <-- FAILURE DETECTED


---FAILURE LOG---
POSSIBLE NEXT STATES: states: {'a9': 6827, '80': 9, '86': 2, '84': 2, 'a8': 1, '82': 1}
last state: None
state_list: ['a9', '80', '86', '84', 'a8', '82']
similar_list: [0.75, 0.625, 0.625, 0.5, 0.875, 0.75]
score_list: [2.4978076585793625, 1.2513154048523822, 1.2502923121894183, 1.0002923121894183, 1.7501461560947091, 1.5001461560947091]
dict_word_score: {'a9': 2.4978076585793625, 'a8': 1.7501461560947091, '82': 1.5001461560947091, '80': 1.2513154048523822, '86': 1.2502923121894183, '84': 1.0002923121894183}

--------FAILURE--------
aa<--FOUND
10101010
a9<--EXPECTED
10101001
-----------------------------------------
I100.1: FAILURE (INTAKE MASKING ADV)
I100.0: FAILURE (INTAKE MASKING RET)
RECOMMENDED TO CHECK: 
a8<--EXPECTED
10101000
82<--EXPECTED
10000010
I100.5: FAILURE (OPS MASKING RET)
I100.3: FAILURE (RH VIBRATION RET)
80<--EXPECTED
10000000
86<--EXPECTED
10000110
I100.2: FAILURE (RH VIBRATION ADV)
84<--EXPECTED
10000100
way: []

#############################
date and time = 2023-04-16 15:02:53
a0 <-- FAILURE DETECTED


---FAILURE LOG---
POSSIBLE NEXT STATES: states: {'a9': 6882, '80': 9, '86': 2, '84': 2, 'a8': 1, '82': 1}
last state: None
state_list: ['a9', '80', '86', '84', 'a8', '82']
similar_list: [0.75, 0.875, 0.625, 0.75, 0.875, 0.75]
score_list: [2.4978251413658112, 1.7513049151805133, 1.2502899811512251, 1.5002899811512251, 1.7501449905756126, 1.5001449905756126]
dict_word_score: {'a9': 2.4978251413658112, '80': 1.7513049151805133, 'a8': 1.7501449905756126, '84': 1.5002899811512251, '82': 1.5001449905756126, '86': 1.2502899811512251}

--------FAILURE--------
a0<--FOUND
10100000
a9<--EXPECTED
10101001
-----------------------------------------
I100.3: FAILURE (RH VIBRATION RET)
I100.0: FAILURE (INTAKE MASKING RET)
RECOMMENDED TO CHECK: 
80<--EXPECTED
10000000
I100.5: FAILURE (OPS MASKING RET)
a8<--EXPECTED
10101000
84<--EXPECTED
10000100
I100.2: FAILURE (RH VIBRATION ADV)
82<--EXPECTED
10000010
I100.1: FAILURE (INTAKE MASKING ADV)
86<--EXPECTED
10000110
way: []

#############################
date and time = 2023-04-16 18:40:13
0 <-- FAILURE DETECTED

RECOMMENDED TO CHECK: 
a9<--EXPECTED
10101001
I100.7: FAILURE (ODT CYLINDER RET)
I100.5: FAILURE (OPS MASKING RET)
I100.3: FAILURE (RH VIBRATION RET)
I100.0: FAILURE (INTAKE MASKING RET)
way: ['a9']

#############################
date and time = 2023-04-16 18:44:52
0 <-- FAILURE DETECTED


---FAILURE LOG---
POSSIBLE NEXT STATES: states: {'a9': 6882, '80': 9, '86': 2, '84': 2, 'a8': 1, '82': 1}
last state: None
state_list: ['a9', '80', '86', '84', 'a8', '82']
similar_list: [0.5, 0.875, 0.625, 0.75, 0.625, 0.75]
score_list: [1.9978251413658112, 1.7513049151805133, 1.2502899811512251, 1.5002899811512251, 1.2501449905756126, 1.5001449905756126]
dict_word_score: {'a9': 1.9978251413658112, '80': 1.7513049151805133, '84': 1.5002899811512251, '82': 1.5001449905756126, '86': 1.2502899811512251, 'a8': 1.2501449905756126}

--------FAILURE--------
0<--FOUND
00000000
a9<--EXPECTED
10101001
-----------------------------------------
I100.7: FAILURE (ODT CYLINDER RET)
I100.5: FAILURE (OPS MASKING RET)
I100.3: FAILURE (RH VIBRATION RET)
I100.0: FAILURE (INTAKE MASKING RET)
RECOMMENDED TO CHECK: 
80<--EXPECTED
10000000
84<--EXPECTED
10000100
I100.2: FAILURE (RH VIBRATION ADV)
82<--EXPECTED
10000010
I100.1: FAILURE (INTAKE MASKING ADV)
86<--EXPECTED
10000110
a8<--EXPECTED
10101000
way: []

#############################
date and time = 2023-05-24 02:14:40
29 <-- FAILURE DETECTED


---FAILURE LOG---
POSSIBLE NEXT STATES: states: {'a9': 3216}
last state: None
state_list: ['a9']
similar_list: [0.875]
score_list: [2.75]
dict_word_score: {'a9': 2.75}

--------FAILURE--------
29<--FOUND
00101001
a9<--EXPECTED
10101001
-----------------------------------------
I100.7: FAILURE (ODT CYLINDER RET)
RECOMMENDED TO CHECK: 
way: []

#############################
date and time = 2023-05-31 13:21:28
29 <-- FAILURE DETECTED


---FAILURE LOG---
POSSIBLE NEXT STATES: states: {'a9': 4906}
last state: None
state_list: ['a9']
similar_list: [0.875]
score_list: [2.75]
dict_word_score: {'a9': 2.75}

--------FAILURE--------
29<--FOUND
00101001
a9<--EXPECTED
10101001
-----------------------------------------
I100.7: FAILURE (ODT CYLINDER RET)
RECOMMENDED TO CHECK: 
way: []

#############################
date and time = 2023-06-11 19:20:57
0 <-- FAILURE DETECTED

RECOMMENDED TO CHECK: 
a9<--EXPECTED
10101001
I100.7: FAILURE (ODT CYLINDER RET)
I100.5: FAILURE (OPS MASKING RET)
I100.3: FAILURE (RH VIBRATION RET)
I100.0: FAILURE (INTAKE MASKING RET)
way: ['a9']

#############################
date and time = 2023-06-11 20:44:27
0 <-- FAILURE DETECTED


---FAILURE LOG---
POSSIBLE NEXT STATES: states: {'a9': 5221}
last state: None
state_list: ['a9']
similar_list: [0.5]
score_list: [2.0]
dict_word_score: {'a9': 2.0}

--------FAILURE--------
0<--FOUND
00000000
a9<--EXPECTED
10101001
-----------------------------------------
I100.7: FAILURE (ODT CYLINDER RET)
I100.5: FAILURE (OPS MASKING RET)
I100.3: FAILURE (RH VIBRATION RET)
I100.0: FAILURE (INTAKE MASKING RET)
RECOMMENDED TO CHECK: 
way: []

#############################
date and time = 2023-07-11 08:33:18
0 <-- FAILURE DETECTED


---FAILURE LOG---
POSSIBLE NEXT STATES: states: {'a9': 6239}
last state: None
state_list: ['a9']
similar_list: [0.5]
score_list: [2.0]
dict_word_score: {'a9': 2.0}

--------FAILURE--------
0<--FOUND
00000000
a9<--EXPECTED
10101001
-----------------------------------------
I100.7: FAILURE (ODT CYLINDER RET)
I100.5: FAILURE (OPS MASKING RET)
I100.3: FAILURE (RH VIBRATION RET)
I100.0: FAILURE (INTAKE MASKING RET)
RECOMMENDED TO CHECK: 
way: []

#############################
date and time = 2023-07-18 15:37:12
0 <-- FAILURE DETECTED

RECOMMENDED TO CHECK: 
a9<--EXPECTED
10101001
I100.7: FAILURE (ODT CYLINDER RET)
I100.5: FAILURE (OPS MASKING RET)
I100.3: FAILURE (RH VIBRATION RET)
I100.0: FAILURE (INTAKE MASKING RET)
way: ['a9']

#############################
date and time = 2023-07-22 06:45:43
0 <-- FAILURE DETECTED

RECOMMENDED TO CHECK: 
a9<--EXPECTED
10101001
I100.7: FAILURE (ODT CYLINDER RET)
I100.5: FAILURE (OPS MASKING RET)
I100.3: FAILURE (RH VIBRATION RET)
I100.0: FAILURE (INTAKE MASKING RET)
way: ['a9']