

#############################
date and time = 2023-03-16 08:20:24
16 <-- FAILURE DETECTED


---FAILURE LOG---
POSSIBLE NEXT STATES: states: {'26': 1162}
last state: 6
state_list: ['26']
similar_list: [10]
score_list: [1182]
dict_word_score: {'26': 1182}

--------FAILURE--------
16<--FOUND
00010110
26<--EXPECTED
00100110
-----------------------------------------
I103.5: FAILURE (HEAD STOCK #1RET)
I103.4: FAILURE (HEAD STOCK #1ADV)
RECOMMENDED TO CHECK: 
6<--EXPECTED
00000110
way: ['6']

#############################
date and time = 2023-03-22 20:13:22
16 <-- FAILURE DETECTED


---FAILURE LOG---
POSSIBLE NEXT STATES: states: {'24': 1870, '25': 30}
last state: 26
state_list: ['24', '25']
similar_list: [7, 6]
score_list: [1884, 42]
dict_word_score: {'24': 1884, '25': 42}

--------FAILURE--------
16<--FOUND
00010110
24<--EXPECTED
00100100
-----------------------------------------
I103.5: FAILURE (HEAD STOCK #1RET)
I103.4: FAILURE (HEAD STOCK #1ADV)
I103.1: FAILURE (LH VIBRATION RET)
RECOMMENDED TO CHECK: 
26<--EXPECTED
00100110
25<--EXPECTED
00100101
I103.0: FAILURE (LH VIBRATION ADV)
way: ['16', '6', '26']

#############################
date and time = 2023-03-24 08:00:14
6 <-- FAILURE DETECTED


---FAILURE LOG---
POSSIBLE NEXT STATES: states: {'24': 1870, '25': 30}
last state: 26
state_list: ['24', '25']
similar_list: [8, 7]
score_list: [1886, 44]
dict_word_score: {'24': 1886, '25': 44}

--------FAILURE--------
6<--FOUND
00000110
24<--EXPECTED
00100100
-----------------------------------------
I103.5: FAILURE (HEAD STOCK #1RET)
I103.1: FAILURE (LH VIBRATION RET)
RECOMMENDED TO CHECK: 
26<--EXPECTED
00100110
25<--EXPECTED
00100101
I103.0: FAILURE (LH VIBRATION ADV)
way: ['16', '6', '26', '24', '25', '24', '26']

#############################
date and time = 2023-03-24 08:27:19
15 <-- FAILURE DETECTED


---FAILURE LOG---
POSSIBLE NEXT STATES: states: {'24': 2016, '5': 5}
last state: 25
state_list: ['24', '5']
similar_list: [7, 11]
score_list: [2030, 27]
dict_word_score: {'24': 2030, '5': 27}

--------FAILURE--------
15<--FOUND
00010101
24<--EXPECTED
00100100
-----------------------------------------
I103.5: FAILURE (HEAD STOCK #1RET)
I103.4: FAILURE (HEAD STOCK #1ADV)
I103.0: FAILURE (LH VIBRATION ADV)
RECOMMENDED TO CHECK: 
25<--EXPECTED
00100101
5<--EXPECTED
00000101
way: ['16', '6', '26', '24', '25']

#############################
date and time = 2023-04-01 02:15:49
6 <-- FAILURE DETECTED


---FAILURE LOG---
POSSIBLE NEXT STATES: states: {'24': 2048, '25': 30}
last state: 26
state_list: ['24', '25']
similar_list: [0.75, 0.625]
score_list: [2.485563041385948, 1.264436958614052]
dict_word_score: {'24': 2.485563041385948, '25': 1.264436958614052}

--------FAILURE--------
6<--FOUND
00000110
24<--EXPECTED
00100100
-----------------------------------------
I103.5: FAILURE (HEAD STOCK #1RET)
I103.1: FAILURE (LH VIBRATION RET)
RECOMMENDED TO CHECK: 
26<--EXPECTED
00100110
25<--EXPECTED
00100101
I103.0: FAILURE (LH VIBRATION ADV)
way: ['16', '6', '26']

#############################
date and time = 2023-04-16 15:33:50
14 <-- FAILURE DETECTED


---FAILURE LOG---
POSSIBLE NEXT STATES: states: {'6': 1582, '26': 88}
last state: 16
state_list: ['6', '26']
similar_list: [0.75, 0.625]
score_list: [2.447305389221557, 1.3026946107784432]
dict_word_score: {'6': 2.447305389221557, '26': 1.3026946107784432}

--------FAILURE--------
14<--FOUND
00010100
6<--EXPECTED
00000110
-----------------------------------------
I103.4: FAILURE (HEAD STOCK #1ADV)
I103.1: FAILURE (LH VIBRATION RET)
RECOMMENDED TO CHECK: 
16<--EXPECTED
00010110
26<--EXPECTED
00100110
I103.5: FAILURE (HEAD STOCK #1RET)
way: ['16']

#############################
date and time = 2023-04-16 18:40:37
0 <-- FAILURE DETECTED


---FAILURE LOG---
POSSIBLE NEXT STATES: states: {'1a': 4562, '16': 1670, '26': 419, '6': 86, '24': 85, '25': 43}
last state: None
state_list: ['1a', '16', '26', '6', '24', '25']
similar_list: [0.625, 0.625, 0.625, 0.75, 0.75, 0.625]
score_list: [1.914530225782957, 1.4932629278951202, 1.311034231609614, 1.5125273124544791, 1.5123816460305899, 1.2562636562272396]
dict_word_score: {'1a': 1.914530225782957, '6': 1.5125273124544791, '24': 1.5123816460305899, '16': 1.4932629278951202, '26': 1.311034231609614, '25': 1.2562636562272396}

--------FAILURE--------
0<--FOUND
00000000
1a<--EXPECTED
00011010
-----------------------------------------
I103.4: FAILURE (HEAD STOCK #1ADV)
I103.3: FAILURE (DRIVE LINE RET)
I103.1: FAILURE (LH VIBRATION RET)
RECOMMENDED TO CHECK: 
6<--EXPECTED
00000110
I103.2: FAILURE (DRIVE LINE ADV)
24<--EXPECTED
00100100
I103.5: FAILURE (HEAD STOCK #1RET)
16<--EXPECTED
00010110
26<--EXPECTED
00100110
25<--EXPECTED
00100101
I103.0: FAILURE (LH VIBRATION ADV)
way: []

#############################
date and time = 2023-04-17 14:34:43
6 <-- FAILURE DETECTED


---FAILURE LOG---
POSSIBLE NEXT STATES: states: {'24': 2169, '25': 30}
last state: 26
state_list: ['24', '25']
similar_list: [0.75, 0.625]
score_list: [2.4863574351978173, 1.2636425648021827]
dict_word_score: {'24': 2.4863574351978173, '25': 1.2636425648021827}

--------FAILURE--------
6<--FOUND
00000110
24<--EXPECTED
00100100
-----------------------------------------
I103.5: FAILURE (HEAD STOCK #1RET)
I103.1: FAILURE (LH VIBRATION RET)
RECOMMENDED TO CHECK: 
26<--EXPECTED
00100110
25<--EXPECTED
00100101
I103.0: FAILURE (LH VIBRATION ADV)
way: ['16', '6', '26']

#############################
date and time = 2023-04-19 05:16:09
16 <-- FAILURE DETECTED


---FAILURE LOG---
POSSIBLE NEXT STATES: states: {'24': 2179, '25': 30}
last state: 26
state_list: ['24', '25']
similar_list: [0.625, 0.5]
score_list: [2.236419194205523, 1.013580805794477]
dict_word_score: {'24': 2.236419194205523, '25': 1.013580805794477}

--------FAILURE--------
16<--FOUND
00010110
24<--EXPECTED
00100100
-----------------------------------------
I103.5: FAILURE (HEAD STOCK #1RET)
I103.4: FAILURE (HEAD STOCK #1ADV)
I103.1: FAILURE (LH VIBRATION RET)
RECOMMENDED TO CHECK: 
26<--EXPECTED
00100110
25<--EXPECTED
00100101
I103.0: FAILURE (LH VIBRATION ADV)
way: ['26']

#############################
date and time = 2023-06-29 19:20:42
16 <-- FAILURE DETECTED


---FAILURE LOG---
POSSIBLE NEXT STATES: states: {'26': 989}
last state: 6
state_list: ['26']
similar_list: [0.75]
score_list: [2.5]
dict_word_score: {'26': 2.5}

--------FAILURE--------
16<--FOUND
00010110
26<--EXPECTED
00100110
-----------------------------------------
I103.5: FAILURE (HEAD STOCK #1RET)
I103.4: FAILURE (HEAD STOCK #1ADV)
RECOMMENDED TO CHECK: 
6<--EXPECTED
00000110
way: ['6']

#############################
date and time = 2023-07-03 02:30:28
16 <-- FAILURE DETECTED


---FAILURE LOG---
POSSIBLE NEXT STATES: states: {'26': 999}
last state: 6
state_list: ['26']
similar_list: [0.75]
score_list: [2.5]
dict_word_score: {'26': 2.5}

--------FAILURE--------
16<--FOUND
00010110
26<--EXPECTED
00100110
-----------------------------------------
I103.5: FAILURE (HEAD STOCK #1RET)
I103.4: FAILURE (HEAD STOCK #1ADV)
RECOMMENDED TO CHECK: 
6<--EXPECTED
00000110
way: ['6']

#############################
date and time = 2023-07-03 16:21:24
16 <-- FAILURE DETECTED


---FAILURE LOG---
POSSIBLE NEXT STATES: states: {'26': 1002}
last state: 6
state_list: ['26']
similar_list: [0.75]
score_list: [2.5]
dict_word_score: {'26': 2.5}

--------FAILURE--------
16<--FOUND
00010110
26<--EXPECTED
00100110
-----------------------------------------
I103.5: FAILURE (HEAD STOCK #1RET)
I103.4: FAILURE (HEAD STOCK #1ADV)
RECOMMENDED TO CHECK: 
6<--EXPECTED
00000110
way: ['6']

#############################
date and time = 2023-07-18 15:37:44
0 <-- FAILURE DETECTED


---FAILURE LOG---
POSSIBLE NEXT STATES: states: {'16': 2134, '1a': 4491, '6': 79, '26': 22, '25': 31}
last state: None
state_list: ['16', '1a', '6', '26', '25']
similar_list: [0.625, 0.625, 0.75, 0.625, 0.625]
score_list: [1.5658206304573035, 1.9146440728133787, 1.5116915791031522, 1.2532558827882196, 1.2545878348379458]
dict_word_score: {'1a': 1.9146440728133787, '16': 1.5658206304573035, '6': 1.5116915791031522, '25': 1.2545878348379458, '26': 1.2532558827882196}

--------FAILURE--------
0<--FOUND
00000000
1a<--EXPECTED
00011010
-----------------------------------------
I103.4: FAILURE (HEAD STOCK #1ADV)
I103.3: FAILURE (DRIVE LINE RET)
I103.1: FAILURE (LH VIBRATION RET)
RECOMMENDED TO CHECK: 
16<--EXPECTED
00010110
I103.2: FAILURE (DRIVE LINE ADV)
6<--EXPECTED
00000110
25<--EXPECTED
00100101
I103.5: FAILURE (HEAD STOCK #1RET)
I103.0: FAILURE (LH VIBRATION ADV)
26<--EXPECTED
00100110
way: []