

#############################
date and time = 2023-04-16 15:01:32
2 <-- FAILURE DETECTED

RECOMMENDED TO CHECK: 
42<--EXPECTED
01000010
I108.6: FAILURE (SHUTTLE #1 PALLET ARRIVE)
way: ['42']

#############################
date and time = 2023-04-16 15:09:21
2 <-- FAILURE DETECTED

RECOMMENDED TO CHECK: 
42<--EXPECTED
01000010
I108.6: FAILURE (SHUTTLE #1 PALLET ARRIVE)
way: ['2', '42']

#############################
date and time = 2023-06-16 19:46:27
25 <-- FAILURE DETECTED


---FAILURE LOG---
POSSIBLE NEXT STATES: states: {'42': 55, '31': 2655, '2': 2644, '5': 42, '35': 5}
last state: None
state_list: ['42', '31', '2', '5', '35']
similar_list: [0.375, 0.75, 0.5, 0.875, 0.875]
score_list: [0.7601832993890021, 1.9915756341418256, 1.4895389742640253, 1.757776337715238, 1.7509257544899093]
dict_word_score: {'31': 1.9915756341418256, '5': 1.757776337715238, '35': 1.7509257544899093, '2': 1.4895389742640253, '42': 0.7601832993890021}

--------FAILURE--------
25<--FOUND
00100101
31<--EXPECTED
00110001
-----------------------------------------
I108.4: FAILURE (SHUTTLE #2 PALLET POSITION DETECT#1)
I108.2: FAILURE (SHUTTLE #2 PALLET ARRIVE)
RECOMMENDED TO CHECK: 
5<--EXPECTED
00000101
I108.5: FAILURE (SHUTTLE #2 PALLET POSITION DETECT#2)
35<--EXPECTED
00110101
2<--EXPECTED
00000010
I108.1: FAILURE (SHUTTLE SHIFT RET)
I108.0: FAILURE (SHUTTLE SHIFT ADV)
42<--EXPECTED
01000010
I108.6: FAILURE (SHUTTLE #1 PALLET ARRIVE)
way: []

#############################
date and time = 2023-07-14 09:18:44
25 <-- FAILURE DETECTED


---FAILURE LOG---
POSSIBLE NEXT STATES: states: {'42': 71, '31': 3162, '2': 3151, '5': 57, '35': 5}
last state: None
state_list: ['42', '31', '2', '5', '35']
similar_list: [0.375, 0.75, 0.5, 0.875, 0.875]
score_list: [0.7610145826869377, 1.9905367669872789, 1.4888302823456407, 1.7588426931430345, 1.7507756748371084]
dict_word_score: {'31': 1.9905367669872789, '5': 1.7588426931430345, '35': 1.7507756748371084, '2': 1.4888302823456407, '42': 0.7610145826869377}

--------FAILURE--------
25<--FOUND
00100101
31<--EXPECTED
00110001
-----------------------------------------
I108.4: FAILURE (SHUTTLE #2 PALLET POSITION DETECT#1)
I108.2: FAILURE (SHUTTLE #2 PALLET ARRIVE)
RECOMMENDED TO CHECK: 
5<--EXPECTED
00000101
I108.5: FAILURE (SHUTTLE #2 PALLET POSITION DETECT#2)
35<--EXPECTED
00110101
2<--EXPECTED
00000010
I108.1: FAILURE (SHUTTLE SHIFT RET)
I108.0: FAILURE (SHUTTLE SHIFT ADV)
42<--EXPECTED
01000010
I108.6: FAILURE (SHUTTLE #1 PALLET ARRIVE)
way: []

#############################
date and time = 2023-07-18 15:37:44
0 <-- FAILURE DETECTED


---FAILURE LOG---
POSSIBLE NEXT STATES: states: {'42': 75, '31': 3242, '2': 3222, '5': 60, '35': 5}
last state: None
state_list: ['42', '31', '2', '5', '35']
similar_list: [0.75, 0.625, 0.875, 0.75, 0.5]
score_list: [1.5113567534827377, 1.7409145972138098, 2.237886129618413, 1.5090854027861902, 1.0007571168988492]
dict_word_score: {'2': 2.237886129618413, '31': 1.7409145972138098, '42': 1.5113567534827377, '5': 1.5090854027861902, '35': 1.0007571168988492}

--------FAILURE--------
0<--FOUND
00000000
2<--EXPECTED
00000010
-----------------------------------------
I108.1: FAILURE (SHUTTLE SHIFT RET)
RECOMMENDED TO CHECK: 
31<--EXPECTED
00110001
I108.5: FAILURE (SHUTTLE #2 PALLET POSITION DETECT#2)
I108.4: FAILURE (SHUTTLE #2 PALLET POSITION DETECT#1)
I108.0: FAILURE (SHUTTLE SHIFT ADV)
42<--EXPECTED
01000010
I108.6: FAILURE (SHUTTLE #1 PALLET ARRIVE)
5<--EXPECTED
00000101
I108.2: FAILURE (SHUTTLE #2 PALLET ARRIVE)
35<--EXPECTED
00110101
way: []