

#############################
date and time = 2023-03-15 04:24:20
c <-- FAILURE DETECTED


---FAILURE LOG---
POSSIBLE NEXT STATES: states: {'2c': 2}
last state: 2e
state_list: ['2c']
similar_list: [11]
score_list: [24]
dict_word_score: {'2c': 24}

--------FAILURE--------
c<--FOUND
00001100
2c<--EXPECTED
00101100
-----------------------------------------
I109.5: FAILURE (SHUTTLE #2 PALLET PASS [PH])
RECOMMENDED TO CHECK: 
2e<--EXPECTED
00101110
I109.1: FAILURE (SHUTTLE #1 PALLET POSITION DETECT#2)
way: ['4f', '6f', '2f', '2e']

#############################
date and time = 2023-03-15 14:48:37
2e <-- FAILURE DETECTED


---FAILURE LOG---
POSSIBLE NEXT STATES: states: {'2f': 450, '4f': 718, 'e': 227, 'c': 87, '6f': 141, '2c': 1}
last state: f
state_list: ['2f', '4f', 'e', 'c', '6f', '2c']
similar_list: [15, 11, 13, 10, 14, 13]
score_list: [480, 740, 253, 107, 169, 27]
dict_word_score: {'4f': 740, '2f': 480, 'e': 253, '6f': 169, 'c': 107, '2c': 27}

--------FAILURE--------
2e<--FOUND
00101110
4f<--EXPECTED
01001111
-----------------------------------------
I109.6: FAILURE (SHUTTLE #1 WORK DETECT [PH])
I109.5: FAILURE (SHUTTLE #2 PALLET PASS [PH])
I109.0: FAILURE (SHUTTLE #1 PALLET POSITION DETECT#1)
RECOMMENDED TO CHECK: 
f<--EXPECTED
00001111
2f<--EXPECTED
00101111
e<--EXPECTED
00001110
6f<--EXPECTED
01101111
c<--EXPECTED
00001100
I109.1: FAILURE (SHUTTLE #1 PALLET POSITION DETECT#2)
2c<--EXPECTED
00101100
way: ['4f', 'f']

#############################
date and time = 2023-03-21 20:05:59
f <-- FAILURE DETECTED


---FAILURE LOG---
POSSIBLE NEXT STATES: states: {'4f': 454, '2f': 6}
last state: 6f
state_list: ['4f', '2f']
similar_list: [15, 15]
score_list: [484, 36]
dict_word_score: {'4f': 484, '2f': 36}

--------FAILURE--------
f<--FOUND
00001111
4f<--EXPECTED
01001111
-----------------------------------------
I109.6: FAILURE (SHUTTLE #1 WORK DETECT [PH])
RECOMMENDED TO CHECK: 
6f<--EXPECTED
01101111
I109.5: FAILURE (SHUTTLE #2 PALLET PASS [PH])
2f<--EXPECTED
00101111
way: ['4f', 'f', '4f', '6f']

#############################
date and time = 2023-03-22 12:24:41
2f <-- FAILURE DETECTED


---FAILURE LOG---
POSSIBLE NEXT STATES: states: {'f': 971, '4d': 52, '6f': 11, '4e': 21}
last state: 4f
state_list: ['f', '4d', '6f', '4e']
similar_list: [15, 11, 17, 11]
score_list: [1001, 74, 45, 43]
dict_word_score: {'f': 1001, '4d': 74, '6f': 45, '4e': 43}

--------FAILURE--------
2f<--FOUND
00101111
f<--EXPECTED
00001111
-----------------------------------------
I109.5: FAILURE (SHUTTLE #2 PALLET PASS [PH])
RECOMMENDED TO CHECK: 
4f<--EXPECTED
01001111
I109.6: FAILURE (SHUTTLE #1 WORK DETECT [PH])
4d<--EXPECTED
01001101
I109.1: FAILURE (SHUTTLE #1 PALLET POSITION DETECT#2)
6f<--EXPECTED
01101111
4e<--EXPECTED
01001110
I109.0: FAILURE (SHUTTLE #1 PALLET POSITION DETECT#1)
way: ['4f']

#############################
date and time = 2023-03-28 01:39:20
9c <-- FAILURE DETECTED


---FAILURE LOG---
POSSIBLE NEXT STATES: states: {'8c': 425, '1c': 2715, '4c': 947, 'e': 304, 'f': 227, '2c': 42}
last state: c
state_list: ['8c', '1c', '4c', 'e', 'f', '2c']
similar_list: [13, 13, 9, 9, 8, 9]
score_list: [451, 2741, 965, 322, 243, 60]
dict_word_score: {'1c': 2741, '4c': 965, '8c': 451, 'e': 322, 'f': 243, '2c': 60}

--------FAILURE--------
9c<--FOUND
10011100
1c<--EXPECTED
00011100
-----------------------------------------
I109.7: FAILURE (SHUTTLE #1 PALLET PASS [PH])
RECOMMENDED TO CHECK: 
c<--EXPECTED
00001100
I109.4: FAILURE (SHUTTLE #2 WORK DETECT [PH])
4c<--EXPECTED
01001100
I109.6: FAILURE (SHUTTLE #1 WORK DETECT [PH])
8c<--EXPECTED
10001100
e<--EXPECTED
00001110
I109.1: FAILURE (SHUTTLE #1 PALLET POSITION DETECT#2)
f<--EXPECTED
00001111
I109.0: FAILURE (SHUTTLE #1 PALLET POSITION DETECT#1)
2c<--EXPECTED
00101100
I109.5: FAILURE (SHUTTLE #2 PALLET PASS [PH])
way: ['1c', 'c']

#############################
date and time = 2023-03-28 07:09:23
4f <-- FAILURE DETECTED


---FAILURE LOG---
POSSIBLE NEXT STATES: states: {'6f': 264, 'f': 451, '2e': 2, '2c': 4}
last state: 2f
state_list: ['6f', 'f', '2e', '2c']
similar_list: [17, 15, 11, 8]
score_list: [298, 481, 24, 20]
dict_word_score: {'f': 481, '6f': 298, '2e': 24, '2c': 20}

--------FAILURE--------
4f<--FOUND
01001111
f<--EXPECTED
00001111
-----------------------------------------
I109.6: FAILURE (SHUTTLE #1 WORK DETECT [PH])
RECOMMENDED TO CHECK: 
2f<--EXPECTED
00101111
I109.5: FAILURE (SHUTTLE #2 PALLET PASS [PH])
6f<--EXPECTED
01101111
2e<--EXPECTED
00101110
I109.0: FAILURE (SHUTTLE #1 PALLET POSITION DETECT#1)
2c<--EXPECTED
00101100
I109.1: FAILURE (SHUTTLE #1 PALLET POSITION DETECT#2)
way: ['f', '2f']

#############################
date and time = 2023-03-30 04:23:43
e <-- FAILURE DETECTED


---FAILURE LOG---
POSSIBLE NEXT STATES: states: {'6f': 264, 'f': 451, '2e': 2, '2c': 4}
last state: 2f
state_list: ['6f', 'f', '2e', '2c']
similar_list: [0.625, 0.875, 0.875, 0.75]
score_list: [1.6161581137309293, 2.3755201109570043, 1.7527739251040222, 1.5055478502080444]
dict_word_score: {'f': 2.3755201109570043, '2e': 1.7527739251040222, '6f': 1.6161581137309293, '2c': 1.5055478502080444}

--------FAILURE--------
e<--FOUND
00001110
f<--EXPECTED
00001111
-----------------------------------------
I109.0: FAILURE (SHUTTLE #1 PALLET POSITION DETECT#1)
RECOMMENDED TO CHECK: 
2f<--EXPECTED
00101111
I109.5: FAILURE (SHUTTLE #2 PALLET PASS [PH])
2e<--EXPECTED
00101110
6f<--EXPECTED
01101111
I109.6: FAILURE (SHUTTLE #1 WORK DETECT [PH])
2c<--EXPECTED
00101100
I109.1: FAILURE (SHUTTLE #1 PALLET POSITION DETECT#2)
way: ['4f', '6f', '2f']

#############################
date and time = 2023-03-30 20:52:31
1f <-- FAILURE DETECTED


---FAILURE LOG---
POSSIBLE NEXT STATES: states: {'2f': 688, '4f': 1123, 'e': 297, 'c': 202, '6f': 273, '2c': 1}
last state: f
state_list: ['2f', '4f', 'e', 'c', '6f', '2c']
similar_list: [0.75, 0.75, 0.75, 0.625, 0.625, 0.5]
score_list: [1.7662538699690402, 1.9345975232198143, 1.6149380804953561, 1.328173374613003, 1.3556501547987616, 1.0003869969040247]
dict_word_score: {'4f': 1.9345975232198143, '2f': 1.7662538699690402, 'e': 1.6149380804953561, '6f': 1.3556501547987616, 'c': 1.328173374613003, '2c': 1.0003869969040247}

--------FAILURE--------
1f<--FOUND
00011111
4f<--EXPECTED
01001111
-----------------------------------------
I109.6: FAILURE (SHUTTLE #1 WORK DETECT [PH])
I109.4: FAILURE (SHUTTLE #2 WORK DETECT [PH])
RECOMMENDED TO CHECK: 
f<--EXPECTED
00001111
2f<--EXPECTED
00101111
I109.5: FAILURE (SHUTTLE #2 PALLET PASS [PH])
e<--EXPECTED
00001110
I109.0: FAILURE (SHUTTLE #1 PALLET POSITION DETECT#1)
6f<--EXPECTED
01101111
c<--EXPECTED
00001100
I109.1: FAILURE (SHUTTLE #1 PALLET POSITION DETECT#2)
2c<--EXPECTED
00101100
way: ['f', '2f', 'f']

#############################
date and time = 2023-03-31 06:40:29
f <-- FAILURE DETECTED


---FAILURE LOG---
POSSIBLE NEXT STATES: states: {'4f': 544, '2f': 6}
last state: 6f
state_list: ['4f', '2f']
similar_list: [0.875, 0.875]
score_list: [2.7390909090909092, 1.760909090909091]
dict_word_score: {'4f': 2.7390909090909092, '2f': 1.760909090909091}

--------FAILURE--------
f<--FOUND
00001111
4f<--EXPECTED
01001111
-----------------------------------------
I109.6: FAILURE (SHUTTLE #1 WORK DETECT [PH])
RECOMMENDED TO CHECK: 
6f<--EXPECTED
01101111
I109.5: FAILURE (SHUTTLE #2 PALLET PASS [PH])
2f<--EXPECTED
00101111
way: ['f', '2f', '6f']

#############################
date and time = 2023-03-31 22:05:49
4f <-- FAILURE DETECTED


---FAILURE LOG---
POSSIBLE NEXT STATES: states: {'6f': 264, 'f': 451, '2e': 2, '2c': 4}
last state: 2f
state_list: ['6f', 'f', '2e', '2c']
similar_list: [0.875, 0.875, 0.625, 0.5]
score_list: [2.116158113730929, 2.3755201109570043, 1.2527739251040222, 1.0055478502080444]
dict_word_score: {'f': 2.3755201109570043, '6f': 2.116158113730929, '2e': 1.2527739251040222, '2c': 1.0055478502080444}

--------FAILURE--------
4f<--FOUND
01001111
f<--EXPECTED
00001111
-----------------------------------------
I109.6: FAILURE (SHUTTLE #1 WORK DETECT [PH])
RECOMMENDED TO CHECK: 
2f<--EXPECTED
00101111
I109.5: FAILURE (SHUTTLE #2 PALLET PASS [PH])
6f<--EXPECTED
01101111
2e<--EXPECTED
00101110
I109.0: FAILURE (SHUTTLE #1 PALLET POSITION DETECT#1)
2c<--EXPECTED
00101100
I109.1: FAILURE (SHUTTLE #1 PALLET POSITION DETECT#2)
way: ['f', '2f']

#############################
date and time = 2023-03-31 22:40:23
4f <-- FAILURE DETECTED


---FAILURE LOG---
POSSIBLE NEXT STATES: states: {'6f': 264, 'f': 451, '2e': 2, '2c': 4}
last state: 2f
state_list: ['6f', 'f', '2e', '2c']
similar_list: [0.875, 0.875, 0.625, 0.5]
score_list: [2.116158113730929, 2.3755201109570043, 1.2527739251040222, 1.0055478502080444]
dict_word_score: {'f': 2.3755201109570043, '6f': 2.116158113730929, '2e': 1.2527739251040222, '2c': 1.0055478502080444}

--------FAILURE--------
4f<--FOUND
01001111
f<--EXPECTED
00001111
-----------------------------------------
I109.6: FAILURE (SHUTTLE #1 WORK DETECT [PH])
RECOMMENDED TO CHECK: 
2f<--EXPECTED
00101111
I109.5: FAILURE (SHUTTLE #2 PALLET PASS [PH])
6f<--EXPECTED
01101111
2e<--EXPECTED
00101110
I109.0: FAILURE (SHUTTLE #1 PALLET POSITION DETECT#1)
2c<--EXPECTED
00101100
I109.1: FAILURE (SHUTTLE #1 PALLET POSITION DETECT#2)
way: ['f', '2f', '6f', '2f']

#############################
date and time = 2023-04-03 12:11:10
2f <-- FAILURE DETECTED


---FAILURE LOG---
POSSIBLE NEXT STATES: states: {'f': 1175, '4d': 57, '6f': 11, '4e': 25}
last state: 4f
state_list: ['f', '4d', '6f', '4e']
similar_list: [0.875, 0.625, 0.875, 0.625]
score_list: [2.676656151419558, 1.2949526813880126, 1.7586750788643533, 1.2697160883280758]
dict_word_score: {'f': 2.676656151419558, '6f': 1.7586750788643533, '4d': 1.2949526813880126, '4e': 1.2697160883280758}

--------FAILURE--------
2f<--FOUND
00101111
f<--EXPECTED
00001111
-----------------------------------------
I109.5: FAILURE (SHUTTLE #2 PALLET PASS [PH])
RECOMMENDED TO CHECK: 
4f<--EXPECTED
01001111
I109.6: FAILURE (SHUTTLE #1 WORK DETECT [PH])
6f<--EXPECTED
01101111
4d<--EXPECTED
01001101
I109.1: FAILURE (SHUTTLE #1 PALLET POSITION DETECT#2)
4e<--EXPECTED
01001110
I109.0: FAILURE (SHUTTLE #1 PALLET POSITION DETECT#1)
way: ['4f']

#############################
date and time = 2023-04-03 22:41:03
4f <-- FAILURE DETECTED


---FAILURE LOG---
POSSIBLE NEXT STATES: states: {'6f': 274, 'f': 466, '2e': 2, '2c': 4}
last state: 2f
state_list: ['6f', 'f', '2e', '2c']
similar_list: [0.875, 0.875, 0.625, 0.5]
score_list: [2.1172922252010724, 2.374664879356568, 1.252680965147453, 1.0053619302949062]
dict_word_score: {'f': 2.374664879356568, '6f': 2.1172922252010724, '2e': 1.252680965147453, '2c': 1.0053619302949062}

--------FAILURE--------
4f<--FOUND
01001111
f<--EXPECTED
00001111
-----------------------------------------
I109.6: FAILURE (SHUTTLE #1 WORK DETECT [PH])
RECOMMENDED TO CHECK: 
2f<--EXPECTED
00101111
I109.5: FAILURE (SHUTTLE #2 PALLET PASS [PH])
6f<--EXPECTED
01101111
2e<--EXPECTED
00101110
I109.0: FAILURE (SHUTTLE #1 PALLET POSITION DETECT#1)
2c<--EXPECTED
00101100
I109.1: FAILURE (SHUTTLE #1 PALLET POSITION DETECT#2)
way: ['f', '2f']

#############################
date and time = 2023-04-04 23:27:09
9c <-- FAILURE DETECTED


---FAILURE LOG---
POSSIBLE NEXT STATES: states: {'8c': 438, '1c': 2797, '4c': 976, 'e': 315, 'f': 231, '2c': 43}
last state: c
state_list: ['8c', '1c', '4c', 'e', 'f', '2c']
similar_list: [0.875, 0.875, 0.625, 0.625, 0.5, 0.625]
score_list: [1.84125, 2.3327083333333336, 1.4533333333333334, 1.315625, 1.048125, 1.2589583333333334]
dict_word_score: {'1c': 2.3327083333333336, '8c': 1.84125, '4c': 1.4533333333333334, 'e': 1.315625, '2c': 1.2589583333333334, 'f': 1.048125}

--------FAILURE--------
9c<--FOUND
10011100
1c<--EXPECTED
00011100
-----------------------------------------
I109.7: FAILURE (SHUTTLE #1 PALLET PASS [PH])
RECOMMENDED TO CHECK: 
c<--EXPECTED
00001100
I109.4: FAILURE (SHUTTLE #2 WORK DETECT [PH])
8c<--EXPECTED
10001100
4c<--EXPECTED
01001100
I109.6: FAILURE (SHUTTLE #1 WORK DETECT [PH])
e<--EXPECTED
00001110
I109.1: FAILURE (SHUTTLE #1 PALLET POSITION DETECT#2)
2c<--EXPECTED
00101100
I109.5: FAILURE (SHUTTLE #2 PALLET PASS [PH])
f<--EXPECTED
00001111
I109.0: FAILURE (SHUTTLE #1 PALLET POSITION DETECT#1)
way: ['c']

#############################
date and time = 2023-04-05 04:04:25
6d <-- FAILURE DETECTED


---FAILURE LOG---
POSSIBLE NEXT STATES: states: {'4f': 559, '2f': 6}
last state: 6f
state_list: ['4f', '2f']
similar_list: [0.75, 0.75]
score_list: [2.4893805309734516, 1.5106194690265486]
dict_word_score: {'4f': 2.4893805309734516, '2f': 1.5106194690265486}

--------FAILURE--------
6d<--FOUND
01101101
4f<--EXPECTED
01001111
-----------------------------------------
I109.5: FAILURE (SHUTTLE #2 PALLET PASS [PH])
I109.1: FAILURE (SHUTTLE #1 PALLET POSITION DETECT#2)
RECOMMENDED TO CHECK: 
6f<--EXPECTED
01101111
2f<--EXPECTED
00101111
I109.6: FAILURE (SHUTTLE #1 WORK DETECT [PH])
way: ['4f', '6f']

#############################
date and time = 2023-04-10 17:30:25
4f <-- FAILURE DETECTED


---FAILURE LOG---
POSSIBLE NEXT STATES: states: {'6f': 276, 'f': 472, '2e': 2, '2c': 4}
last state: 2f
state_list: ['6f', 'f', '2e', '2c']
similar_list: [0.875, 0.875, 0.625, 0.5]
score_list: [2.1160477453580904, 2.3759946949602124, 1.2526525198938991, 1.0053050397877985]
dict_word_score: {'f': 2.3759946949602124, '6f': 2.1160477453580904, '2e': 1.2526525198938991, '2c': 1.0053050397877985}

--------FAILURE--------
4f<--FOUND
01001111
f<--EXPECTED
00001111
-----------------------------------------
I109.6: FAILURE (SHUTTLE #1 WORK DETECT [PH])
RECOMMENDED TO CHECK: 
2f<--EXPECTED
00101111
I109.5: FAILURE (SHUTTLE #2 PALLET PASS [PH])
6f<--EXPECTED
01101111
2e<--EXPECTED
00101110
I109.0: FAILURE (SHUTTLE #1 PALLET POSITION DETECT#1)
2c<--EXPECTED
00101100
I109.1: FAILURE (SHUTTLE #1 PALLET POSITION DETECT#2)
way: ['f', '2f', '6f', '2f']

#############################
date and time = 2023-04-10 18:18:47
9c <-- FAILURE DETECTED


---FAILURE LOG---
POSSIBLE NEXT STATES: states: {'8c': 443, '1c': 2828, '4c': 988, 'e': 318, 'f': 234, '2c': 43}
last state: c
state_list: ['8c', '1c', '4c', 'e', 'f', '2c']
similar_list: [0.875, 0.875, 0.625, 0.625, 0.5, 0.625]
score_list: [1.8412649361351463, 2.3326122785331687, 1.453543469303667, 1.315512978986403, 1.0482076637824476, 1.2588586732591678]
dict_word_score: {'1c': 2.3326122785331687, '8c': 1.8412649361351463, '4c': 1.453543469303667, 'e': 1.315512978986403, '2c': 1.2588586732591678, 'f': 1.0482076637824476}

--------FAILURE--------
9c<--FOUND
10011100
1c<--EXPECTED
00011100
-----------------------------------------
I109.7: FAILURE (SHUTTLE #1 PALLET PASS [PH])
RECOMMENDED TO CHECK: 
c<--EXPECTED
00001100
I109.4: FAILURE (SHUTTLE #2 WORK DETECT [PH])
8c<--EXPECTED
10001100
4c<--EXPECTED
01001100
I109.6: FAILURE (SHUTTLE #1 WORK DETECT [PH])
e<--EXPECTED
00001110
I109.1: FAILURE (SHUTTLE #1 PALLET POSITION DETECT#2)
2c<--EXPECTED
00101100
I109.5: FAILURE (SHUTTLE #2 PALLET PASS [PH])
f<--EXPECTED
00001111
I109.0: FAILURE (SHUTTLE #1 PALLET POSITION DETECT#1)
way: ['c', '1c', 'c']

#############################
date and time = 2023-04-11 02:06:52
9c <-- FAILURE DETECTED


---FAILURE LOG---
POSSIBLE NEXT STATES: states: {'8c': 443, '1c': 2828, '4c': 988, 'e': 318, 'f': 234, '2c': 43}
last state: c
state_list: ['8c', '1c', '4c', 'e', 'f', '2c']
similar_list: [0.875, 0.875, 0.625, 0.625, 0.5, 0.625]
score_list: [1.8412649361351463, 2.3326122785331687, 1.453543469303667, 1.315512978986403, 1.0482076637824476, 1.2588586732591678]
dict_word_score: {'1c': 2.3326122785331687, '8c': 1.8412649361351463, '4c': 1.453543469303667, 'e': 1.315512978986403, '2c': 1.2588586732591678, 'f': 1.0482076637824476}

--------FAILURE--------
9c<--FOUND
10011100
1c<--EXPECTED
00011100
-----------------------------------------
I109.7: FAILURE (SHUTTLE #1 PALLET PASS [PH])
RECOMMENDED TO CHECK: 
c<--EXPECTED
00001100
I109.4: FAILURE (SHUTTLE #2 WORK DETECT [PH])
8c<--EXPECTED
10001100
4c<--EXPECTED
01001100
I109.6: FAILURE (SHUTTLE #1 WORK DETECT [PH])
e<--EXPECTED
00001110
I109.1: FAILURE (SHUTTLE #1 PALLET POSITION DETECT#2)
2c<--EXPECTED
00101100
I109.5: FAILURE (SHUTTLE #2 PALLET PASS [PH])
f<--EXPECTED
00001111
I109.0: FAILURE (SHUTTLE #1 PALLET POSITION DETECT#1)
way: ['c']

#############################
date and time = 2023-04-11 17:31:22
9c <-- FAILURE DETECTED


---FAILURE LOG---
POSSIBLE NEXT STATES: states: {'8c': 443, '1c': 2828, '4c': 988, 'e': 318, 'f': 234, '2c': 43}
last state: c
state_list: ['8c', '1c', '4c', 'e', 'f', '2c']
similar_list: [0.875, 0.875, 0.625, 0.625, 0.5, 0.625]
score_list: [1.8412649361351463, 2.3326122785331687, 1.453543469303667, 1.315512978986403, 1.0482076637824476, 1.2588586732591678]
dict_word_score: {'1c': 2.3326122785331687, '8c': 1.8412649361351463, '4c': 1.453543469303667, 'e': 1.315512978986403, '2c': 1.2588586732591678, 'f': 1.0482076637824476}

--------FAILURE--------
9c<--FOUND
10011100
1c<--EXPECTED
00011100
-----------------------------------------
I109.7: FAILURE (SHUTTLE #1 PALLET PASS [PH])
RECOMMENDED TO CHECK: 
c<--EXPECTED
00001100
I109.4: FAILURE (SHUTTLE #2 WORK DETECT [PH])
8c<--EXPECTED
10001100
4c<--EXPECTED
01001100
I109.6: FAILURE (SHUTTLE #1 WORK DETECT [PH])
e<--EXPECTED
00001110
I109.1: FAILURE (SHUTTLE #1 PALLET POSITION DETECT#2)
2c<--EXPECTED
00101100
I109.5: FAILURE (SHUTTLE #2 PALLET PASS [PH])
f<--EXPECTED
00001111
I109.0: FAILURE (SHUTTLE #1 PALLET POSITION DETECT#1)
way: ['1c', 'c']

#############################
date and time = 2023-04-12 03:03:24
4d <-- FAILURE DETECTED


---FAILURE LOG---
POSSIBLE NEXT STATES: states: {'1c': 630, 'c': 1085, '4f': 587, 'f': 995, '2f': 27, '6f': 2, '8c': 29, '2c': 1, '9c': 3}
last state: None
state_list: ['1c', 'c', '4f', 'f', '2f', '6f', '8c', '2c', '9c']
similar_list: [0.625, 0.75, 0.875, 0.75, 0.625, 0.75, 0.625, 0.625, 0.5]
score_list: [1.4375558201845788, 1.8230128014289968, 1.9247543911878535, 1.7962191128311997, 1.2580381065793391, 1.5005954153021732, 1.2586335218815123, 1.2502977076510866, 1.0008931229532598]
dict_word_score: {'4f': 1.9247543911878535, 'c': 1.8230128014289968, 'f': 1.7962191128311997, '6f': 1.5005954153021732, '1c': 1.4375558201845788, '8c': 1.2586335218815123, '2f': 1.2580381065793391, '2c': 1.2502977076510866, '9c': 1.0008931229532598}

--------FAILURE--------
4d<--FOUND
01001101
4f<--EXPECTED
01001111
-----------------------------------------
I109.1: FAILURE (SHUTTLE #1 PALLET POSITION DETECT#2)
RECOMMENDED TO CHECK: 
c<--EXPECTED
00001100
I109.6: FAILURE (SHUTTLE #1 WORK DETECT [PH])
I109.0: FAILURE (SHUTTLE #1 PALLET POSITION DETECT#1)
f<--EXPECTED
00001111
6f<--EXPECTED
01101111
I109.5: FAILURE (SHUTTLE #2 PALLET PASS [PH])
1c<--EXPECTED
00011100
I109.4: FAILURE (SHUTTLE #2 WORK DETECT [PH])
8c<--EXPECTED
10001100
I109.7: FAILURE (SHUTTLE #1 PALLET PASS [PH])
2f<--EXPECTED
00101111
2c<--EXPECTED
00101100
9c<--EXPECTED
10011100
way: []

#############################
date and time = 2023-04-12 21:26:39
2f <-- FAILURE DETECTED


---FAILURE LOG---
POSSIBLE NEXT STATES: states: {'f': 324, 'c': 315}
last state: e
state_list: ['f', 'c']
similar_list: [0.875, 0.625]
score_list: [2.257042253521127, 1.7429577464788732]
dict_word_score: {'f': 2.257042253521127, 'c': 1.7429577464788732}

--------FAILURE--------
2f<--FOUND
00101111
f<--EXPECTED
00001111
-----------------------------------------
I109.5: FAILURE (SHUTTLE #2 PALLET PASS [PH])
RECOMMENDED TO CHECK: 
e<--EXPECTED
00001110
I109.0: FAILURE (SHUTTLE #1 PALLET POSITION DETECT#1)
c<--EXPECTED
00001100
I109.1: FAILURE (SHUTTLE #1 PALLET POSITION DETECT#2)
way: ['c', '8c', 'c', '1c', 'c', '1c', 'c', '1c', 'c', '1c', 'c', '1c', 'c', '4c', 'c', 'e']

#############################
date and time = 2023-04-12 21:28:43
e <-- FAILURE DETECTED


---FAILURE LOG---
POSSIBLE NEXT STATES: states: {'1c': 635, 'c': 1098, '4f': 592, 'f': 1006, '2f': 27, '6f': 2, '8c': 29, '2c': 1, '9c': 3, '4c': 1}
last state: None
state_list: ['1c', 'c', '4f', 'f', '2f', '6f', '8c', '2c', '9c', '4c']
similar_list: [0.75, 0.875, 0.75, 0.875, 0.75, 0.625, 0.75, 0.75, 0.625, 0.75]
score_list: [1.6870948733058337, 2.073512080141426, 1.6744254566882735, 2.046405421331762, 1.507955215085445, 1.2505892751915144, 1.5085444902769594, 1.5002946375957573, 1.2508839127872717, 1.5002946375957573]
dict_word_score: {'c': 2.073512080141426, 'f': 2.046405421331762, '1c': 1.6870948733058337, '4f': 1.6744254566882735, '8c': 1.5085444902769594, '2f': 1.507955215085445, '2c': 1.5002946375957573, '4c': 1.5002946375957573, '9c': 1.2508839127872717, '6f': 1.2505892751915144}

--------FAILURE--------
e<--FOUND
00001110
c<--EXPECTED
00001100
-----------------------------------------
I109.1: FAILURE (SHUTTLE #1 PALLET POSITION DETECT#2)
RECOMMENDED TO CHECK: 
f<--EXPECTED
00001111
I109.0: FAILURE (SHUTTLE #1 PALLET POSITION DETECT#1)
1c<--EXPECTED
00011100
I109.4: FAILURE (SHUTTLE #2 WORK DETECT [PH])
4f<--EXPECTED
01001111
I109.6: FAILURE (SHUTTLE #1 WORK DETECT [PH])
8c<--EXPECTED
10001100
I109.7: FAILURE (SHUTTLE #1 PALLET PASS [PH])
2f<--EXPECTED
00101111
I109.5: FAILURE (SHUTTLE #2 PALLET PASS [PH])
2c<--EXPECTED
00101100
4c<--EXPECTED
01001100
9c<--EXPECTED
10011100
6f<--EXPECTED
01101111
way: []

#############################
date and time = 2023-04-13 04:45:35
2f <-- FAILURE DETECTED


---FAILURE LOG---
POSSIBLE NEXT STATES: states: {'8c': 449, '1c': 2865, '4c': 999, 'e': 324, 'f': 234, '2c': 43}
last state: c
state_list: ['8c', '1c', '4c', 'e', 'f', '2c']
similar_list: [0.5, 0.5, 0.5, 0.75, 0.875, 0.75]
score_list: [1.0913715913715913, 1.5830280830280832, 1.2032967032967032, 1.565934065934066, 1.7976190476190477, 1.5087505087505086]
dict_word_score: {'f': 1.7976190476190477, '1c': 1.5830280830280832, 'e': 1.565934065934066, '2c': 1.5087505087505086, '4c': 1.2032967032967032, '8c': 1.0913715913715913}

--------FAILURE--------
2f<--FOUND
00101111
f<--EXPECTED
00001111
-----------------------------------------
I109.5: FAILURE (SHUTTLE #2 PALLET PASS [PH])
RECOMMENDED TO CHECK: 
c<--EXPECTED
00001100
I109.1: FAILURE (SHUTTLE #1 PALLET POSITION DETECT#2)
I109.0: FAILURE (SHUTTLE #1 PALLET POSITION DETECT#1)
1c<--EXPECTED
00011100
I109.4: FAILURE (SHUTTLE #2 WORK DETECT [PH])
e<--EXPECTED
00001110
2c<--EXPECTED
00101100
4c<--EXPECTED
01001100
I109.6: FAILURE (SHUTTLE #1 WORK DETECT [PH])
8c<--EXPECTED
10001100
I109.7: FAILURE (SHUTTLE #1 PALLET PASS [PH])
way: ['c', '8c', 'c', '1c', 'c', '1c', 'c', '1c', 'c', '4c', 'c']

#############################
date and time = 2023-04-14 01:50:09
2f <-- FAILURE DETECTED


---FAILURE LOG---
POSSIBLE NEXT STATES: states: {'f': 335, 'c': 326}
last state: e
state_list: ['f', 'c']
similar_list: [0.875, 0.625]
score_list: [2.2568078668683813, 1.7431921331316187]
dict_word_score: {'f': 2.2568078668683813, 'c': 1.7431921331316187}

--------FAILURE--------
2f<--FOUND
00101111
f<--EXPECTED
00001111
-----------------------------------------
I109.5: FAILURE (SHUTTLE #2 PALLET PASS [PH])
RECOMMENDED TO CHECK: 
e<--EXPECTED
00001110
I109.0: FAILURE (SHUTTLE #1 PALLET POSITION DETECT#1)
c<--EXPECTED
00001100
I109.1: FAILURE (SHUTTLE #1 PALLET POSITION DETECT#2)
way: ['1c', '9c', '1c', 'c', '4c', 'c', 'e']

#############################
date and time = 2023-04-14 15:32:22
4d <-- FAILURE DETECTED


---FAILURE LOG---
POSSIBLE NEXT STATES: states: {'2f': 761, '4f': 1211, 'e': 330, 'c': 210, '6f': 282, '2c': 1}
last state: f
state_list: ['2f', '4f', 'e', 'c', '6f', '2c']
similar_list: [0.625, 0.875, 0.625, 0.75, 0.75, 0.625]
score_list: [1.5222719141323793, 2.183273703041145, 1.368067978533095, 1.575134168157424, 1.6008944543828265, 1.2503577817531306]
dict_word_score: {'4f': 2.183273703041145, '6f': 1.6008944543828265, 'c': 1.575134168157424, '2f': 1.5222719141323793, 'e': 1.368067978533095, '2c': 1.2503577817531306}

--------FAILURE--------
4d<--FOUND
01001101
4f<--EXPECTED
01001111
-----------------------------------------
I109.1: FAILURE (SHUTTLE #1 PALLET POSITION DETECT#2)
RECOMMENDED TO CHECK: 
f<--EXPECTED
00001111
I109.6: FAILURE (SHUTTLE #1 WORK DETECT [PH])
6f<--EXPECTED
01101111
I109.5: FAILURE (SHUTTLE #2 PALLET PASS [PH])
c<--EXPECTED
00001100
I109.0: FAILURE (SHUTTLE #1 PALLET POSITION DETECT#1)
2f<--EXPECTED
00101111
e<--EXPECTED
00001110
2c<--EXPECTED
00101100
way: ['f', '2f', 'f', '4f', 'f', '4f', 'f']

#############################
date and time = 2023-04-14 18:35:41
4d <-- FAILURE DETECTED


---FAILURE LOG---
POSSIBLE NEXT STATES: states: {'2f': 761, '4f': 1211, 'e': 330, 'c': 210, '6f': 282, '2c': 1}
last state: f
state_list: ['2f', '4f', 'e', 'c', '6f', '2c']
similar_list: [0.625, 0.875, 0.625, 0.75, 0.75, 0.625]
score_list: [1.5222719141323793, 2.183273703041145, 1.368067978533095, 1.575134168157424, 1.6008944543828265, 1.2503577817531306]
dict_word_score: {'4f': 2.183273703041145, '6f': 1.6008944543828265, 'c': 1.575134168157424, '2f': 1.5222719141323793, 'e': 1.368067978533095, '2c': 1.2503577817531306}

--------FAILURE--------
4d<--FOUND
01001101
4f<--EXPECTED
01001111
-----------------------------------------
I109.1: FAILURE (SHUTTLE #1 PALLET POSITION DETECT#2)
RECOMMENDED TO CHECK: 
f<--EXPECTED
00001111
I109.6: FAILURE (SHUTTLE #1 WORK DETECT [PH])
6f<--EXPECTED
01101111
I109.5: FAILURE (SHUTTLE #2 PALLET PASS [PH])
c<--EXPECTED
00001100
I109.0: FAILURE (SHUTTLE #1 PALLET POSITION DETECT#1)
2f<--EXPECTED
00101111
e<--EXPECTED
00001110
2c<--EXPECTED
00101100
way: ['f', '2f', 'f', '4f', 'f']

#############################
date and time = 2023-04-16 15:24:46
5f <-- FAILURE DETECTED


---FAILURE LOG---
POSSIBLE NEXT STATES: states: {'f': 1234, '4d': 64, '6f': 11, '4e': 27}
last state: 4f
state_list: ['f', '4d', '6f', '4e']
similar_list: [0.75, 0.75, 0.75, 0.75]
score_list: [2.4236526946107784, 1.5479041916167664, 1.5082335329341316, 1.5202095808383234]
dict_word_score: {'f': 2.4236526946107784, '4d': 1.5479041916167664, '4e': 1.5202095808383234, '6f': 1.5082335329341316}

--------FAILURE--------
5f<--FOUND
01011111
f<--EXPECTED
00001111
-----------------------------------------
I109.6: FAILURE (SHUTTLE #1 WORK DETECT [PH])
I109.4: FAILURE (SHUTTLE #2 WORK DETECT [PH])
RECOMMENDED TO CHECK: 
4f<--EXPECTED
01001111
4d<--EXPECTED
01001101
I109.1: FAILURE (SHUTTLE #1 PALLET POSITION DETECT#2)
4e<--EXPECTED
01001110
I109.0: FAILURE (SHUTTLE #1 PALLET POSITION DETECT#1)
6f<--EXPECTED
01101111
I109.5: FAILURE (SHUTTLE #2 PALLET PASS [PH])
way: ['4f', '6f', '4f']

#############################
date and time = 2023-04-17 16:28:34
9c <-- FAILURE DETECTED


---FAILURE LOG---
POSSIBLE NEXT STATES: states: {'8c': 476, '1c': 3043, '4c': 1059, 'e': 353, 'f': 237, '2c': 46}
last state: c
state_list: ['8c', '1c', '4c', 'e', 'f', '2c']
similar_list: [0.875, 0.875, 0.625, 0.625, 0.5, 0.625]
score_list: [1.8412926735711546, 2.333621020329881, 1.4531070195627158, 1.3177023398542387, 1.0454545454545454, 1.2588224012274645]
dict_word_score: {'1c': 2.333621020329881, '8c': 1.8412926735711546, '4c': 1.4531070195627158, 'e': 1.3177023398542387, '2c': 1.2588224012274645, 'f': 1.0454545454545454}

--------FAILURE--------
9c<--FOUND
10011100
1c<--EXPECTED
00011100
-----------------------------------------
I109.7: FAILURE (SHUTTLE #1 PALLET PASS [PH])
RECOMMENDED TO CHECK: 
c<--EXPECTED
00001100
I109.4: FAILURE (SHUTTLE #2 WORK DETECT [PH])
8c<--EXPECTED
10001100
4c<--EXPECTED
01001100
I109.6: FAILURE (SHUTTLE #1 WORK DETECT [PH])
e<--EXPECTED
00001110
I109.1: FAILURE (SHUTTLE #1 PALLET POSITION DETECT#2)
2c<--EXPECTED
00101100
I109.5: FAILURE (SHUTTLE #2 PALLET PASS [PH])
f<--EXPECTED
00001111
I109.0: FAILURE (SHUTTLE #1 PALLET POSITION DETECT#1)
way: ['1c', 'c']

#############################
date and time = 2023-04-17 19:55:18
2f <-- FAILURE DETECTED


---FAILURE LOG---
POSSIBLE NEXT STATES: states: {'f': 353, 'c': 340}
last state: e
state_list: ['f', 'c']
similar_list: [0.875, 0.625]
score_list: [2.2593795093795093, 1.7406204906204907]
dict_word_score: {'f': 2.2593795093795093, 'c': 1.7406204906204907}

--------FAILURE--------
2f<--FOUND
00101111
f<--EXPECTED
00001111
-----------------------------------------
I109.5: FAILURE (SHUTTLE #2 PALLET PASS [PH])
RECOMMENDED TO CHECK: 
e<--EXPECTED
00001110
I109.0: FAILURE (SHUTTLE #1 PALLET POSITION DETECT#1)
c<--EXPECTED
00001100
I109.1: FAILURE (SHUTTLE #1 PALLET POSITION DETECT#2)
way: ['c', '8c', 'c', '1c', 'c', '1c', 'c', '1c', 'c', 'e']

#############################
date and time = 2023-04-17 20:12:46
2f <-- FAILURE DETECTED


---FAILURE LOG---
POSSIBLE NEXT STATES: states: {'f': 353, 'c': 340}
last state: e
state_list: ['f', 'c']
similar_list: [0.875, 0.625]
score_list: [2.2593795093795093, 1.7406204906204907]
dict_word_score: {'f': 2.2593795093795093, 'c': 1.7406204906204907}

--------FAILURE--------
2f<--FOUND
00101111
f<--EXPECTED
00001111
-----------------------------------------
I109.5: FAILURE (SHUTTLE #2 PALLET PASS [PH])
RECOMMENDED TO CHECK: 
e<--EXPECTED
00001110
I109.0: FAILURE (SHUTTLE #1 PALLET POSITION DETECT#1)
c<--EXPECTED
00001100
I109.1: FAILURE (SHUTTLE #1 PALLET POSITION DETECT#2)
way: ['c', '8c', 'c', '1c', 'c', '1c', 'c', '1c', 'c', '4c', 'c', 'e']

#############################
date and time = 2023-04-18 07:59:24
2c <-- FAILURE DETECTED


---FAILURE LOG---
POSSIBLE NEXT STATES: states: {'f': 353, 'c': 340}
last state: e
state_list: ['f', 'c']
similar_list: [0.625, 0.875]
score_list: [1.7593795093795093, 2.2406204906204907]
dict_word_score: {'c': 2.2406204906204907, 'f': 1.7593795093795093}

--------FAILURE--------
2c<--FOUND
00101100
c<--EXPECTED
00001100
-----------------------------------------
I109.5: FAILURE (SHUTTLE #2 PALLET PASS [PH])
RECOMMENDED TO CHECK: 
e<--EXPECTED
00001110
I109.1: FAILURE (SHUTTLE #1 PALLET POSITION DETECT#2)
f<--EXPECTED
00001111
I109.0: FAILURE (SHUTTLE #1 PALLET POSITION DETECT#1)
way: ['4f', 'f', 'e']

#############################
date and time = 2023-04-18 13:15:57
2f <-- FAILURE DETECTED


---FAILURE LOG---
POSSIBLE NEXT STATES: states: {'f': 357, 'c': 346}
last state: e
state_list: ['f', 'c']
similar_list: [0.875, 0.625]
score_list: [2.257823613086771, 1.742176386913229]
dict_word_score: {'f': 2.257823613086771, 'c': 1.742176386913229}

--------FAILURE--------
2f<--FOUND
00101111
f<--EXPECTED
00001111
-----------------------------------------
I109.5: FAILURE (SHUTTLE #2 PALLET PASS [PH])
RECOMMENDED TO CHECK: 
e<--EXPECTED
00001110
I109.0: FAILURE (SHUTTLE #1 PALLET POSITION DETECT#1)
c<--EXPECTED
00001100
I109.1: FAILURE (SHUTTLE #1 PALLET POSITION DETECT#2)
way: ['c', '8c', 'c', '1c', 'c', '1c', 'c', '1c', 'c', 'e']

#############################
date and time = 2023-04-24 19:14:04
2f <-- FAILURE DETECTED


---FAILURE LOG---
POSSIBLE NEXT STATES: states: {'f': 1307, '4d': 65, '6f': 12, '4e': 29}
last state: 4f
state_list: ['f', '4d', '6f', '4e']
similar_list: [0.875, 0.625, 0.875, 0.625]
score_list: [2.6749823071479124, 1.296001415428167, 1.7584925690021231, 1.2705237084217975]
dict_word_score: {'f': 2.6749823071479124, '6f': 1.7584925690021231, '4d': 1.296001415428167, '4e': 1.2705237084217975}

--------FAILURE--------
2f<--FOUND
00101111
f<--EXPECTED
00001111
-----------------------------------------
I109.5: FAILURE (SHUTTLE #2 PALLET PASS [PH])
RECOMMENDED TO CHECK: 
4f<--EXPECTED
01001111
I109.6: FAILURE (SHUTTLE #1 WORK DETECT [PH])
6f<--EXPECTED
01101111
4d<--EXPECTED
01001101
I109.1: FAILURE (SHUTTLE #1 PALLET POSITION DETECT#2)
4e<--EXPECTED
01001110
I109.0: FAILURE (SHUTTLE #1 PALLET POSITION DETECT#1)
way: ['4f']

#############################
date and time = 2023-04-24 23:55:17
f <-- FAILURE DETECTED


---FAILURE LOG---
POSSIBLE NEXT STATES: states: {'4f': 622, '2f': 7}
last state: 6f
state_list: ['4f', '2f']
similar_list: [0.875, 0.875]
score_list: [2.738871224165342, 1.761128775834658]
dict_word_score: {'4f': 2.738871224165342, '2f': 1.761128775834658}

--------FAILURE--------
f<--FOUND
00001111
4f<--EXPECTED
01001111
-----------------------------------------
I109.6: FAILURE (SHUTTLE #1 WORK DETECT [PH])
RECOMMENDED TO CHECK: 
6f<--EXPECTED
01101111
I109.5: FAILURE (SHUTTLE #2 PALLET PASS [PH])
2f<--EXPECTED
00101111
way: ['f', '2f', '6f']

#############################
date and time = 2023-04-27 11:53:14
2c <-- FAILURE DETECTED


---FAILURE LOG---
POSSIBLE NEXT STATES: states: {'f': 381, 'c': 370}
last state: e
state_list: ['f', 'c']
similar_list: [0.625, 0.875]
score_list: [1.757323568575233, 2.242676431424767]
dict_word_score: {'c': 2.242676431424767, 'f': 1.757323568575233}

--------FAILURE--------
2c<--FOUND
00101100
c<--EXPECTED
00001100
-----------------------------------------
I109.5: FAILURE (SHUTTLE #2 PALLET PASS [PH])
RECOMMENDED TO CHECK: 
e<--EXPECTED
00001110
I109.1: FAILURE (SHUTTLE #1 PALLET POSITION DETECT#2)
f<--EXPECTED
00001111
I109.0: FAILURE (SHUTTLE #1 PALLET POSITION DETECT#1)
way: ['4f', 'f', 'e']

#############################
date and time = 2023-04-27 23:33:24
2c <-- FAILURE DETECTED


---FAILURE LOG---
POSSIBLE NEXT STATES: states: {'f': 381, 'c': 370}
last state: e
state_list: ['f', 'c']
similar_list: [0.625, 0.875]
score_list: [1.757323568575233, 2.242676431424767]
dict_word_score: {'c': 2.242676431424767, 'f': 1.757323568575233}

--------FAILURE--------
2c<--FOUND
00101100
c<--EXPECTED
00001100
-----------------------------------------
I109.5: FAILURE (SHUTTLE #2 PALLET PASS [PH])
RECOMMENDED TO CHECK: 
e<--EXPECTED
00001110
I109.1: FAILURE (SHUTTLE #1 PALLET POSITION DETECT#2)
f<--EXPECTED
00001111
I109.0: FAILURE (SHUTTLE #1 PALLET POSITION DETECT#1)
way: ['4f', 'f', 'e']

#############################
date and time = 2023-05-04 17:19:09
e <-- FAILURE DETECTED


---FAILURE LOG---
POSSIBLE NEXT STATES: states: {'6f': 361, 'f': 566, '2e': 2, '2c': 5}
last state: 2f
state_list: ['6f', 'f', '2e', '2c']
similar_list: [0.625, 0.875, 0.875, 0.75]
score_list: [1.636509635974304, 2.355995717344754, 1.7521413276231264, 1.5053533190578159]
dict_word_score: {'f': 2.355995717344754, '2e': 1.7521413276231264, '6f': 1.636509635974304, '2c': 1.5053533190578159}

--------FAILURE--------
e<--FOUND
00001110
f<--EXPECTED
00001111
-----------------------------------------
I109.0: FAILURE (SHUTTLE #1 PALLET POSITION DETECT#1)
RECOMMENDED TO CHECK: 
2f<--EXPECTED
00101111
I109.5: FAILURE (SHUTTLE #2 PALLET PASS [PH])
2e<--EXPECTED
00101110
6f<--EXPECTED
01101111
I109.6: FAILURE (SHUTTLE #1 WORK DETECT [PH])
2c<--EXPECTED
00101100
I109.1: FAILURE (SHUTTLE #1 PALLET POSITION DETECT#2)
way: ['4f', '6f', '2f']

#############################
date and time = 2023-05-05 00:41:46
4f <-- FAILURE DETECTED


---FAILURE LOG---
POSSIBLE NEXT STATES: states: {'6f': 361, 'f': 566, '2e': 2, '2c': 5}
last state: 2f
state_list: ['6f', 'f', '2e', '2c']
similar_list: [0.875, 0.875, 0.625, 0.5]
score_list: [2.136509635974304, 2.355995717344754, 1.2521413276231264, 1.0053533190578159]
dict_word_score: {'f': 2.355995717344754, '6f': 2.136509635974304, '2e': 1.2521413276231264, '2c': 1.0053533190578159}

--------FAILURE--------
4f<--FOUND
01001111
f<--EXPECTED
00001111
-----------------------------------------
I109.6: FAILURE (SHUTTLE #1 WORK DETECT [PH])
RECOMMENDED TO CHECK: 
2f<--EXPECTED
00101111
I109.5: FAILURE (SHUTTLE #2 PALLET PASS [PH])
6f<--EXPECTED
01101111
2e<--EXPECTED
00101110
I109.0: FAILURE (SHUTTLE #1 PALLET POSITION DETECT#1)
2c<--EXPECTED
00101100
I109.1: FAILURE (SHUTTLE #1 PALLET POSITION DETECT#2)
way: ['f', '2f']

#############################
date and time = 2023-05-05 22:20:01
9c <-- FAILURE DETECTED


---FAILURE LOG---
POSSIBLE NEXT STATES: states: {'8c': 550, '1c': 3516, '4c': 1223, 'e': 410, 'f': 269, '2c': 53}
last state: c
state_list: ['8c', '1c', '4c', 'e', 'f', '2c']
similar_list: [0.875, 0.875, 0.625, 0.625, 0.5, 0.625]
score_list: [1.8413469523334993, 2.33395615346288, 1.4531224049161269, 1.3180950008304269, 1.044676963959475, 1.2588025244975918]
dict_word_score: {'1c': 2.33395615346288, '8c': 1.8413469523334993, '4c': 1.4531224049161269, 'e': 1.3180950008304269, '2c': 1.2588025244975918, 'f': 1.044676963959475}

--------FAILURE--------
9c<--FOUND
10011100
1c<--EXPECTED
00011100
-----------------------------------------
I109.7: FAILURE (SHUTTLE #1 PALLET PASS [PH])
RECOMMENDED TO CHECK: 
c<--EXPECTED
00001100
I109.4: FAILURE (SHUTTLE #2 WORK DETECT [PH])
8c<--EXPECTED
10001100
4c<--EXPECTED
01001100
I109.6: FAILURE (SHUTTLE #1 WORK DETECT [PH])
e<--EXPECTED
00001110
I109.1: FAILURE (SHUTTLE #1 PALLET POSITION DETECT#2)
2c<--EXPECTED
00101100
I109.5: FAILURE (SHUTTLE #2 PALLET PASS [PH])
f<--EXPECTED
00001111
I109.0: FAILURE (SHUTTLE #1 PALLET POSITION DETECT#1)
way: ['c']

#############################
date and time = 2023-05-09 22:04:03
6d <-- FAILURE DETECTED


---FAILURE LOG---
POSSIBLE NEXT STATES: states: {'4f': 839, '2f': 8}
last state: 6f
state_list: ['4f', '2f']
similar_list: [0.75, 0.75]
score_list: [2.490554899645809, 1.5094451003541913]
dict_word_score: {'4f': 2.490554899645809, '2f': 1.5094451003541913}

--------FAILURE--------
6d<--FOUND
01101101
4f<--EXPECTED
01001111
-----------------------------------------
I109.5: FAILURE (SHUTTLE #2 PALLET PASS [PH])
I109.1: FAILURE (SHUTTLE #1 PALLET POSITION DETECT#2)
RECOMMENDED TO CHECK: 
6f<--EXPECTED
01101111
2f<--EXPECTED
00101111
I109.6: FAILURE (SHUTTLE #1 WORK DETECT [PH])
way: ['4f', '6f']

#############################
date and time = 2023-05-12 07:35:15
4d <-- FAILURE DETECTED


---FAILURE LOG---
POSSIBLE NEXT STATES: states: {'1c': 954, 'c': 1640, '4f': 887, 'f': 1519, '2f': 32, '6f': 2, '8c': 37, '2c': 1, '9c': 3, '4c': 1}
last state: None
state_list: ['1c', 'c', '4f', 'f', '2f', '6f', '8c', '2c', '9c', '4c']
similar_list: [0.625, 0.75, 0.875, 0.75, 0.625, 0.75, 0.625, 0.625, 0.5, 0.875]
score_list: [1.4379432624113475, 1.8230890464933018, 1.9247438928289993, 1.799251379038613, 1.2563041765169425, 1.5003940110323088, 1.2572892040977148, 1.2501970055161544, 1.0005910165484633, 1.7501970055161544]
dict_word_score: {'4f': 1.9247438928289993, 'c': 1.8230890464933018, 'f': 1.799251379038613, '4c': 1.7501970055161544, '6f': 1.5003940110323088, '1c': 1.4379432624113475, '8c': 1.2572892040977148, '2f': 1.2563041765169425, '2c': 1.2501970055161544, '9c': 1.0005910165484633}

--------FAILURE--------
4d<--FOUND
01001101
4f<--EXPECTED
01001111
-----------------------------------------
I109.1: FAILURE (SHUTTLE #1 PALLET POSITION DETECT#2)
RECOMMENDED TO CHECK: 
c<--EXPECTED
00001100
I109.6: FAILURE (SHUTTLE #1 WORK DETECT [PH])
I109.0: FAILURE (SHUTTLE #1 PALLET POSITION DETECT#1)
f<--EXPECTED
00001111
4c<--EXPECTED
01001100
6f<--EXPECTED
01101111
I109.5: FAILURE (SHUTTLE #2 PALLET PASS [PH])
1c<--EXPECTED
00011100
I109.4: FAILURE (SHUTTLE #2 WORK DETECT [PH])
8c<--EXPECTED
10001100
I109.7: FAILURE (SHUTTLE #1 PALLET PASS [PH])
2f<--EXPECTED
00101111
2c<--EXPECTED
00101100
9c<--EXPECTED
10011100
way: []

#############################
date and time = 2023-05-12 07:35:33
4d <-- FAILURE DETECTED


---FAILURE LOG---
POSSIBLE NEXT STATES: states: {'1c': 954, 'c': 1640, '4f': 887, 'f': 1519, '2f': 32, '6f': 2, '8c': 37, '2c': 1, '9c': 3, '4c': 1}
last state: None
state_list: ['1c', 'c', '4f', 'f', '2f', '6f', '8c', '2c', '9c', '4c']
similar_list: [0.625, 0.75, 0.875, 0.75, 0.625, 0.75, 0.625, 0.625, 0.5, 0.875]
score_list: [1.4379432624113475, 1.8230890464933018, 1.9247438928289993, 1.799251379038613, 1.2563041765169425, 1.5003940110323088, 1.2572892040977148, 1.2501970055161544, 1.0005910165484633, 1.7501970055161544]
dict_word_score: {'4f': 1.9247438928289993, 'c': 1.8230890464933018, 'f': 1.799251379038613, '4c': 1.7501970055161544, '6f': 1.5003940110323088, '1c': 1.4379432624113475, '8c': 1.2572892040977148, '2f': 1.2563041765169425, '2c': 1.2501970055161544, '9c': 1.0005910165484633}

--------FAILURE--------
4d<--FOUND
01001101
4f<--EXPECTED
01001111
-----------------------------------------
I109.1: FAILURE (SHUTTLE #1 PALLET POSITION DETECT#2)
RECOMMENDED TO CHECK: 
c<--EXPECTED
00001100
I109.6: FAILURE (SHUTTLE #1 WORK DETECT [PH])
I109.0: FAILURE (SHUTTLE #1 PALLET POSITION DETECT#1)
f<--EXPECTED
00001111
4c<--EXPECTED
01001100
6f<--EXPECTED
01101111
I109.5: FAILURE (SHUTTLE #2 PALLET PASS [PH])
1c<--EXPECTED
00011100
I109.4: FAILURE (SHUTTLE #2 WORK DETECT [PH])
8c<--EXPECTED
10001100
I109.7: FAILURE (SHUTTLE #1 PALLET PASS [PH])
2f<--EXPECTED
00101111
2c<--EXPECTED
00101100
9c<--EXPECTED
10011100
way: []

#############################
date and time = 2023-05-12 10:38:43
9c <-- FAILURE DETECTED


---FAILURE LOG---
POSSIBLE NEXT STATES: states: {'8c': 678, '1c': 4386, '4c': 1512, 'e': 500, 'f': 340, '2c': 62}
last state: c
state_list: ['8c', '1c', '4c', 'e', 'f', '2c']
similar_list: [0.875, 0.875, 0.625, 0.625, 0.5, 0.625]
score_list: [1.8406659534634928, 2.336520460016047, 1.452193099759294, 1.3168627975394491, 1.0454667023268254, 1.2582909868948917]
dict_word_score: {'1c': 2.336520460016047, '8c': 1.8406659534634928, '4c': 1.452193099759294, 'e': 1.3168627975394491, '2c': 1.2582909868948917, 'f': 1.0454667023268254}

--------FAILURE--------
9c<--FOUND
10011100
1c<--EXPECTED
00011100
-----------------------------------------
I109.7: FAILURE (SHUTTLE #1 PALLET PASS [PH])
RECOMMENDED TO CHECK: 
c<--EXPECTED
00001100
I109.4: FAILURE (SHUTTLE #2 WORK DETECT [PH])
8c<--EXPECTED
10001100
4c<--EXPECTED
01001100
I109.6: FAILURE (SHUTTLE #1 WORK DETECT [PH])
e<--EXPECTED
00001110
I109.1: FAILURE (SHUTTLE #1 PALLET POSITION DETECT#2)
2c<--EXPECTED
00101100
I109.5: FAILURE (SHUTTLE #2 PALLET PASS [PH])
f<--EXPECTED
00001111
I109.0: FAILURE (SHUTTLE #1 PALLET POSITION DETECT#1)
way: ['c']

#############################
date and time = 2023-05-15 14:29:08
e <-- FAILURE DETECTED


---FAILURE LOG---
POSSIBLE NEXT STATES: states: {'1c': 981, 'c': 1688, '4f': 910, 'f': 1558, '2f': 32, '6f': 2, '8c': 37, '2c': 1, '9c': 3, '4c': 1}
last state: None
state_list: ['1c', 'c', '4f', 'f', '2f', '6f', '8c', '2c', '9c', '4c']
similar_list: [0.75, 0.875, 0.75, 0.875, 0.75, 0.625, 0.75, 0.75, 0.625, 0.75]
score_list: [1.6881833876846346, 2.073805869940533, 1.674563591022444, 2.0488682140801844, 1.5061384999040859, 1.2503836562440054, 1.5070976405140994, 1.5001918281220026, 1.250575484366008, 1.5001918281220026]
dict_word_score: {'c': 2.073805869940533, 'f': 2.0488682140801844, '1c': 1.6881833876846346, '4f': 1.674563591022444, '8c': 1.5070976405140994, '2f': 1.5061384999040859, '2c': 1.5001918281220026, '4c': 1.5001918281220026, '9c': 1.250575484366008, '6f': 1.2503836562440054}

--------FAILURE--------
e<--FOUND
00001110
c<--EXPECTED
00001100
-----------------------------------------
I109.1: FAILURE (SHUTTLE #1 PALLET POSITION DETECT#2)
RECOMMENDED TO CHECK: 
f<--EXPECTED
00001111
I109.0: FAILURE (SHUTTLE #1 PALLET POSITION DETECT#1)
1c<--EXPECTED
00011100
I109.4: FAILURE (SHUTTLE #2 WORK DETECT [PH])
4f<--EXPECTED
01001111
I109.6: FAILURE (SHUTTLE #1 WORK DETECT [PH])
8c<--EXPECTED
10001100
I109.7: FAILURE (SHUTTLE #1 PALLET PASS [PH])
2f<--EXPECTED
00101111
I109.5: FAILURE (SHUTTLE #2 PALLET PASS [PH])
2c<--EXPECTED
00101100
4c<--EXPECTED
01001100
9c<--EXPECTED
10011100
6f<--EXPECTED
01101111
way: []

#############################
date and time = 2023-05-16 22:18:03
9c <-- FAILURE DETECTED


---FAILURE LOG---
POSSIBLE NEXT STATES: states: {'8c': 706, '1c': 4565, '4c': 1565, 'e': 515, 'f': 355, '2c': 65}
last state: c
state_list: ['8c', '1c', '4c', 'e', 'f', '2c']
similar_list: [0.875, 0.875, 0.625, 0.625, 0.5, 0.625]
score_list: [1.840850598378587, 2.3374404838502123, 1.4513897825247715, 1.3162720370608674, 1.0456826663235106, 1.2583644318620513]
dict_word_score: {'1c': 2.3374404838502123, '8c': 1.840850598378587, '4c': 1.4513897825247715, 'e': 1.3162720370608674, '2c': 1.2583644318620513, 'f': 1.0456826663235106}

--------FAILURE--------
9c<--FOUND
10011100
1c<--EXPECTED
00011100
-----------------------------------------
I109.7: FAILURE (SHUTTLE #1 PALLET PASS [PH])
RECOMMENDED TO CHECK: 
c<--EXPECTED
00001100
I109.4: FAILURE (SHUTTLE #2 WORK DETECT [PH])
8c<--EXPECTED
10001100
4c<--EXPECTED
01001100
I109.6: FAILURE (SHUTTLE #1 WORK DETECT [PH])
e<--EXPECTED
00001110
I109.1: FAILURE (SHUTTLE #1 PALLET POSITION DETECT#2)
2c<--EXPECTED
00101100
I109.5: FAILURE (SHUTTLE #2 PALLET PASS [PH])
f<--EXPECTED
00001111
I109.0: FAILURE (SHUTTLE #1 PALLET POSITION DETECT#1)
way: ['1c', 'c']

#############################
date and time = 2023-05-17 10:04:08
2f <-- FAILURE DETECTED


---FAILURE LOG---
POSSIBLE NEXT STATES: states: {'f': 1866, '4d': 88, '6f': 20, '4e': 36}
last state: 4f
state_list: ['f', '4d', '6f', '4e']
similar_list: [0.875, 0.625, 0.875, 0.625]
score_list: [2.678358208955224, 1.2937810945273631, 1.7599502487562189, 1.267910447761194]
dict_word_score: {'f': 2.678358208955224, '6f': 1.7599502487562189, '4d': 1.2937810945273631, '4e': 1.267910447761194}

--------FAILURE--------
2f<--FOUND
00101111
f<--EXPECTED
00001111
-----------------------------------------
I109.5: FAILURE (SHUTTLE #2 PALLET PASS [PH])
RECOMMENDED TO CHECK: 
4f<--EXPECTED
01001111
I109.6: FAILURE (SHUTTLE #1 WORK DETECT [PH])
6f<--EXPECTED
01101111
4d<--EXPECTED
01001101
I109.1: FAILURE (SHUTTLE #1 PALLET POSITION DETECT#2)
4e<--EXPECTED
01001110
I109.0: FAILURE (SHUTTLE #1 PALLET POSITION DETECT#1)
way: ['f', '4f']

#############################
date and time = 2023-05-23 22:03:22
9c <-- FAILURE DETECTED


---FAILURE LOG---
POSSIBLE NEXT STATES: states: {'2c': 37, '4c': 940, '1c': 3086, '8c': 372, 'f': 246, 'e': 283}
last state: c
state_list: ['2c', '4c', '1c', '8c', 'f', 'e']
similar_list: [0.625, 0.625, 0.875, 0.875, 0.5, 0.625]
score_list: [1.257453666398066, 1.4393634165995166, 2.371676067687349, 1.8249395648670428, 1.0495568090249798, 1.3070104754230458]
dict_word_score: {'1c': 2.371676067687349, '8c': 1.8249395648670428, '4c': 1.4393634165995166, 'e': 1.3070104754230458, '2c': 1.257453666398066, 'f': 1.0495568090249798}

--------FAILURE--------
9c<--FOUND
10011100
1c<--EXPECTED
00011100
-----------------------------------------
I109.7: FAILURE (SHUTTLE #1 PALLET PASS [PH])
RECOMMENDED TO CHECK: 
c<--EXPECTED
00001100
I109.4: FAILURE (SHUTTLE #2 WORK DETECT [PH])
8c<--EXPECTED
10001100
4c<--EXPECTED
01001100
I109.6: FAILURE (SHUTTLE #1 WORK DETECT [PH])
e<--EXPECTED
00001110
I109.1: FAILURE (SHUTTLE #1 PALLET POSITION DETECT#2)
2c<--EXPECTED
00101100
I109.5: FAILURE (SHUTTLE #2 PALLET PASS [PH])
f<--EXPECTED
00001111
I109.0: FAILURE (SHUTTLE #1 PALLET POSITION DETECT#1)
way: ['c', '1c', 'c']

#############################
date and time = 2023-05-26 08:11:13
9c <-- FAILURE DETECTED


---FAILURE LOG---
POSSIBLE NEXT STATES: states: {'2c': 46, '4c': 1168, '1c': 3810, '8c': 488, 'f': 338, 'e': 330}
last state: c
state_list: ['2c', '4c', '1c', '8c', 'f', 'e']
similar_list: [0.625, 0.625, 0.875, 0.875, 0.5, 0.625]
score_list: [1.2574433656957928, 1.4389967637540453, 2.366504854368932, 1.8289644012944983, 1.0546925566343042, 1.3033980582524272]
dict_word_score: {'1c': 2.366504854368932, '8c': 1.8289644012944983, '4c': 1.4389967637540453, 'e': 1.3033980582524272, '2c': 1.2574433656957928, 'f': 1.0546925566343042}

--------FAILURE--------
9c<--FOUND
10011100
1c<--EXPECTED
00011100
-----------------------------------------
I109.7: FAILURE (SHUTTLE #1 PALLET PASS [PH])
RECOMMENDED TO CHECK: 
c<--EXPECTED
00001100
I109.4: FAILURE (SHUTTLE #2 WORK DETECT [PH])
8c<--EXPECTED
10001100
4c<--EXPECTED
01001100
I109.6: FAILURE (SHUTTLE #1 WORK DETECT [PH])
e<--EXPECTED
00001110
I109.1: FAILURE (SHUTTLE #1 PALLET POSITION DETECT#2)
2c<--EXPECTED
00101100
I109.5: FAILURE (SHUTTLE #2 PALLET PASS [PH])
f<--EXPECTED
00001111
I109.0: FAILURE (SHUTTLE #1 PALLET POSITION DETECT#1)
way: ['c', '1c', 'c']

#############################
date and time = 2023-05-26 16:34:35
4f <-- FAILURE DETECTED


---FAILURE LOG---
POSSIBLE NEXT STATES: states: {'6f': 363, 'f': 528, '2c': 2, '2e': 2, 'c': 1}
last state: 2f
state_list: ['6f', 'f', '2c', '2e', 'c']
similar_list: [0.875, 0.875, 0.5, 0.625, 0.625]
score_list: [2.1551339285714284, 2.3392857142857144, 1.0022321428571428, 1.2522321428571428, 1.2511160714285714]
dict_word_score: {'f': 2.3392857142857144, '6f': 2.1551339285714284, '2e': 1.2522321428571428, 'c': 1.2511160714285714, '2c': 1.0022321428571428}

--------FAILURE--------
4f<--FOUND
01001111
f<--EXPECTED
00001111
-----------------------------------------
I109.6: FAILURE (SHUTTLE #1 WORK DETECT [PH])
RECOMMENDED TO CHECK: 
2f<--EXPECTED
00101111
I109.5: FAILURE (SHUTTLE #2 PALLET PASS [PH])
6f<--EXPECTED
01101111
2e<--EXPECTED
00101110
I109.0: FAILURE (SHUTTLE #1 PALLET POSITION DETECT#1)
c<--EXPECTED
00001100
I109.1: FAILURE (SHUTTLE #1 PALLET POSITION DETECT#2)
2c<--EXPECTED
00101100
way: ['f', '2f']

#############################
date and time = 2023-05-26 16:58:44
9c <-- FAILURE DETECTED


---FAILURE LOG---
POSSIBLE NEXT STATES: states: {'2c': 48, '4c': 1189, '1c': 3875, '8c': 498, 'f': 343, 'e': 337}
last state: c
state_list: ['2c', '4c', '1c', '8c', 'f', 'e']
similar_list: [0.625, 0.625, 0.875, 0.875, 0.5, 0.625]
score_list: [1.2576311605723371, 1.4390302066772656, 2.3660572337042924, 1.8291732909379967, 1.054531001589825, 1.303577106518283]
dict_word_score: {'1c': 2.3660572337042924, '8c': 1.8291732909379967, '4c': 1.4390302066772656, 'e': 1.303577106518283, '2c': 1.2576311605723371, 'f': 1.054531001589825}

--------FAILURE--------
9c<--FOUND
10011100
1c<--EXPECTED
00011100
-----------------------------------------
I109.7: FAILURE (SHUTTLE #1 PALLET PASS [PH])
RECOMMENDED TO CHECK: 
c<--EXPECTED
00001100
I109.4: FAILURE (SHUTTLE #2 WORK DETECT [PH])
8c<--EXPECTED
10001100
4c<--EXPECTED
01001100
I109.6: FAILURE (SHUTTLE #1 WORK DETECT [PH])
e<--EXPECTED
00001110
I109.1: FAILURE (SHUTTLE #1 PALLET POSITION DETECT#2)
2c<--EXPECTED
00101100
I109.5: FAILURE (SHUTTLE #2 PALLET PASS [PH])
f<--EXPECTED
00001111
I109.0: FAILURE (SHUTTLE #1 PALLET POSITION DETECT#1)
way: ['c', '1c', 'c']

#############################
date and time = 2023-05-31 13:01:03
f <-- FAILURE DETECTED


---FAILURE LOG---
POSSIBLE NEXT STATES: states: {'4f': 816, '2f': 6}
last state: 6f
state_list: ['4f', '2f']
similar_list: [0.875, 0.875]
score_list: [2.7427007299270074, 1.7572992700729928]
dict_word_score: {'4f': 2.7427007299270074, '2f': 1.7572992700729928}

--------FAILURE--------
f<--FOUND
00001111
4f<--EXPECTED
01001111
-----------------------------------------
I109.6: FAILURE (SHUTTLE #1 WORK DETECT [PH])
RECOMMENDED TO CHECK: 
6f<--EXPECTED
01101111
I109.5: FAILURE (SHUTTLE #2 PALLET PASS [PH])
2f<--EXPECTED
00101111
way: ['f', '2f', '6f']

#############################
date and time = 2023-06-05 16:53:38
8c <-- FAILURE DETECTED


---FAILURE LOG---
POSSIBLE NEXT STATES: states: {'9c': 908, 'c': 4322}
last state: 1c
state_list: ['9c', 'c']
similar_list: [0.875, 0.875]
score_list: [1.9236137667304014, 2.5763862332695986]
dict_word_score: {'c': 2.5763862332695986, '9c': 1.9236137667304014}

--------FAILURE--------
8c<--FOUND
10001100
c<--EXPECTED
00001100
-----------------------------------------
I109.7: FAILURE (SHUTTLE #1 PALLET PASS [PH])
RECOMMENDED TO CHECK: 
1c<--EXPECTED
00011100
I109.4: FAILURE (SHUTTLE #2 WORK DETECT [PH])
9c<--EXPECTED
10011100
way: ['1c']

#############################
date and time = 2023-06-05 23:50:34
8f <-- FAILURE DETECTED


---FAILURE LOG---
POSSIBLE NEXT STATES: states: {'c': 376, '2f': 1087, '4f': 1728, '6f': 376, 'e': 429, '1f': 4}
last state: f
state_list: ['c', '2f', '4f', '6f', 'e', '1f']
similar_list: [0.625, 0.75, 0.75, 0.625, 0.75, 0.75]
score_list: [1.344, 1.77175, 1.932, 1.344, 1.60725, 1.501]
dict_word_score: {'4f': 1.932, '2f': 1.77175, 'e': 1.60725, '1f': 1.501, 'c': 1.344, '6f': 1.344}

--------FAILURE--------
8f<--FOUND
10001111
4f<--EXPECTED
01001111
-----------------------------------------
I109.7: FAILURE (SHUTTLE #1 PALLET PASS [PH])
I109.6: FAILURE (SHUTTLE #1 WORK DETECT [PH])
RECOMMENDED TO CHECK: 
f<--EXPECTED
00001111
2f<--EXPECTED
00101111
I109.5: FAILURE (SHUTTLE #2 PALLET PASS [PH])
e<--EXPECTED
00001110
I109.0: FAILURE (SHUTTLE #1 PALLET POSITION DETECT#1)
1f<--EXPECTED
00011111
I109.4: FAILURE (SHUTTLE #2 WORK DETECT [PH])
c<--EXPECTED
00001100
I109.1: FAILURE (SHUTTLE #1 PALLET POSITION DETECT#2)
6f<--EXPECTED
01101111
way: ['f', '2f', 'f', '4f', 'f', '4f', 'f', '4f', 'f', '4f', 'f', '4f', 'f', '4f', 'f', '4f', 'f', '4f', 'f', '4f', 'f', '4f', 'f', '4f', 'f', '4f', 'f', '4f', 'f', '4f', 'f', '4f', 'f', '4f', 'f', '4f', 'f', '4f', 'f', '4f', 'f', '4f', 'f', '4f', 'f', '4f', 'f', '4f', 'f', '4f', 'f', '4f', 'f', '4f', 'f']

#############################
date and time = 2023-06-07 19:45:04
2e <-- FAILURE DETECTED


---FAILURE LOG---
POSSIBLE NEXT STATES: states: {'c': 385, '2f': 1110, '4f': 1760, '6f': 383, 'e': 436, '1f': 4}
last state: f
state_list: ['c', '2f', '4f', '6f', 'e', '1f']
similar_list: [0.75, 0.875, 0.625, 0.75, 0.875, 0.625]
score_list: [1.594409024031388, 2.022192251103482, 1.6815841098577735, 1.5939185875429132, 1.8569151544874938, 1.2509808729769494]
dict_word_score: {'2f': 2.022192251103482, 'e': 1.8569151544874938, '4f': 1.6815841098577735, 'c': 1.594409024031388, '6f': 1.5939185875429132, '1f': 1.2509808729769494}

--------FAILURE--------
2e<--FOUND
00101110
2f<--EXPECTED
00101111
-----------------------------------------
I109.0: FAILURE (SHUTTLE #1 PALLET POSITION DETECT#1)
RECOMMENDED TO CHECK: 
f<--EXPECTED
00001111
I109.5: FAILURE (SHUTTLE #2 PALLET PASS [PH])
e<--EXPECTED
00001110
4f<--EXPECTED
01001111
I109.6: FAILURE (SHUTTLE #1 WORK DETECT [PH])
c<--EXPECTED
00001100
I109.1: FAILURE (SHUTTLE #1 PALLET POSITION DETECT#2)
6f<--EXPECTED
01101111
1f<--EXPECTED
00011111
I109.4: FAILURE (SHUTTLE #2 WORK DETECT [PH])
way: ['4f', 'f']

#############################
date and time = 2023-06-13 03:36:17
1c <-- FAILURE DETECTED


---FAILURE LOG---
POSSIBLE NEXT STATES: states: {'c': 671, '9c': 5}
last state: 8c
state_list: ['c', '9c']
similar_list: [0.875, 0.875]
score_list: [2.742603550295858, 1.757396449704142]
dict_word_score: {'c': 2.742603550295858, '9c': 1.757396449704142}

--------FAILURE--------
1c<--FOUND
00011100
c<--EXPECTED
00001100
-----------------------------------------
I109.4: FAILURE (SHUTTLE #2 WORK DETECT [PH])
RECOMMENDED TO CHECK: 
8c<--EXPECTED
10001100
I109.7: FAILURE (SHUTTLE #1 PALLET PASS [PH])
9c<--EXPECTED
10011100
way: ['1c', '9c', '8c']

#############################
date and time = 2023-06-16 04:28:58
8c <-- FAILURE DETECTED


---FAILURE LOG---
POSSIBLE NEXT STATES: states: {'9c': 962, 'c': 4565}
last state: 1c
state_list: ['9c', 'c']
similar_list: [0.875, 0.875]
score_list: [1.9240546408539896, 2.5759453591460106]
dict_word_score: {'c': 2.5759453591460106, '9c': 1.9240546408539896}

--------FAILURE--------
8c<--FOUND
10001100
c<--EXPECTED
00001100
-----------------------------------------
I109.7: FAILURE (SHUTTLE #1 PALLET PASS [PH])
RECOMMENDED TO CHECK: 
1c<--EXPECTED
00011100
I109.4: FAILURE (SHUTTLE #2 WORK DETECT [PH])
9c<--EXPECTED
10011100
way: ['c', '1c']

#############################
date and time = 2023-06-19 19:22:29
4f <-- FAILURE DETECTED


---FAILURE LOG---
POSSIBLE NEXT STATES: states: {'6f': 506, 'f': 701, '2c': 4, '2e': 4, 'c': 1}
last state: 2f
state_list: ['6f', 'f', '2c', '2e', 'c']
similar_list: [0.875, 0.875, 0.5, 0.625, 0.625]
score_list: [2.1661184210526314, 2.3264802631578947, 1.0032894736842106, 1.2532894736842106, 1.2508223684210527]
dict_word_score: {'f': 2.3264802631578947, '6f': 2.1661184210526314, '2e': 1.2532894736842106, 'c': 1.2508223684210527, '2c': 1.0032894736842106}

--------FAILURE--------
4f<--FOUND
01001111
f<--EXPECTED
00001111
-----------------------------------------
I109.6: FAILURE (SHUTTLE #1 WORK DETECT [PH])
RECOMMENDED TO CHECK: 
2f<--EXPECTED
00101111
I109.5: FAILURE (SHUTTLE #2 PALLET PASS [PH])
6f<--EXPECTED
01101111
2e<--EXPECTED
00101110
I109.0: FAILURE (SHUTTLE #1 PALLET POSITION DETECT#1)
c<--EXPECTED
00001100
I109.1: FAILURE (SHUTTLE #1 PALLET POSITION DETECT#2)
2c<--EXPECTED
00101100
way: ['f', '2f']

#############################
date and time = 2023-06-20 05:35:10
f <-- FAILURE DETECTED


---FAILURE LOG---
POSSIBLE NEXT STATES: states: {'4f': 917, '2f': 7}
last state: 6f
state_list: ['4f', '2f']
similar_list: [0.875, 0.875]
score_list: [2.742424242424242, 1.7575757575757576]
dict_word_score: {'4f': 2.742424242424242, '2f': 1.7575757575757576}

--------FAILURE--------
f<--FOUND
00001111
4f<--EXPECTED
01001111
-----------------------------------------
I109.6: FAILURE (SHUTTLE #1 WORK DETECT [PH])
RECOMMENDED TO CHECK: 
6f<--EXPECTED
01101111
I109.5: FAILURE (SHUTTLE #2 PALLET PASS [PH])
2f<--EXPECTED
00101111
way: ['f', '2f', '6f']

#############################
date and time = 2023-06-21 12:00:48
f <-- FAILURE DETECTED


---FAILURE LOG---
POSSIBLE NEXT STATES: states: {'4f': 934, '2f': 7}
last state: 6f
state_list: ['4f', '2f']
similar_list: [0.875, 0.875]
score_list: [2.7425611052072263, 1.7574388947927737]
dict_word_score: {'4f': 2.7425611052072263, '2f': 1.7574388947927737}

--------FAILURE--------
f<--FOUND
00001111
4f<--EXPECTED
01001111
-----------------------------------------
I109.6: FAILURE (SHUTTLE #1 WORK DETECT [PH])
RECOMMENDED TO CHECK: 
6f<--EXPECTED
01101111
I109.5: FAILURE (SHUTTLE #2 PALLET PASS [PH])
2f<--EXPECTED
00101111
way: ['f', '2f', '6f']

#############################
date and time = 2023-06-21 15:52:30
e <-- FAILURE DETECTED


---FAILURE LOG---
POSSIBLE NEXT STATES: states: {'4f': 1006, 'c': 1784, '1c': 1042, 'f': 1651, '8c': 29, '9c': 4, '2f': 32, '4d': 3, '6f': 1, '2c': 3}
last state: None
state_list: ['4f', 'c', '1c', 'f', '8c', '9c', '2f', '4d', '6f', '2c']
similar_list: [0.75, 0.875, 0.75, 0.875, 0.75, 0.625, 0.75, 0.625, 0.625, 0.75]
score_list: [1.6810981098109812, 2.0711521152115213, 1.6875787578757875, 2.047209720972097, 1.5052205220522052, 1.2507200720072007, 1.5057605760576058, 1.2505400540054006, 1.2501800180018001, 1.5005400540054006]
dict_word_score: {'c': 2.0711521152115213, 'f': 2.047209720972097, '1c': 1.6875787578757875, '4f': 1.6810981098109812, '2f': 1.5057605760576058, '8c': 1.5052205220522052, '2c': 1.5005400540054006, '9c': 1.2507200720072007, '4d': 1.2505400540054006, '6f': 1.2501800180018001}

--------FAILURE--------
e<--FOUND
00001110
c<--EXPECTED
00001100
-----------------------------------------
I109.1: FAILURE (SHUTTLE #1 PALLET POSITION DETECT#2)
RECOMMENDED TO CHECK: 
f<--EXPECTED
00001111
I109.0: FAILURE (SHUTTLE #1 PALLET POSITION DETECT#1)
1c<--EXPECTED
00011100
I109.4: FAILURE (SHUTTLE #2 WORK DETECT [PH])
4f<--EXPECTED
01001111
I109.6: FAILURE (SHUTTLE #1 WORK DETECT [PH])
2f<--EXPECTED
00101111
I109.5: FAILURE (SHUTTLE #2 PALLET PASS [PH])
8c<--EXPECTED
10001100
I109.7: FAILURE (SHUTTLE #1 PALLET PASS [PH])
2c<--EXPECTED
00101100
9c<--EXPECTED
10011100
4d<--EXPECTED
01001101
6f<--EXPECTED
01101111
way: []

#############################
date and time = 2023-06-22 04:56:05
4f <-- FAILURE DETECTED


---FAILURE LOG---
POSSIBLE NEXT STATES: states: {'6f': 518, 'f': 717, '2c': 4, '2e': 4, 'c': 1}
last state: 2f
state_list: ['6f', 'f', '2c', '2e', 'c']
similar_list: [0.875, 0.875, 0.5, 0.625, 0.625]
score_list: [2.1663987138263665, 2.3263665594855305, 1.0032154340836013, 1.2532154340836013, 1.2508038585209003]
dict_word_score: {'f': 2.3263665594855305, '6f': 2.1663987138263665, '2e': 1.2532154340836013, 'c': 1.2508038585209003, '2c': 1.0032154340836013}

--------FAILURE--------
4f<--FOUND
01001111
f<--EXPECTED
00001111
-----------------------------------------
I109.6: FAILURE (SHUTTLE #1 WORK DETECT [PH])
RECOMMENDED TO CHECK: 
2f<--EXPECTED
00101111
I109.5: FAILURE (SHUTTLE #2 PALLET PASS [PH])
6f<--EXPECTED
01101111
2e<--EXPECTED
00101110
I109.0: FAILURE (SHUTTLE #1 PALLET POSITION DETECT#1)
c<--EXPECTED
00001100
I109.1: FAILURE (SHUTTLE #1 PALLET POSITION DETECT#2)
2c<--EXPECTED
00101100
way: ['f', '2f']

#############################
date and time = 2023-06-22 14:39:52
f <-- FAILURE DETECTED


---FAILURE LOG---
POSSIBLE NEXT STATES: states: {'4f': 946, '2f': 7}
last state: 6f
state_list: ['4f', '2f']
similar_list: [0.875, 0.875]
score_list: [2.7426547743966423, 1.7573452256033577]
dict_word_score: {'4f': 2.7426547743966423, '2f': 1.7573452256033577}

--------FAILURE--------
f<--FOUND
00001111
4f<--EXPECTED
01001111
-----------------------------------------
I109.6: FAILURE (SHUTTLE #1 WORK DETECT [PH])
RECOMMENDED TO CHECK: 
6f<--EXPECTED
01101111
I109.5: FAILURE (SHUTTLE #2 PALLET PASS [PH])
2f<--EXPECTED
00101111
way: ['4f', '6f']

#############################
date and time = 2023-06-23 02:03:18
e <-- FAILURE DETECTED


---FAILURE LOG---
POSSIBLE NEXT STATES: states: {'4f': 1017, 'c': 1806, '1c': 1055, 'f': 1670, '8c': 29, '9c': 4, '2f': 33, '4d': 3, '6f': 1, '2c': 3}
last state: None
state_list: ['4f', 'c', '1c', 'f', '8c', '9c', '2f', '4d', '6f', '2c']
similar_list: [0.75, 0.875, 0.75, 0.875, 0.75, 0.625, 0.75, 0.625, 0.625, 0.75]
score_list: [1.6809286603807152, 2.0712951432129514, 1.6876890233054618, 2.0471001601138585, 1.5051592243373064, 1.2507116171499733, 1.50587084148728, 1.25053371286248, 1.2501779042874934, 1.50053371286248]
dict_word_score: {'c': 2.0712951432129514, 'f': 2.0471001601138585, '1c': 1.6876890233054618, '4f': 1.6809286603807152, '2f': 1.50587084148728, '8c': 1.5051592243373064, '2c': 1.50053371286248, '9c': 1.2507116171499733, '4d': 1.25053371286248, '6f': 1.2501779042874934}

--------FAILURE--------
e<--FOUND
00001110
c<--EXPECTED
00001100
-----------------------------------------
I109.1: FAILURE (SHUTTLE #1 PALLET POSITION DETECT#2)
RECOMMENDED TO CHECK: 
f<--EXPECTED
00001111
I109.0: FAILURE (SHUTTLE #1 PALLET POSITION DETECT#1)
1c<--EXPECTED
00011100
I109.4: FAILURE (SHUTTLE #2 WORK DETECT [PH])
4f<--EXPECTED
01001111
I109.6: FAILURE (SHUTTLE #1 WORK DETECT [PH])
2f<--EXPECTED
00101111
I109.5: FAILURE (SHUTTLE #2 PALLET PASS [PH])
8c<--EXPECTED
10001100
I109.7: FAILURE (SHUTTLE #1 PALLET PASS [PH])
2c<--EXPECTED
00101100
9c<--EXPECTED
10011100
4d<--EXPECTED
01001101
6f<--EXPECTED
01101111
way: []

#############################
date and time = 2023-06-24 05:37:23
e <-- FAILURE DETECTED


---FAILURE LOG---
POSSIBLE NEXT STATES: states: {'4f': 1029, 'c': 1836, '1c': 1068, 'f': 1690, '8c': 29, '9c': 4, '2f': 33, '4d': 3, '6f': 1, '2c': 3}
last state: None
state_list: ['4f', 'c', '1c', 'f', '8c', '9c', '2f', '4d', '6f', '2c']
similar_list: [0.75, 0.875, 0.75, 0.875, 0.75, 0.625, 0.75, 0.625, 0.625, 0.75]
score_list: [1.6806530898876404, 2.072331460674157, 1.6875, 2.046699438202247, 1.5050912921348314, 1.2507022471910112, 1.5057935393258426, 1.2505266853932584, 1.2501755617977528, 1.5005266853932584]
dict_word_score: {'c': 2.072331460674157, 'f': 2.046699438202247, '1c': 1.6875, '4f': 1.6806530898876404, '2f': 1.5057935393258426, '8c': 1.5050912921348314, '2c': 1.5005266853932584, '9c': 1.2507022471910112, '4d': 1.2505266853932584, '6f': 1.2501755617977528}

--------FAILURE--------
e<--FOUND
00001110
c<--EXPECTED
00001100
-----------------------------------------
I109.1: FAILURE (SHUTTLE #1 PALLET POSITION DETECT#2)
RECOMMENDED TO CHECK: 
f<--EXPECTED
00001111
I109.0: FAILURE (SHUTTLE #1 PALLET POSITION DETECT#1)
1c<--EXPECTED
00011100
I109.4: FAILURE (SHUTTLE #2 WORK DETECT [PH])
4f<--EXPECTED
01001111
I109.6: FAILURE (SHUTTLE #1 WORK DETECT [PH])
2f<--EXPECTED
00101111
I109.5: FAILURE (SHUTTLE #2 PALLET PASS [PH])
8c<--EXPECTED
10001100
I109.7: FAILURE (SHUTTLE #1 PALLET PASS [PH])
2c<--EXPECTED
00101100
9c<--EXPECTED
10011100
4d<--EXPECTED
01001101
6f<--EXPECTED
01101111
way: []

#############################
date and time = 2023-06-26 08:04:24
4f <-- FAILURE DETECTED


---FAILURE LOG---
POSSIBLE NEXT STATES: states: {'6f': 534, 'f': 740, '2c': 4, '2e': 4, 'c': 1}
last state: 2f
state_list: ['6f', 'f', '2c', '2e', 'c']
similar_list: [0.875, 0.875, 0.5, 0.625, 0.625]
score_list: [2.166212003117693, 2.3267731878409976, 1.0031176929072487, 1.2531176929072487, 1.2507794232268121]
dict_word_score: {'f': 2.3267731878409976, '6f': 2.166212003117693, '2e': 1.2531176929072487, 'c': 1.2507794232268121, '2c': 1.0031176929072487}

--------FAILURE--------
4f<--FOUND
01001111
f<--EXPECTED
00001111
-----------------------------------------
I109.6: FAILURE (SHUTTLE #1 WORK DETECT [PH])
RECOMMENDED TO CHECK: 
2f<--EXPECTED
00101111
I109.5: FAILURE (SHUTTLE #2 PALLET PASS [PH])
6f<--EXPECTED
01101111
2e<--EXPECTED
00101110
I109.0: FAILURE (SHUTTLE #1 PALLET POSITION DETECT#1)
c<--EXPECTED
00001100
I109.1: FAILURE (SHUTTLE #1 PALLET POSITION DETECT#2)
2c<--EXPECTED
00101100
way: ['f', '2f']

#############################
date and time = 2023-06-27 04:03:49
e <-- FAILURE DETECTED


---FAILURE LOG---
POSSIBLE NEXT STATES: states: {'4f': 1041, 'c': 1855, '1c': 1080, 'f': 1706, '8c': 29, '9c': 4, '2f': 33, '4d': 3, '6f': 1, '2c': 3}
last state: None
state_list: ['4f', 'c', '1c', 'f', '8c', '9c', '2f', '4d', '6f', '2c']
similar_list: [0.75, 0.875, 0.75, 0.875, 0.75, 0.625, 0.75, 0.625, 0.625, 0.75]
score_list: [1.6808861859252824, 2.072328410078193, 1.6876629018245004, 2.046437880104257, 1.5050390964378801, 1.250695047784535, 1.5057341442224152, 1.2505212858384014, 1.2501737619461337, 1.5005212858384014]
dict_word_score: {'c': 2.072328410078193, 'f': 2.046437880104257, '1c': 1.6876629018245004, '4f': 1.6808861859252824, '2f': 1.5057341442224152, '8c': 1.5050390964378801, '2c': 1.5005212858384014, '9c': 1.250695047784535, '4d': 1.2505212858384014, '6f': 1.2501737619461337}

--------FAILURE--------
e<--FOUND
00001110
c<--EXPECTED
00001100
-----------------------------------------
I109.1: FAILURE (SHUTTLE #1 PALLET POSITION DETECT#2)
RECOMMENDED TO CHECK: 
f<--EXPECTED
00001111
I109.0: FAILURE (SHUTTLE #1 PALLET POSITION DETECT#1)
1c<--EXPECTED
00011100
I109.4: FAILURE (SHUTTLE #2 WORK DETECT [PH])
4f<--EXPECTED
01001111
I109.6: FAILURE (SHUTTLE #1 WORK DETECT [PH])
2f<--EXPECTED
00101111
I109.5: FAILURE (SHUTTLE #2 PALLET PASS [PH])
8c<--EXPECTED
10001100
I109.7: FAILURE (SHUTTLE #1 PALLET PASS [PH])
2c<--EXPECTED
00101100
9c<--EXPECTED
10011100
4d<--EXPECTED
01001101
6f<--EXPECTED
01101111
way: []

#############################
date and time = 2023-06-30 23:23:21
4f <-- FAILURE DETECTED


---FAILURE LOG---
POSSIBLE NEXT STATES: states: {'6f': 559, 'f': 769, '2c': 4, '2e': 4, 'c': 1}
last state: 2f
state_list: ['6f', 'f', '2c', '2e', 'c']
similar_list: [0.875, 0.875, 0.5, 0.625, 0.625]
score_list: [2.168100224382947, 2.3251682872101718, 1.0029917726252804, 1.2529917726252804, 1.2507479431563202]
dict_word_score: {'f': 2.3251682872101718, '6f': 2.168100224382947, '2e': 1.2529917726252804, 'c': 1.2507479431563202, '2c': 1.0029917726252804}

--------FAILURE--------
4f<--FOUND
01001111
f<--EXPECTED
00001111
-----------------------------------------
I109.6: FAILURE (SHUTTLE #1 WORK DETECT [PH])
RECOMMENDED TO CHECK: 
2f<--EXPECTED
00101111
I109.5: FAILURE (SHUTTLE #2 PALLET PASS [PH])
6f<--EXPECTED
01101111
2e<--EXPECTED
00101110
I109.0: FAILURE (SHUTTLE #1 PALLET POSITION DETECT#1)
c<--EXPECTED
00001100
I109.1: FAILURE (SHUTTLE #1 PALLET POSITION DETECT#2)
2c<--EXPECTED
00101100
way: ['f', '2f', '6f', '2f']

#############################
date and time = 2023-07-06 17:50:01
f <-- FAILURE DETECTED


---FAILURE LOG---
POSSIBLE NEXT STATES: states: {'4f': 1045, '2f': 8}
last state: 6f
state_list: ['4f', '2f']
similar_list: [0.875, 0.875]
score_list: [2.7424026590693256, 1.7575973409306742]
dict_word_score: {'4f': 2.7424026590693256, '2f': 1.7575973409306742}

--------FAILURE--------
f<--FOUND
00001111
4f<--EXPECTED
01001111
-----------------------------------------
I109.6: FAILURE (SHUTTLE #1 WORK DETECT [PH])
RECOMMENDED TO CHECK: 
6f<--EXPECTED
01101111
I109.5: FAILURE (SHUTTLE #2 PALLET PASS [PH])
2f<--EXPECTED
00101111
way: ['f', '2f', '6f']

#############################
date and time = 2023-07-10 08:34:11
f <-- FAILURE DETECTED


---FAILURE LOG---
POSSIBLE NEXT STATES: states: {'4f': 1067, '2f': 8}
last state: 6f
state_list: ['4f', '2f']
similar_list: [0.875, 0.875]
score_list: [2.742558139534884, 1.7574418604651163]
dict_word_score: {'4f': 2.742558139534884, '2f': 1.7574418604651163}

--------FAILURE--------
f<--FOUND
00001111
4f<--EXPECTED
01001111
-----------------------------------------
I109.6: FAILURE (SHUTTLE #1 WORK DETECT [PH])
RECOMMENDED TO CHECK: 
6f<--EXPECTED
01101111
I109.5: FAILURE (SHUTTLE #2 PALLET PASS [PH])
2f<--EXPECTED
00101111
way: ['f', '2f', '6f']

#############################
date and time = 2023-07-10 12:24:01
e <-- FAILURE DETECTED


---FAILURE LOG---
POSSIBLE NEXT STATES: states: {'4f': 1147, 'c': 2045, '1c': 1186, 'f': 1864, '8c': 30, '9c': 5, '2f': 33, '4d': 3, '6f': 1, '2c': 3}
last state: None
state_list: ['4f', 'c', '1c', 'f', '8c', '9c', '2f', '4d', '6f', '2c']
similar_list: [0.75, 0.875, 0.75, 0.875, 0.75, 0.625, 0.75, 0.625, 0.625, 0.75]
score_list: [1.6815735317397498, 2.0737296184897893, 1.6877473484248853, 2.0450767769510843, 1.5047490897577964, 1.2507915149596327, 1.505223998733576, 1.2504749089757796, 1.2501583029919265, 1.5004749089757796]
dict_word_score: {'c': 2.0737296184897893, 'f': 2.0450767769510843, '1c': 1.6877473484248853, '4f': 1.6815735317397498, '2f': 1.505223998733576, '8c': 1.5047490897577964, '2c': 1.5004749089757796, '9c': 1.2507915149596327, '4d': 1.2504749089757796, '6f': 1.2501583029919265}

--------FAILURE--------
e<--FOUND
00001110
c<--EXPECTED
00001100
-----------------------------------------
I109.1: FAILURE (SHUTTLE #1 PALLET POSITION DETECT#2)
RECOMMENDED TO CHECK: 
f<--EXPECTED
00001111
I109.0: FAILURE (SHUTTLE #1 PALLET POSITION DETECT#1)
1c<--EXPECTED
00011100
I109.4: FAILURE (SHUTTLE #2 WORK DETECT [PH])
4f<--EXPECTED
01001111
I109.6: FAILURE (SHUTTLE #1 WORK DETECT [PH])
2f<--EXPECTED
00101111
I109.5: FAILURE (SHUTTLE #2 PALLET PASS [PH])
8c<--EXPECTED
10001100
I109.7: FAILURE (SHUTTLE #1 PALLET PASS [PH])
2c<--EXPECTED
00101100
9c<--EXPECTED
10011100
4d<--EXPECTED
01001101
6f<--EXPECTED
01101111
way: []

#############################
date and time = 2023-07-10 13:06:16
f <-- FAILURE DETECTED


---FAILURE LOG---
POSSIBLE NEXT STATES: states: {'4f': 1071, '2f': 8}
last state: 6f
state_list: ['4f', '2f']
similar_list: [0.875, 0.875]
score_list: [2.7425857275254866, 1.7574142724745134]
dict_word_score: {'4f': 2.7425857275254866, '2f': 1.7574142724745134}

--------FAILURE--------
f<--FOUND
00001111
4f<--EXPECTED
01001111
-----------------------------------------
I109.6: FAILURE (SHUTTLE #1 WORK DETECT [PH])
RECOMMENDED TO CHECK: 
6f<--EXPECTED
01101111
I109.5: FAILURE (SHUTTLE #2 PALLET PASS [PH])
2f<--EXPECTED
00101111
way: ['f', '2f', '6f']

#############################
date and time = 2023-07-11 05:04:44
9c <-- FAILURE DETECTED


---FAILURE LOG---
POSSIBLE NEXT STATES: states: {'2c': 99, '4c': 1849, '1c': 6033, '8c': 808, 'f': 521, 'e': 540}
last state: c
state_list: ['2c', '4c', '1c', '8c', 'f', 'e']
similar_list: [0.625, 0.625, 0.875, 0.875, 0.5, 0.625]
score_list: [1.2600507614213199, 1.4377157360406092, 2.36248730964467, 1.8320304568527919, 1.0528934010152284, 1.3048223350253807]
dict_word_score: {'1c': 2.36248730964467, '8c': 1.8320304568527919, '4c': 1.4377157360406092, 'e': 1.3048223350253807, '2c': 1.2600507614213199, 'f': 1.0528934010152284}

--------FAILURE--------
9c<--FOUND
10011100
1c<--EXPECTED
00011100
-----------------------------------------
I109.7: FAILURE (SHUTTLE #1 PALLET PASS [PH])
RECOMMENDED TO CHECK: 
c<--EXPECTED
00001100
I109.4: FAILURE (SHUTTLE #2 WORK DETECT [PH])
8c<--EXPECTED
10001100
4c<--EXPECTED
01001100
I109.6: FAILURE (SHUTTLE #1 WORK DETECT [PH])
e<--EXPECTED
00001110
I109.1: FAILURE (SHUTTLE #1 PALLET POSITION DETECT#2)
2c<--EXPECTED
00101100
I109.5: FAILURE (SHUTTLE #2 PALLET PASS [PH])
f<--EXPECTED
00001111
I109.0: FAILURE (SHUTTLE #1 PALLET POSITION DETECT#1)
way: ['c']

#############################
date and time = 2023-07-11 06:55:27
9c <-- FAILURE DETECTED


---FAILURE LOG---
POSSIBLE NEXT STATES: states: {'2c': 99, '4c': 1849, '1c': 6033, '8c': 808, 'f': 521, 'e': 540}
last state: c
state_list: ['2c', '4c', '1c', '8c', 'f', 'e']
similar_list: [0.625, 0.625, 0.875, 0.875, 0.5, 0.625]
score_list: [1.2600507614213199, 1.4377157360406092, 2.36248730964467, 1.8320304568527919, 1.0528934010152284, 1.3048223350253807]
dict_word_score: {'1c': 2.36248730964467, '8c': 1.8320304568527919, '4c': 1.4377157360406092, 'e': 1.3048223350253807, '2c': 1.2600507614213199, 'f': 1.0528934010152284}

--------FAILURE--------
9c<--FOUND
10011100
1c<--EXPECTED
00011100
-----------------------------------------
I109.7: FAILURE (SHUTTLE #1 PALLET PASS [PH])
RECOMMENDED TO CHECK: 
c<--EXPECTED
00001100
I109.4: FAILURE (SHUTTLE #2 WORK DETECT [PH])
8c<--EXPECTED
10001100
4c<--EXPECTED
01001100
I109.6: FAILURE (SHUTTLE #1 WORK DETECT [PH])
e<--EXPECTED
00001110
I109.1: FAILURE (SHUTTLE #1 PALLET POSITION DETECT#2)
2c<--EXPECTED
00101100
I109.5: FAILURE (SHUTTLE #2 PALLET PASS [PH])
f<--EXPECTED
00001111
I109.0: FAILURE (SHUTTLE #1 PALLET POSITION DETECT#1)
way: ['c']

#############################
date and time = 2023-07-13 05:46:00
2c <-- FAILURE DETECTED


---FAILURE LOG---
POSSIBLE NEXT STATES: states: {'f': 550, 'c': 548}
last state: e
state_list: ['f', 'c']
similar_list: [0.625, 0.875]
score_list: [1.7509107468123861, 2.2490892531876137]
dict_word_score: {'c': 2.2490892531876137, 'f': 1.7509107468123861}

--------FAILURE--------
2c<--FOUND
00101100
c<--EXPECTED
00001100
-----------------------------------------
I109.5: FAILURE (SHUTTLE #2 PALLET PASS [PH])
RECOMMENDED TO CHECK: 
e<--EXPECTED
00001110
I109.1: FAILURE (SHUTTLE #1 PALLET POSITION DETECT#2)
f<--EXPECTED
00001111
I109.0: FAILURE (SHUTTLE #1 PALLET POSITION DETECT#1)
way: ['4f', 'f', 'e']

#############################
date and time = 2023-07-18 16:47:33
4f <-- FAILURE DETECTED


---FAILURE LOG---
POSSIBLE NEXT STATES: states: {'6f': 628, 'f': 862, '2c': 4, '2e': 4, 'c': 1}
last state: 2f
state_list: ['6f', 'f', '2c', '2e', 'c']
similar_list: [0.875, 0.875, 0.5, 0.625, 0.625]
score_list: [2.168945963975984, 2.3250500333555704, 1.0026684456304202, 1.2526684456304202, 1.2506671114076051]
dict_word_score: {'f': 2.3250500333555704, '6f': 2.168945963975984, '2e': 1.2526684456304202, 'c': 1.2506671114076051, '2c': 1.0026684456304202}

--------FAILURE--------
4f<--FOUND
01001111
f<--EXPECTED
00001111
-----------------------------------------
I109.6: FAILURE (SHUTTLE #1 WORK DETECT [PH])
RECOMMENDED TO CHECK: 
2f<--EXPECTED
00101111
I109.5: FAILURE (SHUTTLE #2 PALLET PASS [PH])
6f<--EXPECTED
01101111
2e<--EXPECTED
00101110
I109.0: FAILURE (SHUTTLE #1 PALLET POSITION DETECT#1)
c<--EXPECTED
00001100
I109.1: FAILURE (SHUTTLE #1 PALLET POSITION DETECT#2)
2c<--EXPECTED
00101100
way: ['f', '2f', '6f', '2f']

#############################
date and time = 2023-07-18 17:35:08
e <-- FAILURE DETECTED


---FAILURE LOG---
POSSIBLE NEXT STATES: states: {'4f': 1199, 'c': 2149, '1c': 1253, 'f': 1961, '8c': 30, '9c': 5, '2f': 33, '4d': 3, '6f': 1, '2c': 3}
last state: None
state_list: ['4f', 'c', '1c', 'f', '8c', '9c', '2f', '4d', '6f', '2c']
similar_list: [0.75, 0.875, 0.75, 0.875, 0.75, 0.625, 0.75, 0.625, 0.625, 0.75]
score_list: [1.6806539098990507, 2.0737908693686906, 1.6887901160162724, 2.045464818442067, 1.5045201145095677, 1.2507533524182612, 1.5049721259605244, 1.2504520114509567, 1.2501506704836522, 1.5004520114509567]
dict_word_score: {'c': 2.0737908693686906, 'f': 2.045464818442067, '1c': 1.6887901160162724, '4f': 1.6806539098990507, '2f': 1.5049721259605244, '8c': 1.5045201145095677, '2c': 1.5004520114509567, '9c': 1.2507533524182612, '4d': 1.2504520114509567, '6f': 1.2501506704836522}

--------FAILURE--------
e<--FOUND
00001110
c<--EXPECTED
00001100
-----------------------------------------
I109.1: FAILURE (SHUTTLE #1 PALLET POSITION DETECT#2)
RECOMMENDED TO CHECK: 
f<--EXPECTED
00001111
I109.0: FAILURE (SHUTTLE #1 PALLET POSITION DETECT#1)
1c<--EXPECTED
00011100
I109.4: FAILURE (SHUTTLE #2 WORK DETECT [PH])
4f<--EXPECTED
01001111
I109.6: FAILURE (SHUTTLE #1 WORK DETECT [PH])
2f<--EXPECTED
00101111
I109.5: FAILURE (SHUTTLE #2 PALLET PASS [PH])
8c<--EXPECTED
10001100
I109.7: FAILURE (SHUTTLE #1 PALLET PASS [PH])
2c<--EXPECTED
00101100
9c<--EXPECTED
10011100
4d<--EXPECTED
01001101
6f<--EXPECTED
01101111
way: []

#############################
date and time = 2023-07-21 22:12:04
4f <-- FAILURE DETECTED


---FAILURE LOG---
POSSIBLE NEXT STATES: states: {'6f': 644, 'f': 884, '2c': 4, '2e': 4, 'c': 1}
last state: 2f
state_list: ['6f', 'f', '2c', '2e', 'c']
similar_list: [0.875, 0.875, 0.5, 0.625, 0.625]
score_list: [2.1689980481457383, 2.3251463890696162, 1.0026024723487312, 1.2526024723487312, 1.2506506180871828]
dict_word_score: {'f': 2.3251463890696162, '6f': 2.1689980481457383, '2e': 1.2526024723487312, 'c': 1.2506506180871828, '2c': 1.0026024723487312}

--------FAILURE--------
4f<--FOUND
01001111
f<--EXPECTED
00001111
-----------------------------------------
I109.6: FAILURE (SHUTTLE #1 WORK DETECT [PH])
RECOMMENDED TO CHECK: 
2f<--EXPECTED
00101111
I109.5: FAILURE (SHUTTLE #2 PALLET PASS [PH])
6f<--EXPECTED
01101111
2e<--EXPECTED
00101110
I109.0: FAILURE (SHUTTLE #1 PALLET POSITION DETECT#1)
c<--EXPECTED
00001100
I109.1: FAILURE (SHUTTLE #1 PALLET POSITION DETECT#2)
2c<--EXPECTED
00101100
way: ['f', '2f', '6f', '2f']

#############################
date and time = 2023-08-11 22:52:00
e <-- FAILURE DETECTED


---FAILURE LOG---
POSSIBLE NEXT STATES: states: {'4f': 1256, 'c': 2258, '1c': 1312, 'f': 2060, '8c': 30, '9c': 5, '2f': 33, '4d': 3, '6f': 1, '2c': 3}
last state: None
state_list: ['4f', 'c', '1c', 'f', '8c', '9c', '2f', '4d', '6f', '2c']
similar_list: [0.75, 0.875, 0.75, 0.875, 0.75, 0.625, 0.75, 0.625, 0.625, 0.75]
score_list: [1.680433845711823, 2.074378681223962, 1.68847866685821, 2.045934492170665, 1.504309725614136, 1.250718287602356, 1.5047406981755496, 1.2504309725614136, 1.2501436575204712, 1.5004309725614136]
dict_word_score: {'c': 2.074378681223962, 'f': 2.045934492170665, '1c': 1.68847866685821, '4f': 1.680433845711823, '2f': 1.5047406981755496, '8c': 1.504309725614136, '2c': 1.5004309725614136, '9c': 1.250718287602356, '4d': 1.2504309725614136, '6f': 1.2501436575204712}

--------FAILURE--------
e<--FOUND
00001110
c<--EXPECTED
00001100
-----------------------------------------
I109.1: FAILURE (SHUTTLE #1 PALLET POSITION DETECT#2)
RECOMMENDED TO CHECK: 
f<--EXPECTED
00001111
I109.0: FAILURE (SHUTTLE #1 PALLET POSITION DETECT#1)
1c<--EXPECTED
00011100
I109.4: FAILURE (SHUTTLE #2 WORK DETECT [PH])
4f<--EXPECTED
01001111
I109.6: FAILURE (SHUTTLE #1 WORK DETECT [PH])
2f<--EXPECTED
00101111
I109.5: FAILURE (SHUTTLE #2 PALLET PASS [PH])
8c<--EXPECTED
10001100
I109.7: FAILURE (SHUTTLE #1 PALLET PASS [PH])
2c<--EXPECTED
00101100
9c<--EXPECTED
10011100
4d<--EXPECTED
01001101
6f<--EXPECTED
01101111
way: []