

#############################
date and time = 2023-03-15 02:06:09
19 <-- FAILURE DETECTED


---FAILURE LOG---
POSSIBLE NEXT STATES: states: {'91': 232, '98': 3, '90': 34}
last state: 99
state_list: ['91', '98', '90']
similar_list: [10, 10, 7]
score_list: [252, 23, 48]
dict_word_score: {'91': 252, '90': 48, '98': 23}

--------FAILURE--------
19<--FOUND
00011001
91<--EXPECTED
10010001
-----------------------------------------
I110.7: FAILURE (SHUTTLE #2 ANTIBACK DOWN)
I110.3: FAILURE (SHUTTLE #2 AUTO TURN RETURN)
RECOMMENDED TO CHECK: 
99<--EXPECTED
10011001
90<--EXPECTED
10010000
I110.0: FAILURE (SHUTTLE #2 LIFTER UP)
98<--EXPECTED
10011000
way: ['91', '99', '91', '99']

#############################
date and time = 2023-03-15 08:11:25
19 <-- FAILURE DETECTED


---FAILURE LOG---
POSSIBLE NEXT STATES: states: {'91': 232, '98': 3, '90': 34}
last state: 99
state_list: ['91', '98', '90']
similar_list: [10, 10, 7]
score_list: [252, 23, 48]
dict_word_score: {'91': 252, '90': 48, '98': 23}

--------FAILURE--------
19<--FOUND
00011001
91<--EXPECTED
10010001
-----------------------------------------
I110.7: FAILURE (SHUTTLE #2 ANTIBACK DOWN)
I110.3: FAILURE (SHUTTLE #2 AUTO TURN RETURN)
RECOMMENDED TO CHECK: 
99<--EXPECTED
10011001
90<--EXPECTED
10010000
I110.0: FAILURE (SHUTTLE #2 LIFTER UP)
98<--EXPECTED
10011000
way: ['91', '99']

#############################
date and time = 2023-03-15 10:25:36
19 <-- FAILURE DETECTED


---FAILURE LOG---
POSSIBLE NEXT STATES: states: {'91': 232, '98': 3, '90': 34}
last state: 99
state_list: ['91', '98', '90']
similar_list: [10, 10, 7]
score_list: [252, 23, 48]
dict_word_score: {'91': 252, '90': 48, '98': 23}

--------FAILURE--------
19<--FOUND
00011001
91<--EXPECTED
10010001
-----------------------------------------
I110.7: FAILURE (SHUTTLE #2 ANTIBACK DOWN)
I110.3: FAILURE (SHUTTLE #2 AUTO TURN RETURN)
RECOMMENDED TO CHECK: 
99<--EXPECTED
10011001
90<--EXPECTED
10010000
I110.0: FAILURE (SHUTTLE #2 LIFTER UP)
98<--EXPECTED
10011000
way: ['91', '99']

#############################
date and time = 2023-03-16 08:39:19
59 <-- FAILURE DETECTED


---FAILURE LOG---
POSSIBLE NEXT STATES: states: {'91': 232, '98': 3, '90': 34}
last state: 99
state_list: ['91', '98', '90']
similar_list: [9, 9, 6]
score_list: [250, 21, 46]
dict_word_score: {'91': 250, '90': 46, '98': 21}

--------FAILURE--------
59<--FOUND
01011001
91<--EXPECTED
10010001
-----------------------------------------
I110.7: FAILURE (SHUTTLE #2 ANTIBACK DOWN)
I110.6: FAILURE (SHUTTLE #2 ANTIBACK UP)
I110.3: FAILURE (SHUTTLE #2 AUTO TURN RETURN)
RECOMMENDED TO CHECK: 
99<--EXPECTED
10011001
90<--EXPECTED
10010000
I110.0: FAILURE (SHUTTLE #2 LIFTER UP)
98<--EXPECTED
10011000
way: ['91', '99']

#############################
date and time = 2023-03-16 09:44:18
19 <-- FAILURE DETECTED


---FAILURE LOG---
POSSIBLE NEXT STATES: states: {'91': 232, '98': 3, '90': 34}
last state: 99
state_list: ['91', '98', '90']
similar_list: [10, 10, 7]
score_list: [252, 23, 48]
dict_word_score: {'91': 252, '90': 48, '98': 23}

--------FAILURE--------
19<--FOUND
00011001
91<--EXPECTED
10010001
-----------------------------------------
I110.7: FAILURE (SHUTTLE #2 ANTIBACK DOWN)
I110.3: FAILURE (SHUTTLE #2 AUTO TURN RETURN)
RECOMMENDED TO CHECK: 
99<--EXPECTED
10011001
90<--EXPECTED
10010000
I110.0: FAILURE (SHUTTLE #2 LIFTER UP)
98<--EXPECTED
10011000
way: ['91', '99']

#############################
date and time = 2023-03-16 10:48:40
59 <-- FAILURE DETECTED


---FAILURE LOG---
POSSIBLE NEXT STATES: states: {'91': 232, '98': 3, '90': 34}
last state: 99
state_list: ['91', '98', '90']
similar_list: [9, 9, 6]
score_list: [250, 21, 46]
dict_word_score: {'91': 250, '90': 46, '98': 21}

--------FAILURE--------
59<--FOUND
01011001
91<--EXPECTED
10010001
-----------------------------------------
I110.7: FAILURE (SHUTTLE #2 ANTIBACK DOWN)
I110.6: FAILURE (SHUTTLE #2 ANTIBACK UP)
I110.3: FAILURE (SHUTTLE #2 AUTO TURN RETURN)
RECOMMENDED TO CHECK: 
99<--EXPECTED
10011001
90<--EXPECTED
10010000
I110.0: FAILURE (SHUTTLE #2 LIFTER UP)
98<--EXPECTED
10011000
way: ['91', '99']

#############################
date and time = 2023-03-16 12:20:04
59 <-- FAILURE DETECTED


---FAILURE LOG---
POSSIBLE NEXT STATES: states: {'91': 232, '98': 3, '90': 34}
last state: 99
state_list: ['91', '98', '90']
similar_list: [9, 9, 6]
score_list: [250, 21, 46]
dict_word_score: {'91': 250, '90': 46, '98': 21}

--------FAILURE--------
59<--FOUND
01011001
91<--EXPECTED
10010001
-----------------------------------------
I110.7: FAILURE (SHUTTLE #2 ANTIBACK DOWN)
I110.6: FAILURE (SHUTTLE #2 ANTIBACK UP)
I110.3: FAILURE (SHUTTLE #2 AUTO TURN RETURN)
RECOMMENDED TO CHECK: 
99<--EXPECTED
10011001
90<--EXPECTED
10010000
I110.0: FAILURE (SHUTTLE #2 LIFTER UP)
98<--EXPECTED
10011000
way: ['91', '99']

#############################
date and time = 2023-03-16 13:08:09
19 <-- FAILURE DETECTED


---FAILURE LOG---
POSSIBLE NEXT STATES: states: {'91': 232, '98': 3, '90': 34}
last state: 99
state_list: ['91', '98', '90']
similar_list: [10, 10, 7]
score_list: [252, 23, 48]
dict_word_score: {'91': 252, '90': 48, '98': 23}

--------FAILURE--------
19<--FOUND
00011001
91<--EXPECTED
10010001
-----------------------------------------
I110.7: FAILURE (SHUTTLE #2 ANTIBACK DOWN)
I110.3: FAILURE (SHUTTLE #2 AUTO TURN RETURN)
RECOMMENDED TO CHECK: 
99<--EXPECTED
10011001
90<--EXPECTED
10010000
I110.0: FAILURE (SHUTTLE #2 LIFTER UP)
98<--EXPECTED
10011000
way: ['91', '99']

#############################
date and time = 2023-03-21 05:51:57
59 <-- FAILURE DETECTED


---FAILURE LOG---
POSSIBLE NEXT STATES: states: {'99': 540}
last state: 19
state_list: ['99']
similar_list: [12]
score_list: [564]
dict_word_score: {'99': 564}

--------FAILURE--------
59<--FOUND
01011001
99<--EXPECTED
10011001
-----------------------------------------
I110.7: FAILURE (SHUTTLE #2 ANTIBACK DOWN)
I110.6: FAILURE (SHUTTLE #2 ANTIBACK UP)
RECOMMENDED TO CHECK: 
19<--EXPECTED
00011001
way: ['91', '99', '19']

#############################
date and time = 2023-03-21 22:40:54
55 <-- FAILURE DETECTED


---FAILURE LOG---
POSSIBLE NEXT STATES: states: {'91': 1005, '59': 987, '99': 970, '96': 3007, '56': 53, '95': 9, '16': 1, '90': 1}
last state: None
state_list: ['91', '59', '99', '96', '56', '95', '16', '90']
similar_list: [9, 12, 8, 8, 12, 12, 9, 6]
score_list: [1023, 1011, 986, 3023, 77, 33, 19, 13]
dict_word_score: {'96': 3023, '91': 1023, '59': 1011, '99': 986, '56': 77, '95': 33, '16': 19, '90': 13}

--------FAILURE--------
55<--FOUND
01010101
96<--EXPECTED
10010110
-----------------------------------------
I110.7: FAILURE (SHUTTLE #2 ANTIBACK DOWN)
I110.6: FAILURE (SHUTTLE #2 ANTIBACK UP)
I110.1: FAILURE (SHUTTLE #2 LIFTER DOWN)
I110.0: FAILURE (SHUTTLE #2 LIFTER UP)
RECOMMENDED TO CHECK: 
91<--EXPECTED
10010001
I110.2: FAILURE (SHUTTLE #2 AUTO TURN TURN)
59<--EXPECTED
01011001
I110.3: FAILURE (SHUTTLE #2 AUTO TURN RETURN)
99<--EXPECTED
10011001
56<--EXPECTED
01010110
95<--EXPECTED
10010101
16<--EXPECTED
00010110
90<--EXPECTED
10010000
way: []

#############################
date and time = 2023-03-21 22:48:13
55 <-- FAILURE DETECTED


---FAILURE LOG---
POSSIBLE NEXT STATES: states: {'91': 1005, '59': 987, '99': 970, '96': 3007, '56': 53, '95': 9, '16': 1, '90': 1}
last state: None
state_list: ['91', '59', '99', '96', '56', '95', '16', '90']
similar_list: [9, 12, 8, 8, 12, 12, 9, 6]
score_list: [1023, 1011, 986, 3023, 77, 33, 19, 13]
dict_word_score: {'96': 3023, '91': 1023, '59': 1011, '99': 986, '56': 77, '95': 33, '16': 19, '90': 13}

--------FAILURE--------
55<--FOUND
01010101
96<--EXPECTED
10010110
-----------------------------------------
I110.7: FAILURE (SHUTTLE #2 ANTIBACK DOWN)
I110.6: FAILURE (SHUTTLE #2 ANTIBACK UP)
I110.1: FAILURE (SHUTTLE #2 LIFTER DOWN)
I110.0: FAILURE (SHUTTLE #2 LIFTER UP)
RECOMMENDED TO CHECK: 
91<--EXPECTED
10010001
I110.2: FAILURE (SHUTTLE #2 AUTO TURN TURN)
59<--EXPECTED
01011001
I110.3: FAILURE (SHUTTLE #2 AUTO TURN RETURN)
99<--EXPECTED
10011001
56<--EXPECTED
01010110
95<--EXPECTED
10010101
16<--EXPECTED
00010110
90<--EXPECTED
10010000
way: []

#############################
date and time = 2023-03-23 01:38:06
57 <-- FAILURE DETECTED


---FAILURE LOG---
POSSIBLE NEXT STATES: states: {'91': 1005, '59': 987, '99': 970, '96': 3007, '56': 53, '95': 9, '16': 1, '90': 1}
last state: None
state_list: ['91', '59', '99', '96', '56', '95', '16', '90']
similar_list: [8, 11, 7, 11, 15, 11, 12, 5]
score_list: [1021, 1009, 984, 3029, 83, 31, 25, 11]
dict_word_score: {'96': 3029, '91': 1021, '59': 1009, '99': 984, '56': 83, '95': 31, '16': 25, '90': 11}

--------FAILURE--------
57<--FOUND
01010111
96<--EXPECTED
10010110
-----------------------------------------
I110.7: FAILURE (SHUTTLE #2 ANTIBACK DOWN)
I110.6: FAILURE (SHUTTLE #2 ANTIBACK UP)
I110.0: FAILURE (SHUTTLE #2 LIFTER UP)
RECOMMENDED TO CHECK: 
91<--EXPECTED
10010001
I110.2: FAILURE (SHUTTLE #2 AUTO TURN TURN)
I110.1: FAILURE (SHUTTLE #2 LIFTER DOWN)
59<--EXPECTED
01011001
I110.3: FAILURE (SHUTTLE #2 AUTO TURN RETURN)
99<--EXPECTED
10011001
56<--EXPECTED
01010110
95<--EXPECTED
10010101
16<--EXPECTED
00010110
90<--EXPECTED
10010000
way: []

#############################
date and time = 2023-03-27 19:18:02
55 <-- FAILURE DETECTED


---FAILURE LOG---
POSSIBLE NEXT STATES: states: {'91': 1095, '59': 1075, '99': 1056, '96': 3274, '56': 56, '95': 9, '16': 1, '90': 1}
last state: None
state_list: ['91', '59', '99', '96', '56', '95', '16', '90']
similar_list: [9, 12, 8, 8, 12, 12, 9, 6]
score_list: [1113, 1099, 1072, 3290, 80, 33, 19, 13]
dict_word_score: {'96': 3290, '91': 1113, '59': 1099, '99': 1072, '56': 80, '95': 33, '16': 19, '90': 13}

--------FAILURE--------
55<--FOUND
01010101
96<--EXPECTED
10010110
-----------------------------------------
I110.7: FAILURE (SHUTTLE #2 ANTIBACK DOWN)
I110.6: FAILURE (SHUTTLE #2 ANTIBACK UP)
I110.1: FAILURE (SHUTTLE #2 LIFTER DOWN)
I110.0: FAILURE (SHUTTLE #2 LIFTER UP)
RECOMMENDED TO CHECK: 
91<--EXPECTED
10010001
I110.2: FAILURE (SHUTTLE #2 AUTO TURN TURN)
59<--EXPECTED
01011001
I110.3: FAILURE (SHUTTLE #2 AUTO TURN RETURN)
99<--EXPECTED
10011001
56<--EXPECTED
01010110
95<--EXPECTED
10010101
16<--EXPECTED
00010110
90<--EXPECTED
10010000
way: []

#############################
date and time = 2023-03-28 02:27:44
55 <-- FAILURE DETECTED


---FAILURE LOG---
POSSIBLE NEXT STATES: states: {'91': 1095, '59': 1075, '99': 1056, '96': 3274, '56': 56, '95': 9, '16': 1, '90': 1}
last state: None
state_list: ['91', '59', '99', '96', '56', '95', '16', '90']
similar_list: [9, 12, 8, 8, 12, 12, 9, 6]
score_list: [1113, 1099, 1072, 3290, 80, 33, 19, 13]
dict_word_score: {'96': 3290, '91': 1113, '59': 1099, '99': 1072, '56': 80, '95': 33, '16': 19, '90': 13}

--------FAILURE--------
55<--FOUND
01010101
96<--EXPECTED
10010110
-----------------------------------------
I110.7: FAILURE (SHUTTLE #2 ANTIBACK DOWN)
I110.6: FAILURE (SHUTTLE #2 ANTIBACK UP)
I110.1: FAILURE (SHUTTLE #2 LIFTER DOWN)
I110.0: FAILURE (SHUTTLE #2 LIFTER UP)
RECOMMENDED TO CHECK: 
91<--EXPECTED
10010001
I110.2: FAILURE (SHUTTLE #2 AUTO TURN TURN)
59<--EXPECTED
01011001
I110.3: FAILURE (SHUTTLE #2 AUTO TURN RETURN)
99<--EXPECTED
10011001
56<--EXPECTED
01010110
95<--EXPECTED
10010101
16<--EXPECTED
00010110
90<--EXPECTED
10010000
way: []

#############################
date and time = 2023-03-28 21:44:12
57 <-- FAILURE DETECTED


---FAILURE LOG---
POSSIBLE NEXT STATES: states: {'91': 1095, '59': 1075, '99': 1056, '96': 3274, '56': 56, '95': 9, '16': 1, '90': 1}
last state: None
state_list: ['91', '59', '99', '96', '56', '95', '16', '90']
similar_list: [8, 11, 7, 11, 15, 11, 12, 5]
score_list: [1111, 1097, 1070, 3296, 86, 31, 25, 11]
dict_word_score: {'96': 3296, '91': 1111, '59': 1097, '99': 1070, '56': 86, '95': 31, '16': 25, '90': 11}

--------FAILURE--------
57<--FOUND
01010111
96<--EXPECTED
10010110
-----------------------------------------
I110.7: FAILURE (SHUTTLE #2 ANTIBACK DOWN)
I110.6: FAILURE (SHUTTLE #2 ANTIBACK UP)
I110.0: FAILURE (SHUTTLE #2 LIFTER UP)
RECOMMENDED TO CHECK: 
91<--EXPECTED
10010001
I110.2: FAILURE (SHUTTLE #2 AUTO TURN TURN)
I110.1: FAILURE (SHUTTLE #2 LIFTER DOWN)
59<--EXPECTED
01011001
I110.3: FAILURE (SHUTTLE #2 AUTO TURN RETURN)
99<--EXPECTED
10011001
56<--EXPECTED
01010110
95<--EXPECTED
10010101
16<--EXPECTED
00010110
90<--EXPECTED
10010000
way: []

#############################
date and time = 2023-04-01 03:24:55
15 <-- FAILURE DETECTED


---FAILURE LOG---
POSSIBLE NEXT STATES: states: {'91': 1095, '59': 1075, '99': 1056, '96': 3274, '56': 56, '95': 9, '16': 1, '90': 1}
last state: None
state_list: ['91', '59', '99', '96', '56', '95', '16', '90']
similar_list: [0.75, 0.625, 0.625, 0.625, 0.625, 0.875, 0.75, 0.625]
score_list: [1.6667428049337598, 1.413697274250038, 1.4108040201005025, 1.7485533729252323, 1.2585274859144207, 1.7513704888076747, 1.5001522765341861, 1.2501522765341861]
dict_word_score: {'95': 1.7513704888076747, '96': 1.7485533729252323, '91': 1.6667428049337598, '16': 1.5001522765341861, '59': 1.413697274250038, '99': 1.4108040201005025, '56': 1.2585274859144207, '90': 1.2501522765341861}

--------FAILURE--------
15<--FOUND
00010101
95<--EXPECTED
10010101
-----------------------------------------
I110.7: FAILURE (SHUTTLE #2 ANTIBACK DOWN)
RECOMMENDED TO CHECK: 
96<--EXPECTED
10010110
I110.1: FAILURE (SHUTTLE #2 LIFTER DOWN)
I110.0: FAILURE (SHUTTLE #2 LIFTER UP)
91<--EXPECTED
10010001
I110.2: FAILURE (SHUTTLE #2 AUTO TURN TURN)
16<--EXPECTED
00010110
59<--EXPECTED
01011001
I110.6: FAILURE (SHUTTLE #2 ANTIBACK UP)
I110.3: FAILURE (SHUTTLE #2 AUTO TURN RETURN)
99<--EXPECTED
10011001
56<--EXPECTED
01010110
90<--EXPECTED
10010000
way: []

#############################
date and time = 2023-04-01 06:17:49
59 <-- FAILURE DETECTED


---FAILURE LOG---
POSSIBLE NEXT STATES: states: {'99': 575}
last state: 19
state_list: ['99']
similar_list: [0.75]
score_list: [2.5]
dict_word_score: {'99': 2.5}

--------FAILURE--------
59<--FOUND
01011001
99<--EXPECTED
10011001
-----------------------------------------
I110.7: FAILURE (SHUTTLE #2 ANTIBACK DOWN)
I110.6: FAILURE (SHUTTLE #2 ANTIBACK UP)
RECOMMENDED TO CHECK: 
19<--EXPECTED
00011001
way: ['91', '99', '19']

#############################
date and time = 2023-04-03 14:05:26
57 <-- FAILURE DETECTED


---FAILURE LOG---
POSSIBLE NEXT STATES: states: {'91': 1111, '59': 1092, '99': 1069, '96': 3323, '56': 57, '95': 9, '16': 1, '90': 1, '55': 1}
last state: None
state_list: ['91', '59', '99', '96', '56', '95', '16', '90', '55']
similar_list: [0.5, 0.625, 0.375, 0.625, 0.875, 0.625, 0.75, 0.375, 0.875]
score_list: [1.1667166866746699, 1.4138655462184875, 0.9104141656662665, 1.7486494597839135, 1.7585534213685474, 1.2513505402160865, 1.5001500600240096, 0.7501500600240096, 1.7501500600240096]
dict_word_score: {'56': 1.7585534213685474, '55': 1.7501500600240096, '96': 1.7486494597839135, '16': 1.5001500600240096, '59': 1.4138655462184875, '95': 1.2513505402160865, '91': 1.1667166866746699, '99': 0.9104141656662665, '90': 0.7501500600240096}

--------FAILURE--------
57<--FOUND
01010111
56<--EXPECTED
01010110
-----------------------------------------
I110.0: FAILURE (SHUTTLE #2 LIFTER UP)
RECOMMENDED TO CHECK: 
55<--EXPECTED
01010101
I110.1: FAILURE (SHUTTLE #2 LIFTER DOWN)
96<--EXPECTED
10010110
I110.7: FAILURE (SHUTTLE #2 ANTIBACK DOWN)
I110.6: FAILURE (SHUTTLE #2 ANTIBACK UP)
16<--EXPECTED
00010110
59<--EXPECTED
01011001
I110.3: FAILURE (SHUTTLE #2 AUTO TURN RETURN)
I110.2: FAILURE (SHUTTLE #2 AUTO TURN TURN)
95<--EXPECTED
10010101
91<--EXPECTED
10010001
99<--EXPECTED
10011001
90<--EXPECTED
10010000
way: []

#############################
date and time = 2023-04-04 16:48:17
15 <-- FAILURE DETECTED


---FAILURE LOG---
POSSIBLE NEXT STATES: states: {'91': 1111, '59': 1092, '99': 1069, '96': 3323, '56': 57, '95': 9, '16': 1, '90': 1, '55': 1}
last state: None
state_list: ['91', '59', '99', '96', '56', '95', '16', '90', '55']
similar_list: [0.75, 0.625, 0.625, 0.625, 0.625, 0.875, 0.75, 0.625, 0.875]
score_list: [1.6667166866746699, 1.4138655462184875, 1.4104141656662665, 1.7486494597839135, 1.2585534213685474, 1.7513505402160865, 1.5001500600240096, 1.2501500600240096, 1.7501500600240096]
dict_word_score: {'95': 1.7513505402160865, '55': 1.7501500600240096, '96': 1.7486494597839135, '91': 1.6667166866746699, '16': 1.5001500600240096, '59': 1.4138655462184875, '99': 1.4104141656662665, '56': 1.2585534213685474, '90': 1.2501500600240096}

--------FAILURE--------
15<--FOUND
00010101
95<--EXPECTED
10010101
-----------------------------------------
I110.7: FAILURE (SHUTTLE #2 ANTIBACK DOWN)
RECOMMENDED TO CHECK: 
55<--EXPECTED
01010101
I110.6: FAILURE (SHUTTLE #2 ANTIBACK UP)
96<--EXPECTED
10010110
I110.1: FAILURE (SHUTTLE #2 LIFTER DOWN)
I110.0: FAILURE (SHUTTLE #2 LIFTER UP)
91<--EXPECTED
10010001
I110.2: FAILURE (SHUTTLE #2 AUTO TURN TURN)
16<--EXPECTED
00010110
59<--EXPECTED
01011001
I110.3: FAILURE (SHUTTLE #2 AUTO TURN RETURN)
99<--EXPECTED
10011001
56<--EXPECTED
01010110
90<--EXPECTED
10010000
way: []

#############################
date and time = 2023-04-06 13:49:52
59 <-- FAILURE DETECTED


---FAILURE LOG---
POSSIBLE NEXT STATES: states: {'99': 581}
last state: 19
state_list: ['99']
similar_list: [0.75]
score_list: [2.5]
dict_word_score: {'99': 2.5}

--------FAILURE--------
59<--FOUND
01011001
99<--EXPECTED
10011001
-----------------------------------------
I110.7: FAILURE (SHUTTLE #2 ANTIBACK DOWN)
I110.6: FAILURE (SHUTTLE #2 ANTIBACK UP)
RECOMMENDED TO CHECK: 
19<--EXPECTED
00011001
way: ['91', '99', '19']

#############################
date and time = 2023-04-14 18:45:50
57 <-- FAILURE DETECTED


---FAILURE LOG---
POSSIBLE NEXT STATES: states: {'91': 1135, '59': 1117, '99': 1097, '96': 3397, '56': 58, '95': 9, '16': 1, '90': 1, '55': 1}
last state: None
state_list: ['91', '59', '99', '96', '56', '95', '16', '90', '55']
similar_list: [0.5, 0.625, 0.375, 0.625, 0.875, 0.625, 0.75, 0.375, 0.875]
score_list: [1.1665199530516432, 1.4138791079812207, 0.9109448356807512, 1.7483861502347418, 1.7585093896713615, 1.2513204225352113, 1.5001467136150235, 0.7501467136150235, 1.7501467136150235]
dict_word_score: {'56': 1.7585093896713615, '55': 1.7501467136150235, '96': 1.7483861502347418, '16': 1.5001467136150235, '59': 1.4138791079812207, '95': 1.2513204225352113, '91': 1.1665199530516432, '99': 0.9109448356807512, '90': 0.7501467136150235}

--------FAILURE--------
57<--FOUND
01010111
56<--EXPECTED
01010110
-----------------------------------------
I110.0: FAILURE (SHUTTLE #2 LIFTER UP)
RECOMMENDED TO CHECK: 
55<--EXPECTED
01010101
I110.1: FAILURE (SHUTTLE #2 LIFTER DOWN)
96<--EXPECTED
10010110
I110.7: FAILURE (SHUTTLE #2 ANTIBACK DOWN)
I110.6: FAILURE (SHUTTLE #2 ANTIBACK UP)
16<--EXPECTED
00010110
59<--EXPECTED
01011001
I110.3: FAILURE (SHUTTLE #2 AUTO TURN RETURN)
I110.2: FAILURE (SHUTTLE #2 AUTO TURN TURN)
95<--EXPECTED
10010101
91<--EXPECTED
10010001
99<--EXPECTED
10011001
90<--EXPECTED
10010000
way: []

#############################
date and time = 2023-04-16 15:32:19
96 <-- FAILURE DETECTED

RECOMMENDED TO CHECK: 
56<--EXPECTED
01010110
I110.7: FAILURE (SHUTTLE #2 ANTIBACK DOWN)
I110.6: FAILURE (SHUTTLE #2 ANTIBACK UP)
way: ['56']

#############################
date and time = 2023-04-16 18:40:37
0 <-- FAILURE DETECTED


---FAILURE LOG---
POSSIBLE NEXT STATES: states: {'91': 1135, '59': 1117, '99': 1097, '96': 3397, '56': 58, '95': 9, '16': 1, '90': 1, '55': 1}
last state: None
state_list: ['91', '59', '99', '96', '56', '95', '16', '90', '55']
similar_list: [0.625, 0.5, 0.5, 0.5, 0.5, 0.5, 0.625, 0.75, 0.5]
score_list: [1.4165199530516432, 1.1638791079812207, 1.1609448356807512, 1.4983861502347418, 1.0085093896713615, 1.0013204225352113, 1.2501467136150235, 1.5001467136150235, 1.0001467136150235]
dict_word_score: {'90': 1.5001467136150235, '96': 1.4983861502347418, '91': 1.4165199530516432, '16': 1.2501467136150235, '59': 1.1638791079812207, '99': 1.1609448356807512, '56': 1.0085093896713615, '95': 1.0013204225352113, '55': 1.0001467136150235}

--------FAILURE--------
0<--FOUND
00000000
90<--EXPECTED
10010000
-----------------------------------------
I110.7: FAILURE (SHUTTLE #2 ANTIBACK DOWN)
I110.4: FAILURE (SHUTTLE #2 STOPPER UP)
RECOMMENDED TO CHECK: 
96<--EXPECTED
10010110
I110.2: FAILURE (SHUTTLE #2 AUTO TURN TURN)
I110.1: FAILURE (SHUTTLE #2 LIFTER DOWN)
91<--EXPECTED
10010001
I110.0: FAILURE (SHUTTLE #2 LIFTER UP)
16<--EXPECTED
00010110
59<--EXPECTED
01011001
I110.6: FAILURE (SHUTTLE #2 ANTIBACK UP)
I110.3: FAILURE (SHUTTLE #2 AUTO TURN RETURN)
99<--EXPECTED
10011001
56<--EXPECTED
01010110
95<--EXPECTED
10010101
55<--EXPECTED
01010101
way: []

#############################
date and time = 2023-04-26 12:40:46
15 <-- FAILURE DETECTED


---FAILURE LOG---
POSSIBLE NEXT STATES: states: {'91': 1181, '59': 1161, '99': 1137, '96': 3526, '56': 58, '95': 9, '16': 1, '90': 1, '55': 1}
last state: None
state_list: ['91', '59', '99', '96', '56', '95', '16', '90', '55']
similar_list: [0.75, 0.625, 0.625, 0.625, 0.625, 0.875, 0.75, 0.625, 0.875]
score_list: [1.6669257950530034, 1.4140989399293287, 1.4107067137809186, 1.748374558303887, 1.2581978798586573, 1.7512720848056538, 1.5001413427561838, 1.2501413427561838, 1.7501413427561838]
dict_word_score: {'95': 1.7512720848056538, '55': 1.7501413427561838, '96': 1.748374558303887, '91': 1.6669257950530034, '16': 1.5001413427561838, '59': 1.4140989399293287, '99': 1.4107067137809186, '56': 1.2581978798586573, '90': 1.2501413427561838}

--------FAILURE--------
15<--FOUND
00010101
95<--EXPECTED
10010101
-----------------------------------------
I110.7: FAILURE (SHUTTLE #2 ANTIBACK DOWN)
RECOMMENDED TO CHECK: 
55<--EXPECTED
01010101
I110.6: FAILURE (SHUTTLE #2 ANTIBACK UP)
96<--EXPECTED
10010110
I110.1: FAILURE (SHUTTLE #2 LIFTER DOWN)
I110.0: FAILURE (SHUTTLE #2 LIFTER UP)
91<--EXPECTED
10010001
I110.2: FAILURE (SHUTTLE #2 AUTO TURN TURN)
16<--EXPECTED
00010110
59<--EXPECTED
01011001
I110.3: FAILURE (SHUTTLE #2 AUTO TURN RETURN)
99<--EXPECTED
10011001
56<--EXPECTED
01010110
90<--EXPECTED
10010000
way: []

#############################
date and time = 2023-05-03 15:41:17
59 <-- FAILURE DETECTED


---FAILURE LOG---
POSSIBLE NEXT STATES: states: {'99': 643}
last state: 19
state_list: ['99']
similar_list: [0.75]
score_list: [2.5]
dict_word_score: {'99': 2.5}

--------FAILURE--------
59<--FOUND
01011001
99<--EXPECTED
10011001
-----------------------------------------
I110.7: FAILURE (SHUTTLE #2 ANTIBACK DOWN)
I110.6: FAILURE (SHUTTLE #2 ANTIBACK UP)
RECOMMENDED TO CHECK: 
19<--EXPECTED
00011001
way: ['91', '99', '91', '99', '19']

#############################
date and time = 2023-05-09 21:44:53
57 <-- FAILURE DETECTED


---FAILURE LOG---
POSSIBLE NEXT STATES: states: {'91': 1378, '59': 1351, '99': 1321, '96': 4113, '56': 64, '95': 11, '16': 1, '90': 1, '55': 2}
last state: None
state_list: ['91', '59', '99', '96', '56', '95', '16', '90', '55']
similar_list: [0.5, 0.625, 0.375, 0.625, 0.875, 0.625, 0.75, 0.375, 0.875]
score_list: [1.167192429022082, 1.4139165251152632, 0.9102766318854647, 1.7490293618053872, 1.7577651055569037, 1.2513346275175927, 1.5001213297743266, 0.7501213297743267, 1.7502426595486533]
dict_word_score: {'56': 1.7577651055569037, '55': 1.7502426595486533, '96': 1.7490293618053872, '16': 1.5001213297743266, '59': 1.4139165251152632, '95': 1.2513346275175927, '91': 1.167192429022082, '99': 0.9102766318854647, '90': 0.7501213297743267}

--------FAILURE--------
57<--FOUND
01010111
56<--EXPECTED
01010110
-----------------------------------------
I110.0: FAILURE (SHUTTLE #2 LIFTER UP)
RECOMMENDED TO CHECK: 
55<--EXPECTED
01010101
I110.1: FAILURE (SHUTTLE #2 LIFTER DOWN)
96<--EXPECTED
10010110
I110.7: FAILURE (SHUTTLE #2 ANTIBACK DOWN)
I110.6: FAILURE (SHUTTLE #2 ANTIBACK UP)
16<--EXPECTED
00010110
59<--EXPECTED
01011001
I110.3: FAILURE (SHUTTLE #2 AUTO TURN RETURN)
I110.2: FAILURE (SHUTTLE #2 AUTO TURN TURN)
95<--EXPECTED
10010101
91<--EXPECTED
10010001
99<--EXPECTED
10011001
90<--EXPECTED
10010000
way: []

#############################
date and time = 2023-05-22 03:34:02
59 <-- FAILURE DETECTED


---FAILURE LOG---
POSSIBLE NEXT STATES: states: {'91': 228, '19': 8}
last state: 99
state_list: ['91', '19']
similar_list: [0.625, 0.875]
score_list: [2.2161016949152543, 1.7838983050847457]
dict_word_score: {'91': 2.2161016949152543, '19': 1.7838983050847457}

--------FAILURE--------
59<--FOUND
01011001
91<--EXPECTED
10010001
-----------------------------------------
I110.7: FAILURE (SHUTTLE #2 ANTIBACK DOWN)
I110.6: FAILURE (SHUTTLE #2 ANTIBACK UP)
I110.3: FAILURE (SHUTTLE #2 AUTO TURN RETURN)
RECOMMENDED TO CHECK: 
99<--EXPECTED
10011001
19<--EXPECTED
00011001
way: ['91', '99']

#############################
date and time = 2023-05-23 18:34:55
55 <-- FAILURE DETECTED


---FAILURE LOG---
POSSIBLE NEXT STATES: states: {'96': 1591, '91': 540, '59': 529, '99': 493, '56': 25, '95': 3, '57': 2}
last state: None
state_list: ['96', '91', '59', '99', '56', '95', '57']
similar_list: [0.5, 0.625, 0.75, 0.5, 0.75, 0.75, 0.875]
score_list: [1.4998429154885329, 1.419651272384543, 1.6661954131322652, 1.154885328306629, 1.5078542255733585, 1.500942507068803, 1.7506283380458687]
dict_word_score: {'57': 1.7506283380458687, '59': 1.6661954131322652, '56': 1.5078542255733585, '95': 1.500942507068803, '96': 1.4998429154885329, '91': 1.419651272384543, '99': 1.154885328306629}

--------FAILURE--------
55<--FOUND
01010101
57<--EXPECTED
01010111
-----------------------------------------
I110.1: FAILURE (SHUTTLE #2 LIFTER DOWN)
RECOMMENDED TO CHECK: 
59<--EXPECTED
01011001
I110.3: FAILURE (SHUTTLE #2 AUTO TURN RETURN)
I110.2: FAILURE (SHUTTLE #2 AUTO TURN TURN)
56<--EXPECTED
01010110
I110.0: FAILURE (SHUTTLE #2 LIFTER UP)
95<--EXPECTED
10010101
I110.7: FAILURE (SHUTTLE #2 ANTIBACK DOWN)
I110.6: FAILURE (SHUTTLE #2 ANTIBACK UP)
96<--EXPECTED
10010110
91<--EXPECTED
10010001
99<--EXPECTED
10011001
way: []

#############################
date and time = 2023-05-24 01:20:16
57 <-- FAILURE DETECTED


---FAILURE LOG---
POSSIBLE NEXT STATES: states: {'55': 12}
last state: 15
state_list: ['55']
similar_list: [0.875]
score_list: [2.75]
dict_word_score: {'55': 2.75}

--------FAILURE--------
57<--FOUND
01010111
55<--EXPECTED
01010101
-----------------------------------------
I110.1: FAILURE (SHUTTLE #2 LIFTER DOWN)
RECOMMENDED TO CHECK: 
15<--EXPECTED
00010101
I110.6: FAILURE (SHUTTLE #2 ANTIBACK UP)
way: ['59', '99', '91', '95', '15']

#############################
date and time = 2023-05-24 02:17:44
19 <-- FAILURE DETECTED


---FAILURE LOG---
POSSIBLE NEXT STATES: states: {'96': 1591, '91': 540, '59': 529, '99': 493, '56': 25, '95': 3, '57': 2}
last state: None
state_list: ['96', '91', '59', '99', '56', '95', '57']
similar_list: [0.375, 0.75, 0.875, 0.875, 0.375, 0.625, 0.5]
score_list: [1.2498429154885329, 1.669651272384543, 1.9161954131322652, 1.904885328306629, 0.7578542255733585, 1.250942507068803, 1.0006283380458687]
dict_word_score: {'59': 1.9161954131322652, '99': 1.904885328306629, '91': 1.669651272384543, '95': 1.250942507068803, '96': 1.2498429154885329, '57': 1.0006283380458687, '56': 0.7578542255733585}

--------FAILURE--------
19<--FOUND
00011001
59<--EXPECTED
01011001
-----------------------------------------
I110.6: FAILURE (SHUTTLE #2 ANTIBACK UP)
RECOMMENDED TO CHECK: 
99<--EXPECTED
10011001
I110.7: FAILURE (SHUTTLE #2 ANTIBACK DOWN)
91<--EXPECTED
10010001
I110.3: FAILURE (SHUTTLE #2 AUTO TURN RETURN)
95<--EXPECTED
10010101
I110.2: FAILURE (SHUTTLE #2 AUTO TURN TURN)
96<--EXPECTED
10010110
I110.1: FAILURE (SHUTTLE #2 LIFTER DOWN)
I110.0: FAILURE (SHUTTLE #2 LIFTER UP)
57<--EXPECTED
01010111
56<--EXPECTED
01010110
way: []

#############################
date and time = 2023-06-01 04:40:27
55 <-- FAILURE DETECTED


---FAILURE LOG---
POSSIBLE NEXT STATES: states: {'96': 2432, '91': 823, '59': 807, '99': 752, '56': 41, '95': 7, '57': 2}
last state: None
state_list: ['96', '91', '59', '99', '56', '95', '57']
similar_list: [0.5, 0.625, 0.75, 0.5, 0.75, 0.75, 0.875]
score_list: [1.5, 1.419202302631579, 1.6659128289473684, 1.1546052631578947, 1.5084292763157894, 1.501439144736842, 1.7504111842105263]
dict_word_score: {'57': 1.7504111842105263, '59': 1.6659128289473684, '56': 1.5084292763157894, '95': 1.501439144736842, '96': 1.5, '91': 1.419202302631579, '99': 1.1546052631578947}

--------FAILURE--------
55<--FOUND
01010101
57<--EXPECTED
01010111
-----------------------------------------
I110.1: FAILURE (SHUTTLE #2 LIFTER DOWN)
RECOMMENDED TO CHECK: 
59<--EXPECTED
01011001
I110.3: FAILURE (SHUTTLE #2 AUTO TURN RETURN)
I110.2: FAILURE (SHUTTLE #2 AUTO TURN TURN)
56<--EXPECTED
01010110
I110.0: FAILURE (SHUTTLE #2 LIFTER UP)
95<--EXPECTED
10010101
I110.7: FAILURE (SHUTTLE #2 ANTIBACK DOWN)
I110.6: FAILURE (SHUTTLE #2 ANTIBACK UP)
96<--EXPECTED
10010110
91<--EXPECTED
10010001
99<--EXPECTED
10011001
way: []

#############################
date and time = 2023-06-03 05:02:58
15 <-- FAILURE DETECTED


---FAILURE LOG---
POSSIBLE NEXT STATES: states: {'96': 2492, '91': 843, '59': 829, '99': 771, '56': 43, '95': 7, '57': 2}
last state: None
state_list: ['96', '91', '59', '99', '56', '95', '57']
similar_list: [0.625, 0.75, 0.625, 0.625, 0.625, 0.875, 0.75]
score_list: [1.7496992179667135, 1.6690395027070384, 1.4162322037296973, 1.404601965109284, 1.2586224182875476, 1.7514036494886704, 1.5004010427110488]
dict_word_score: {'95': 1.7514036494886704, '96': 1.7496992179667135, '91': 1.6690395027070384, '57': 1.5004010427110488, '59': 1.4162322037296973, '99': 1.404601965109284, '56': 1.2586224182875476}

--------FAILURE--------
15<--FOUND
00010101
95<--EXPECTED
10010101
-----------------------------------------
I110.7: FAILURE (SHUTTLE #2 ANTIBACK DOWN)
RECOMMENDED TO CHECK: 
96<--EXPECTED
10010110
I110.1: FAILURE (SHUTTLE #2 LIFTER DOWN)
I110.0: FAILURE (SHUTTLE #2 LIFTER UP)
91<--EXPECTED
10010001
I110.2: FAILURE (SHUTTLE #2 AUTO TURN TURN)
57<--EXPECTED
01010111
I110.6: FAILURE (SHUTTLE #2 ANTIBACK UP)
59<--EXPECTED
01011001
I110.3: FAILURE (SHUTTLE #2 AUTO TURN RETURN)
99<--EXPECTED
10011001
56<--EXPECTED
01010110
way: []

#############################
date and time = 2023-06-06 03:10:09
55 <-- FAILURE DETECTED


---FAILURE LOG---
POSSIBLE NEXT STATES: states: {'96': 2524, '91': 854, '59': 840, '99': 779, '56': 46, '95': 7, '57': 2}
last state: None
state_list: ['96', '91', '59', '99', '56', '95', '57']
similar_list: [0.5, 0.625, 0.75, 0.5, 0.75, 0.75, 0.875]
score_list: [1.4996041171813144, 1.4190419635787808, 1.666270783847981, 1.154196357878068, 1.5091053048297705, 1.5013855898653998, 1.7503958828186856]
dict_word_score: {'57': 1.7503958828186856, '59': 1.666270783847981, '56': 1.5091053048297705, '95': 1.5013855898653998, '96': 1.4996041171813144, '91': 1.4190419635787808, '99': 1.154196357878068}

--------FAILURE--------
55<--FOUND
01010101
57<--EXPECTED
01010111
-----------------------------------------
I110.1: FAILURE (SHUTTLE #2 LIFTER DOWN)
RECOMMENDED TO CHECK: 
59<--EXPECTED
01011001
I110.3: FAILURE (SHUTTLE #2 AUTO TURN RETURN)
I110.2: FAILURE (SHUTTLE #2 AUTO TURN TURN)
56<--EXPECTED
01010110
I110.0: FAILURE (SHUTTLE #2 LIFTER UP)
95<--EXPECTED
10010101
I110.7: FAILURE (SHUTTLE #2 ANTIBACK DOWN)
I110.6: FAILURE (SHUTTLE #2 ANTIBACK UP)
96<--EXPECTED
10010110
91<--EXPECTED
10010001
99<--EXPECTED
10011001
way: []

#############################
date and time = 2023-06-06 23:25:55
55 <-- FAILURE DETECTED


---FAILURE LOG---
POSSIBLE NEXT STATES: states: {'96': 2545, '91': 862, '59': 847, '99': 785, '56': 47, '95': 7, '57': 2}
last state: None
state_list: ['96', '91', '59', '99', '56', '95', '57']
similar_list: [0.5, 0.625, 0.75, 0.5, 0.75, 0.75, 0.875]
score_list: [1.4995093228655545, 1.4191854759568203, 1.6662414131501473, 1.154072620215898, 1.509224730127576, 1.5013738959764475, 1.7503925417075565]
dict_word_score: {'57': 1.7503925417075565, '59': 1.6662414131501473, '56': 1.509224730127576, '95': 1.5013738959764475, '96': 1.4995093228655545, '91': 1.4191854759568203, '99': 1.154072620215898}

--------FAILURE--------
55<--FOUND
01010101
57<--EXPECTED
01010111
-----------------------------------------
I110.1: FAILURE (SHUTTLE #2 LIFTER DOWN)
RECOMMENDED TO CHECK: 
59<--EXPECTED
01011001
I110.3: FAILURE (SHUTTLE #2 AUTO TURN RETURN)
I110.2: FAILURE (SHUTTLE #2 AUTO TURN TURN)
56<--EXPECTED
01010110
I110.0: FAILURE (SHUTTLE #2 LIFTER UP)
95<--EXPECTED
10010101
I110.7: FAILURE (SHUTTLE #2 ANTIBACK DOWN)
I110.6: FAILURE (SHUTTLE #2 ANTIBACK UP)
96<--EXPECTED
10010110
91<--EXPECTED
10010001
99<--EXPECTED
10011001
way: []

#############################
date and time = 2023-06-07 06:04:45
15 <-- FAILURE DETECTED


---FAILURE LOG---
POSSIBLE NEXT STATES: states: {'96': 2545, '91': 862, '59': 847, '99': 785, '56': 47, '95': 7, '57': 2}
last state: None
state_list: ['96', '91', '59', '99', '56', '95', '57']
similar_list: [0.625, 0.75, 0.625, 0.625, 0.625, 0.875, 0.75]
score_list: [1.7495093228655545, 1.6691854759568203, 1.4162414131501473, 1.404072620215898, 1.259224730127576, 1.7513738959764475, 1.5003925417075565]
dict_word_score: {'95': 1.7513738959764475, '96': 1.7495093228655545, '91': 1.6691854759568203, '57': 1.5003925417075565, '59': 1.4162414131501473, '99': 1.404072620215898, '56': 1.259224730127576}

--------FAILURE--------
15<--FOUND
00010101
95<--EXPECTED
10010101
-----------------------------------------
I110.7: FAILURE (SHUTTLE #2 ANTIBACK DOWN)
RECOMMENDED TO CHECK: 
96<--EXPECTED
10010110
I110.1: FAILURE (SHUTTLE #2 LIFTER DOWN)
I110.0: FAILURE (SHUTTLE #2 LIFTER UP)
91<--EXPECTED
10010001
I110.2: FAILURE (SHUTTLE #2 AUTO TURN TURN)
57<--EXPECTED
01010111
I110.6: FAILURE (SHUTTLE #2 ANTIBACK UP)
59<--EXPECTED
01011001
I110.3: FAILURE (SHUTTLE #2 AUTO TURN RETURN)
99<--EXPECTED
10011001
56<--EXPECTED
01010110
way: []

#############################
date and time = 2023-06-07 23:04:59
55 <-- FAILURE DETECTED


---FAILURE LOG---
POSSIBLE NEXT STATES: states: {'96': 2581, '91': 875, '59': 858, '99': 795, '56': 47, '95': 8, '57': 2}
last state: None
state_list: ['96', '91', '59', '99', '56', '95', '57']
similar_list: [0.5, 0.625, 0.75, 0.5, 0.75, 0.75, 0.875]
score_list: [1.49961285327139, 1.4193766937669376, 1.6660859465737514, 1.153890824622532, 1.5090979481223383, 1.5015485869144405, 1.75038714672861]
dict_word_score: {'57': 1.75038714672861, '59': 1.6660859465737514, '56': 1.5090979481223383, '95': 1.5015485869144405, '96': 1.49961285327139, '91': 1.4193766937669376, '99': 1.153890824622532}

--------FAILURE--------
55<--FOUND
01010101
57<--EXPECTED
01010111
-----------------------------------------
I110.1: FAILURE (SHUTTLE #2 LIFTER DOWN)
RECOMMENDED TO CHECK: 
59<--EXPECTED
01011001
I110.3: FAILURE (SHUTTLE #2 AUTO TURN RETURN)
I110.2: FAILURE (SHUTTLE #2 AUTO TURN TURN)
56<--EXPECTED
01010110
I110.0: FAILURE (SHUTTLE #2 LIFTER UP)
95<--EXPECTED
10010101
I110.7: FAILURE (SHUTTLE #2 ANTIBACK DOWN)
I110.6: FAILURE (SHUTTLE #2 ANTIBACK UP)
96<--EXPECTED
10010110
91<--EXPECTED
10010001
99<--EXPECTED
10011001
way: []

#############################
date and time = 2023-06-11 20:46:22
92 <-- FAILURE DETECTED

RECOMMENDED TO CHECK: 
96<--EXPECTED
10010110
I110.2: FAILURE (SHUTTLE #2 AUTO TURN TURN)
way: ['96']

#############################
date and time = 2023-06-14 06:50:44
55 <-- FAILURE DETECTED


---FAILURE LOG---
POSSIBLE NEXT STATES: states: {'96': 2617, '91': 887, '59': 870, '99': 805, '56': 48, '95': 8, '57': 2}
last state: None
state_list: ['96', '91', '59', '99', '56', '95', '57']
similar_list: [0.5, 0.625, 0.75, 0.5, 0.75, 0.75, 0.875]
score_list: [1.499713576475081, 1.4193717777353447, 1.666125644452931, 1.1537139583731144, 1.509165552797403, 1.5015275921329005, 1.750381898033225]
dict_word_score: {'57': 1.750381898033225, '59': 1.666125644452931, '56': 1.509165552797403, '95': 1.5015275921329005, '96': 1.499713576475081, '91': 1.4193717777353447, '99': 1.1537139583731144}

--------FAILURE--------
55<--FOUND
01010101
57<--EXPECTED
01010111
-----------------------------------------
I110.1: FAILURE (SHUTTLE #2 LIFTER DOWN)
RECOMMENDED TO CHECK: 
59<--EXPECTED
01011001
I110.3: FAILURE (SHUTTLE #2 AUTO TURN RETURN)
I110.2: FAILURE (SHUTTLE #2 AUTO TURN TURN)
56<--EXPECTED
01010110
I110.0: FAILURE (SHUTTLE #2 LIFTER UP)
95<--EXPECTED
10010101
I110.7: FAILURE (SHUTTLE #2 ANTIBACK DOWN)
I110.6: FAILURE (SHUTTLE #2 ANTIBACK UP)
96<--EXPECTED
10010110
91<--EXPECTED
10010001
99<--EXPECTED
10011001
way: []

#############################
date and time = 2023-06-20 15:13:43
55 <-- FAILURE DETECTED


---FAILURE LOG---
POSSIBLE NEXT STATES: states: {'96': 2754, '91': 933, '59': 916, '99': 844, '56': 53, '95': 8, '57': 2}
last state: None
state_list: ['96', '91', '59', '99', '56', '95', '57']
similar_list: [0.5, 0.625, 0.75, 0.5, 0.75, 0.75, 0.875]
score_list: [1.4998185117967333, 1.419328493647913, 1.6662431941923774, 1.1531760435571687, 1.5096188747731398, 1.5014519056261344, 1.7503629764065336]
dict_word_score: {'57': 1.7503629764065336, '59': 1.6662431941923774, '56': 1.5096188747731398, '95': 1.5014519056261344, '96': 1.4998185117967333, '91': 1.419328493647913, '99': 1.1531760435571687}

--------FAILURE--------
55<--FOUND
01010101
57<--EXPECTED
01010111
-----------------------------------------
I110.1: FAILURE (SHUTTLE #2 LIFTER DOWN)
RECOMMENDED TO CHECK: 
59<--EXPECTED
01011001
I110.3: FAILURE (SHUTTLE #2 AUTO TURN RETURN)
I110.2: FAILURE (SHUTTLE #2 AUTO TURN TURN)
56<--EXPECTED
01010110
I110.0: FAILURE (SHUTTLE #2 LIFTER UP)
95<--EXPECTED
10010101
I110.7: FAILURE (SHUTTLE #2 ANTIBACK DOWN)
I110.6: FAILURE (SHUTTLE #2 ANTIBACK UP)
96<--EXPECTED
10010110
91<--EXPECTED
10010001
99<--EXPECTED
10011001
way: []

#############################
date and time = 2023-06-20 19:53:43
55 <-- FAILURE DETECTED


---FAILURE LOG---
POSSIBLE NEXT STATES: states: {'96': 2754, '91': 933, '59': 916, '99': 844, '56': 53, '95': 8, '57': 2}
last state: None
state_list: ['96', '91', '59', '99', '56', '95', '57']
similar_list: [0.5, 0.625, 0.75, 0.5, 0.75, 0.75, 0.875]
score_list: [1.4998185117967333, 1.419328493647913, 1.6662431941923774, 1.1531760435571687, 1.5096188747731398, 1.5014519056261344, 1.7503629764065336]
dict_word_score: {'57': 1.7503629764065336, '59': 1.6662431941923774, '56': 1.5096188747731398, '95': 1.5014519056261344, '96': 1.4998185117967333, '91': 1.419328493647913, '99': 1.1531760435571687}

--------FAILURE--------
55<--FOUND
01010101
57<--EXPECTED
01010111
-----------------------------------------
I110.1: FAILURE (SHUTTLE #2 LIFTER DOWN)
RECOMMENDED TO CHECK: 
59<--EXPECTED
01011001
I110.3: FAILURE (SHUTTLE #2 AUTO TURN RETURN)
I110.2: FAILURE (SHUTTLE #2 AUTO TURN TURN)
56<--EXPECTED
01010110
I110.0: FAILURE (SHUTTLE #2 LIFTER UP)
95<--EXPECTED
10010101
I110.7: FAILURE (SHUTTLE #2 ANTIBACK DOWN)
I110.6: FAILURE (SHUTTLE #2 ANTIBACK UP)
96<--EXPECTED
10010110
91<--EXPECTED
10010001
99<--EXPECTED
10011001
way: []

#############################
date and time = 2023-06-21 13:58:37
55 <-- FAILURE DETECTED


---FAILURE LOG---
POSSIBLE NEXT STATES: states: {'96': 2771, '91': 939, '59': 921, '99': 849, '56': 54, '95': 8, '57': 2}
last state: None
state_list: ['96', '91', '59', '99', '56', '95', '57']
similar_list: [0.5, 0.625, 0.75, 0.5, 0.75, 0.75, 0.875]
score_list: [1.499819624819625, 1.4193722943722944, 1.6661255411255411, 1.1531385281385282, 1.5097402597402598, 1.5014430014430014, 1.7503607503607503]
dict_word_score: {'57': 1.7503607503607503, '59': 1.6661255411255411, '56': 1.5097402597402598, '95': 1.5014430014430014, '96': 1.499819624819625, '91': 1.4193722943722944, '99': 1.1531385281385282}

--------FAILURE--------
55<--FOUND
01010101
57<--EXPECTED
01010111
-----------------------------------------
I110.1: FAILURE (SHUTTLE #2 LIFTER DOWN)
RECOMMENDED TO CHECK: 
59<--EXPECTED
01011001
I110.3: FAILURE (SHUTTLE #2 AUTO TURN RETURN)
I110.2: FAILURE (SHUTTLE #2 AUTO TURN TURN)
56<--EXPECTED
01010110
I110.0: FAILURE (SHUTTLE #2 LIFTER UP)
95<--EXPECTED
10010101
I110.7: FAILURE (SHUTTLE #2 ANTIBACK DOWN)
I110.6: FAILURE (SHUTTLE #2 ANTIBACK UP)
96<--EXPECTED
10010110
91<--EXPECTED
10010001
99<--EXPECTED
10011001
way: []

#############################
date and time = 2023-06-26 12:35:46
55 <-- FAILURE DETECTED


---FAILURE LOG---
POSSIBLE NEXT STATES: states: {'96': 2878, '91': 977, '59': 957, '99': 881, '56': 56, '95': 8, '57': 2}
last state: None
state_list: ['96', '91', '59', '99', '56', '95', '57']
similar_list: [0.5, 0.625, 0.75, 0.5, 0.75, 0.75, 0.875]
score_list: [1.499739538114256, 1.4196475082479596, 1.6661746831047057, 1.1529779475603403, 1.5097239104011113, 1.5013891300573017, 1.7503472825143254]
dict_word_score: {'57': 1.7503472825143254, '59': 1.6661746831047057, '56': 1.5097239104011113, '95': 1.5013891300573017, '96': 1.499739538114256, '91': 1.4196475082479596, '99': 1.1529779475603403}

--------FAILURE--------
55<--FOUND
01010101
57<--EXPECTED
01010111
-----------------------------------------
I110.1: FAILURE (SHUTTLE #2 LIFTER DOWN)
RECOMMENDED TO CHECK: 
59<--EXPECTED
01011001
I110.3: FAILURE (SHUTTLE #2 AUTO TURN RETURN)
I110.2: FAILURE (SHUTTLE #2 AUTO TURN TURN)
56<--EXPECTED
01010110
I110.0: FAILURE (SHUTTLE #2 LIFTER UP)
95<--EXPECTED
10010101
I110.7: FAILURE (SHUTTLE #2 ANTIBACK DOWN)
I110.6: FAILURE (SHUTTLE #2 ANTIBACK UP)
96<--EXPECTED
10010110
91<--EXPECTED
10010001
99<--EXPECTED
10011001
way: []

#############################
date and time = 2023-07-05 03:13:16
55 <-- FAILURE DETECTED


---FAILURE LOG---
POSSIBLE NEXT STATES: states: {'96': 3041, '91': 1032, '59': 1011, '99': 927, '56': 65, '95': 8, '57': 2}
last state: None
state_list: ['96', '91', '59', '99', '56', '95', '57']
similar_list: [0.5, 0.625, 0.75, 0.5, 0.75, 0.75, 0.875]
score_list: [1.4996713769306607, 1.4195695037791654, 1.666118961551101, 1.1523167926388433, 1.5106802497535328, 1.5013144922773578, 1.7503286230693396]
dict_word_score: {'57': 1.7503286230693396, '59': 1.666118961551101, '56': 1.5106802497535328, '95': 1.5013144922773578, '96': 1.4996713769306607, '91': 1.4195695037791654, '99': 1.1523167926388433}

--------FAILURE--------
55<--FOUND
01010101
57<--EXPECTED
01010111
-----------------------------------------
I110.1: FAILURE (SHUTTLE #2 LIFTER DOWN)
RECOMMENDED TO CHECK: 
59<--EXPECTED
01011001
I110.3: FAILURE (SHUTTLE #2 AUTO TURN RETURN)
I110.2: FAILURE (SHUTTLE #2 AUTO TURN TURN)
56<--EXPECTED
01010110
I110.0: FAILURE (SHUTTLE #2 LIFTER UP)
95<--EXPECTED
10010101
I110.7: FAILURE (SHUTTLE #2 ANTIBACK DOWN)
I110.6: FAILURE (SHUTTLE #2 ANTIBACK UP)
96<--EXPECTED
10010110
91<--EXPECTED
10010001
99<--EXPECTED
10011001
way: []

#############################
date and time = 2023-07-06 17:15:28
15 <-- FAILURE DETECTED


---FAILURE LOG---
POSSIBLE NEXT STATES: states: {'96': 3090, '91': 1051, '59': 1028, '99': 940, '56': 65, '95': 9, '57': 2}
last state: None
state_list: ['96', '91', '59', '99', '56', '95', '57']
similar_list: [0.625, 0.75, 0.625, 0.625, 0.625, 0.875, 0.75]
score_list: [1.7495957962813258, 1.6699272433306387, 1.416208569118836, 1.4019805982215037, 1.2605092966855296, 1.7514551333872272, 1.5003233629749393]
dict_word_score: {'95': 1.7514551333872272, '96': 1.7495957962813258, '91': 1.6699272433306387, '57': 1.5003233629749393, '59': 1.416208569118836, '99': 1.4019805982215037, '56': 1.2605092966855296}

--------FAILURE--------
15<--FOUND
00010101
95<--EXPECTED
10010101
-----------------------------------------
I110.7: FAILURE (SHUTTLE #2 ANTIBACK DOWN)
RECOMMENDED TO CHECK: 
96<--EXPECTED
10010110
I110.1: FAILURE (SHUTTLE #2 LIFTER DOWN)
I110.0: FAILURE (SHUTTLE #2 LIFTER UP)
91<--EXPECTED
10010001
I110.2: FAILURE (SHUTTLE #2 AUTO TURN TURN)
57<--EXPECTED
01010111
I110.6: FAILURE (SHUTTLE #2 ANTIBACK UP)
59<--EXPECTED
01011001
I110.3: FAILURE (SHUTTLE #2 AUTO TURN RETURN)
99<--EXPECTED
10011001
56<--EXPECTED
01010110
way: []

#############################
date and time = 2023-07-06 23:54:46
55 <-- FAILURE DETECTED


---FAILURE LOG---
POSSIBLE NEXT STATES: states: {'96': 3090, '91': 1051, '59': 1028, '99': 940, '56': 65, '95': 9, '57': 2}
last state: None
state_list: ['96', '91', '59', '99', '56', '95', '57']
similar_list: [0.5, 0.625, 0.75, 0.5, 0.75, 0.75, 0.875]
score_list: [1.4995957962813258, 1.4199272433306387, 1.666208569118836, 1.1519805982215037, 1.5105092966855296, 1.5014551333872272, 1.7503233629749393]
dict_word_score: {'57': 1.7503233629749393, '59': 1.666208569118836, '56': 1.5105092966855296, '95': 1.5014551333872272, '96': 1.4995957962813258, '91': 1.4199272433306387, '99': 1.1519805982215037}

--------FAILURE--------
55<--FOUND
01010101
57<--EXPECTED
01010111
-----------------------------------------
I110.1: FAILURE (SHUTTLE #2 LIFTER DOWN)
RECOMMENDED TO CHECK: 
59<--EXPECTED
01011001
I110.3: FAILURE (SHUTTLE #2 AUTO TURN RETURN)
I110.2: FAILURE (SHUTTLE #2 AUTO TURN TURN)
56<--EXPECTED
01010110
I110.0: FAILURE (SHUTTLE #2 LIFTER UP)
95<--EXPECTED
10010101
I110.7: FAILURE (SHUTTLE #2 ANTIBACK DOWN)
I110.6: FAILURE (SHUTTLE #2 ANTIBACK UP)
96<--EXPECTED
10010110
91<--EXPECTED
10010001
99<--EXPECTED
10011001
way: []

#############################
date and time = 2023-07-10 09:45:25
55 <-- FAILURE DETECTED


---FAILURE LOG---
POSSIBLE NEXT STATES: states: {'96': 3147, '91': 1069, '59': 1046, '99': 955, '56': 67, '95': 9, '57': 2}
last state: None
state_list: ['96', '91', '59', '99', '56', '95', '57']
similar_list: [0.5, 0.625, 0.75, 0.5, 0.75, 0.75, 0.875]
score_list: [1.4999205718824464, 1.4198173153296267, 1.6661636219221605, 1.1517077045274027, 1.5106433677521842, 1.5014297061159652, 1.7503177124702145]
dict_word_score: {'57': 1.7503177124702145, '59': 1.6661636219221605, '56': 1.5106433677521842, '95': 1.5014297061159652, '96': 1.4999205718824464, '91': 1.4198173153296267, '99': 1.1517077045274027}

--------FAILURE--------
55<--FOUND
01010101
57<--EXPECTED
01010111
-----------------------------------------
I110.1: FAILURE (SHUTTLE #2 LIFTER DOWN)
RECOMMENDED TO CHECK: 
59<--EXPECTED
01011001
I110.3: FAILURE (SHUTTLE #2 AUTO TURN RETURN)
I110.2: FAILURE (SHUTTLE #2 AUTO TURN TURN)
56<--EXPECTED
01010110
I110.0: FAILURE (SHUTTLE #2 LIFTER UP)
95<--EXPECTED
10010101
I110.7: FAILURE (SHUTTLE #2 ANTIBACK DOWN)
I110.6: FAILURE (SHUTTLE #2 ANTIBACK UP)
96<--EXPECTED
10010110
91<--EXPECTED
10010001
99<--EXPECTED
10011001
way: []

#############################
date and time = 2023-07-11 00:13:30
55 <-- FAILURE DETECTED


---FAILURE LOG---
POSSIBLE NEXT STATES: states: {'96': 3158, '91': 1073, '59': 1049, '99': 958, '56': 67, '95': 9, '57': 2}
last state: None
state_list: ['96', '91', '59', '99', '56', '95', '57']
similar_list: [0.5, 0.625, 0.75, 0.5, 0.75, 0.75, 0.875]
score_list: [1.5, 1.4198860037998733, 1.666086130462318, 1.1516782773907537, 1.5106079797340088, 1.5014249525015833, 1.750316656111463]
dict_word_score: {'57': 1.750316656111463, '59': 1.666086130462318, '56': 1.5106079797340088, '95': 1.5014249525015833, '96': 1.5, '91': 1.4198860037998733, '99': 1.1516782773907537}

--------FAILURE--------
55<--FOUND
01010101
57<--EXPECTED
01010111
-----------------------------------------
I110.1: FAILURE (SHUTTLE #2 LIFTER DOWN)
RECOMMENDED TO CHECK: 
59<--EXPECTED
01011001
I110.3: FAILURE (SHUTTLE #2 AUTO TURN RETURN)
I110.2: FAILURE (SHUTTLE #2 AUTO TURN TURN)
56<--EXPECTED
01010110
I110.0: FAILURE (SHUTTLE #2 LIFTER UP)
95<--EXPECTED
10010101
I110.7: FAILURE (SHUTTLE #2 ANTIBACK DOWN)
I110.6: FAILURE (SHUTTLE #2 ANTIBACK UP)
96<--EXPECTED
10010110
91<--EXPECTED
10010001
99<--EXPECTED
10011001
way: []

#############################
date and time = 2023-07-18 15:37:44
0 <-- FAILURE DETECTED


---FAILURE LOG---
POSSIBLE NEXT STATES: states: {'96': 3328, '91': 1133, '59': 1107, '99': 1008, '56': 68, '95': 9, '57': 2}
last state: None
state_list: ['96', '91', '59', '99', '56', '95', '57']
similar_list: [0.5, 0.625, 0.5, 0.5, 0.5, 0.5, 0.375]
score_list: [1.5000751314800902, 1.4202479338842975, 1.1663410969196093, 1.151465063861758, 1.0102178812922615, 1.0013523666416229, 0.7503005259203607]
dict_word_score: {'96': 1.5000751314800902, '91': 1.4202479338842975, '59': 1.1663410969196093, '99': 1.151465063861758, '56': 1.0102178812922615, '95': 1.0013523666416229, '57': 0.7503005259203607}

--------FAILURE--------
0<--FOUND
00000000
96<--EXPECTED
10010110
-----------------------------------------
I110.7: FAILURE (SHUTTLE #2 ANTIBACK DOWN)
I110.4: FAILURE (SHUTTLE #2 STOPPER UP)
I110.2: FAILURE (SHUTTLE #2 AUTO TURN TURN)
I110.1: FAILURE (SHUTTLE #2 LIFTER DOWN)
RECOMMENDED TO CHECK: 
91<--EXPECTED
10010001
I110.0: FAILURE (SHUTTLE #2 LIFTER UP)
59<--EXPECTED
01011001
I110.6: FAILURE (SHUTTLE #2 ANTIBACK UP)
I110.3: FAILURE (SHUTTLE #2 AUTO TURN RETURN)
99<--EXPECTED
10011001
56<--EXPECTED
01010110
95<--EXPECTED
10010101
57<--EXPECTED
01010111
way: []

#############################
date and time = 2023-07-20 13:47:10
57 <-- FAILURE DETECTED


---FAILURE LOG---
POSSIBLE NEXT STATES: states: {'55': 17}
last state: 15
state_list: ['55']
similar_list: [0.875]
score_list: [2.75]
dict_word_score: {'55': 2.75}

--------FAILURE--------
57<--FOUND
01010111
55<--EXPECTED
01010101
-----------------------------------------
I110.1: FAILURE (SHUTTLE #2 LIFTER DOWN)
RECOMMENDED TO CHECK: 
15<--EXPECTED
00010101
I110.6: FAILURE (SHUTTLE #2 ANTIBACK UP)
way: ['59', '19', '99', '91', '95', '91', '95', '15']

#############################
date and time = 2023-07-21 07:02:49
15 <-- FAILURE DETECTED


---FAILURE LOG---
POSSIBLE NEXT STATES: states: {'96': 3377, '91': 1151, '59': 1123, '99': 1021, '56': 70, '95': 9, '57': 2}
last state: None
state_list: ['96', '91', '59', '99', '56', '95', '57']
similar_list: [0.625, 0.75, 0.625, 0.625, 0.625, 0.875, 0.75]
score_list: [1.7500740411668887, 1.670442766177995, 1.4162964608322226, 1.4011920627869094, 1.2603657633644305, 1.7513327410039983, 1.5002961646675552]
dict_word_score: {'95': 1.7513327410039983, '96': 1.7500740411668887, '91': 1.670442766177995, '57': 1.5002961646675552, '59': 1.4162964608322226, '99': 1.4011920627869094, '56': 1.2603657633644305}

--------FAILURE--------
15<--FOUND
00010101
95<--EXPECTED
10010101
-----------------------------------------
I110.7: FAILURE (SHUTTLE #2 ANTIBACK DOWN)
RECOMMENDED TO CHECK: 
96<--EXPECTED
10010110
I110.1: FAILURE (SHUTTLE #2 LIFTER DOWN)
I110.0: FAILURE (SHUTTLE #2 LIFTER UP)
91<--EXPECTED
10010001
I110.2: FAILURE (SHUTTLE #2 AUTO TURN TURN)
57<--EXPECTED
01010111
I110.6: FAILURE (SHUTTLE #2 ANTIBACK UP)
59<--EXPECTED
01011001
I110.3: FAILURE (SHUTTLE #2 AUTO TURN RETURN)
99<--EXPECTED
10011001
56<--EXPECTED
01010110
way: []

#############################
date and time = 2023-08-10 03:04:01
55 <-- FAILURE DETECTED


---FAILURE LOG---
POSSIBLE NEXT STATES: states: {'96': 3422, '91': 1167, '59': 1137, '99': 1033, '56': 71, '95': 9, '57': 2}
last state: None
state_list: ['96', '91', '59', '99', '56', '95', '57']
similar_list: [0.5, 0.625, 0.75, 0.5, 0.75, 0.75, 0.875]
score_list: [1.5002192661891536, 1.420589095161526, 1.6662037713784534, 1.151001315597135, 1.5103785996199386, 1.5013155971349217, 1.7502923549188716]
dict_word_score: {'57': 1.7502923549188716, '59': 1.6662037713784534, '56': 1.5103785996199386, '95': 1.5013155971349217, '96': 1.5002192661891536, '91': 1.420589095161526, '99': 1.151001315597135}

--------FAILURE--------
55<--FOUND
01010101
57<--EXPECTED
01010111
-----------------------------------------
I110.1: FAILURE (SHUTTLE #2 LIFTER DOWN)
RECOMMENDED TO CHECK: 
59<--EXPECTED
01011001
I110.3: FAILURE (SHUTTLE #2 AUTO TURN RETURN)
I110.2: FAILURE (SHUTTLE #2 AUTO TURN TURN)
56<--EXPECTED
01010110
I110.0: FAILURE (SHUTTLE #2 LIFTER UP)
95<--EXPECTED
10010101
I110.7: FAILURE (SHUTTLE #2 ANTIBACK DOWN)
I110.6: FAILURE (SHUTTLE #2 ANTIBACK UP)
96<--EXPECTED
10010110
91<--EXPECTED
10010001
99<--EXPECTED
10011001
way: []