

#############################
date and time = 2023-04-16 15:15:21
97 <-- FAILURE DETECTED


---FAILURE LOG---
POSSIBLE NEXT STATES: states: {'16': 428, '56': 688}
last state: 96
state_list: ['16', '56']
similar_list: [0.75, 0.625]
score_list: [1.8835125448028673, 1.8664874551971327]
dict_word_score: {'16': 1.8835125448028673, '56': 1.8664874551971327}

--------FAILURE--------
97<--FOUND
10010111
16<--EXPECTED
00010110
-----------------------------------------
I110.7: FAILURE (SHUTTLE #2 ANTIBACK DOWN)
I110.0: FAILURE (SHUTTLE #2 LIFTER UP)
RECOMMENDED TO CHECK: 
96<--EXPECTED
10010110
56<--EXPECTED
01010110
I110.6: FAILURE (SHUTTLE #2 ANTIBACK UP)
way: ['96']

#############################
date and time = 2023-04-16 15:23:28
97 <-- FAILURE DETECTED


---FAILURE LOG---
POSSIBLE NEXT STATES: states: {'16': 428, '56': 688}
last state: 96
state_list: ['16', '56']
similar_list: [0.75, 0.625]
score_list: [1.8835125448028673, 1.8664874551971327]
dict_word_score: {'16': 1.8835125448028673, '56': 1.8664874551971327}

--------FAILURE--------
97<--FOUND
10010111
16<--EXPECTED
00010110
-----------------------------------------
I110.7: FAILURE (SHUTTLE #2 ANTIBACK DOWN)
I110.0: FAILURE (SHUTTLE #2 LIFTER UP)
RECOMMENDED TO CHECK: 
96<--EXPECTED
10010110
56<--EXPECTED
01010110
I110.6: FAILURE (SHUTTLE #2 ANTIBACK UP)
way: ['96', '56', '96']

#############################
date and time = 2023-04-16 18:40:13
0 <-- FAILURE DETECTED


---FAILURE LOG---
POSSIBLE NEXT STATES: states: {'19': 153, '91': 1057, '59': 207, '98': 2, '9b': 1}
last state: 99
state_list: ['19', '91', '59', '98', '9b']
similar_list: [0.625, 0.625, 0.5, 0.625, 0.375]
score_list: [1.3577464788732394, 1.9943661971830986, 1.1457746478873239, 1.2514084507042254, 0.7507042253521127]
dict_word_score: {'91': 1.9943661971830986, '19': 1.3577464788732394, '98': 1.2514084507042254, '59': 1.1457746478873239, '9b': 0.7507042253521127}

--------FAILURE--------
0<--FOUND
00000000
91<--EXPECTED
10010001
-----------------------------------------
I110.7: FAILURE (SHUTTLE #2 ANTIBACK DOWN)
I110.4: FAILURE (SHUTTLE #2 STOPPER UP)
I110.0: FAILURE (SHUTTLE #2 LIFTER UP)
RECOMMENDED TO CHECK: 
99<--EXPECTED
10011001
I110.3: FAILURE (SHUTTLE #2 AUTO TURN RETURN)
19<--EXPECTED
00011001
98<--EXPECTED
10011000
59<--EXPECTED
01011001
I110.6: FAILURE (SHUTTLE #2 ANTIBACK UP)
9b<--EXPECTED
10011011
I110.1: FAILURE (SHUTTLE #2 LIFTER DOWN)
way: ['99']

#############################
date and time = 2023-04-16 18:44:52
0 <-- FAILURE DETECTED


---FAILURE LOG---
POSSIBLE NEXT STATES: states: {'19': 153, '91': 1057, '59': 207, '98': 2, '9b': 1}
last state: 99
state_list: ['19', '91', '59', '98', '9b']
similar_list: [0.625, 0.625, 0.5, 0.625, 0.375]
score_list: [1.3577464788732394, 1.9943661971830986, 1.1457746478873239, 1.2514084507042254, 0.7507042253521127]
dict_word_score: {'91': 1.9943661971830986, '19': 1.3577464788732394, '98': 1.2514084507042254, '59': 1.1457746478873239, '9b': 0.7507042253521127}

--------FAILURE--------
0<--FOUND
00000000
91<--EXPECTED
10010001
-----------------------------------------
I110.7: FAILURE (SHUTTLE #2 ANTIBACK DOWN)
I110.4: FAILURE (SHUTTLE #2 STOPPER UP)
I110.0: FAILURE (SHUTTLE #2 LIFTER UP)
RECOMMENDED TO CHECK: 
99<--EXPECTED
10011001
I110.3: FAILURE (SHUTTLE #2 AUTO TURN RETURN)
19<--EXPECTED
00011001
98<--EXPECTED
10011000
59<--EXPECTED
01011001
I110.6: FAILURE (SHUTTLE #2 ANTIBACK UP)
9b<--EXPECTED
10011011
I110.1: FAILURE (SHUTTLE #2 LIFTER DOWN)
way: ['99']

#############################
date and time = 2023-04-27 09:14:20
15 <-- FAILURE DETECTED


---FAILURE LOG---
POSSIBLE NEXT STATES: states: {'56': 129, '99': 2606, '96': 3523, '91': 14, '59': 754, '95': 14, '57': 2, '19': 20, '16': 1, '98': 6, '55': 2, '14': 1}
last state: None
state_list: ['56', '99', '96', '91', '59', '95', '57', '19', '16', '98', '55', '14']
similar_list: [0.625, 0.625, 0.625, 0.75, 0.625, 0.875, 0.75, 0.75, 0.75, 0.5, 0.875, 0.875]
score_list: [1.2682409502262444, 1.6184954751131222, 1.7481617647058822, 1.5019796380090498, 1.3566176470588236, 1.7519796380090498, 1.5002828054298643, 1.5028280542986425, 1.5001414027149322, 1.0008484162895928, 1.7502828054298643, 1.7501414027149322]
dict_word_score: {'95': 1.7519796380090498, '55': 1.7502828054298643, '14': 1.7501414027149322, '96': 1.7481617647058822, '99': 1.6184954751131222, '19': 1.5028280542986425, '91': 1.5019796380090498, '57': 1.5002828054298643, '16': 1.5001414027149322, '59': 1.3566176470588236, '56': 1.2682409502262444, '98': 1.0008484162895928}

--------FAILURE--------
15<--FOUND
00010101
95<--EXPECTED
10010101
-----------------------------------------
I110.7: FAILURE (SHUTTLE #2 ANTIBACK DOWN)
RECOMMENDED TO CHECK: 
55<--EXPECTED
01010101
I110.6: FAILURE (SHUTTLE #2 ANTIBACK UP)
14<--EXPECTED
00010100
I110.0: FAILURE (SHUTTLE #2 LIFTER UP)
96<--EXPECTED
10010110
I110.1: FAILURE (SHUTTLE #2 LIFTER DOWN)
99<--EXPECTED
10011001
I110.3: FAILURE (SHUTTLE #2 AUTO TURN RETURN)
I110.2: FAILURE (SHUTTLE #2 AUTO TURN TURN)
19<--EXPECTED
00011001
91<--EXPECTED
10010001
57<--EXPECTED
01010111
16<--EXPECTED
00010110
59<--EXPECTED
01011001
56<--EXPECTED
01010110
98<--EXPECTED
10011000
way: []

#############################
date and time = 2023-05-29 01:22:11
54 <-- FAILURE DETECTED


---FAILURE LOG---
POSSIBLE NEXT STATES: states: {'91': 859, '15': 144, '55': 409, '14': 94}
last state: 95
state_list: ['91', '15', '55', '14']
similar_list: [0.5, 0.75, 0.875, 0.875]
score_list: [1.5703851261620185, 1.595617529880478, 2.0215803452855248, 1.8124169986719787]
dict_word_score: {'55': 2.0215803452855248, '14': 1.8124169986719787, '15': 1.595617529880478, '91': 1.5703851261620185}

--------FAILURE--------
54<--FOUND
01010100
55<--EXPECTED
01010101
-----------------------------------------
I110.0: FAILURE (SHUTTLE #2 LIFTER UP)
RECOMMENDED TO CHECK: 
95<--EXPECTED
10010101
I110.7: FAILURE (SHUTTLE #2 ANTIBACK DOWN)
I110.6: FAILURE (SHUTTLE #2 ANTIBACK UP)
14<--EXPECTED
00010100
15<--EXPECTED
00010101
91<--EXPECTED
10010001
I110.2: FAILURE (SHUTTLE #2 AUTO TURN TURN)
way: ['99', '91', '95']

#############################
date and time = 2023-05-29 08:12:57
54 <-- FAILURE DETECTED


---FAILURE LOG---
POSSIBLE NEXT STATES: states: {'91': 859, '15': 144, '55': 409, '14': 94}
last state: 95
state_list: ['91', '15', '55', '14']
similar_list: [0.5, 0.75, 0.875, 0.875]
score_list: [1.5703851261620185, 1.595617529880478, 2.0215803452855248, 1.8124169986719787]
dict_word_score: {'55': 2.0215803452855248, '14': 1.8124169986719787, '15': 1.595617529880478, '91': 1.5703851261620185}

--------FAILURE--------
54<--FOUND
01010100
55<--EXPECTED
01010101
-----------------------------------------
I110.0: FAILURE (SHUTTLE #2 LIFTER UP)
RECOMMENDED TO CHECK: 
95<--EXPECTED
10010101
I110.7: FAILURE (SHUTTLE #2 ANTIBACK DOWN)
I110.6: FAILURE (SHUTTLE #2 ANTIBACK UP)
14<--EXPECTED
00010100
15<--EXPECTED
00010101
91<--EXPECTED
10010001
I110.2: FAILURE (SHUTTLE #2 AUTO TURN TURN)
way: ['99', '91', '95', '91', '95']

#############################
date and time = 2023-06-11 19:20:57
0 <-- FAILURE DETECTED


---FAILURE LOG---
POSSIBLE NEXT STATES: states: {'16': 313, '56': 541}
last state: 96
state_list: ['16', '56']
similar_list: [0.625, 0.5]
score_list: [1.6165105386416863, 1.6334894613583137]
dict_word_score: {'56': 1.6334894613583137, '16': 1.6165105386416863}

--------FAILURE--------
0<--FOUND
00000000
56<--EXPECTED
01010110
-----------------------------------------
I110.6: FAILURE (SHUTTLE #2 ANTIBACK UP)
I110.4: FAILURE (SHUTTLE #2 STOPPER UP)
I110.2: FAILURE (SHUTTLE #2 AUTO TURN TURN)
I110.1: FAILURE (SHUTTLE #2 LIFTER DOWN)
RECOMMENDED TO CHECK: 
96<--EXPECTED
10010110
I110.7: FAILURE (SHUTTLE #2 ANTIBACK DOWN)
16<--EXPECTED
00010110
way: ['96']

#############################
date and time = 2023-06-11 20:44:27
0 <-- FAILURE DETECTED


---FAILURE LOG---
POSSIBLE NEXT STATES: states: {'16': 313, '56': 541}
last state: 96
state_list: ['16', '56']
similar_list: [0.625, 0.5]
score_list: [1.6165105386416863, 1.6334894613583137]
dict_word_score: {'56': 1.6334894613583137, '16': 1.6165105386416863}

--------FAILURE--------
0<--FOUND
00000000
56<--EXPECTED
01010110
-----------------------------------------
I110.6: FAILURE (SHUTTLE #2 ANTIBACK UP)
I110.4: FAILURE (SHUTTLE #2 STOPPER UP)
I110.2: FAILURE (SHUTTLE #2 AUTO TURN TURN)
I110.1: FAILURE (SHUTTLE #2 LIFTER DOWN)
RECOMMENDED TO CHECK: 
96<--EXPECTED
10010110
I110.7: FAILURE (SHUTTLE #2 ANTIBACK DOWN)
16<--EXPECTED
00010110
way: ['96']

#############################
date and time = 2023-06-16 21:52:12
94 <-- FAILURE DETECTED


---FAILURE LOG---
POSSIBLE NEXT STATES: states: {'91': 1158, '15': 204, '55': 534, '14': 117, '54': 1}
last state: 95
state_list: ['91', '15', '55', '14', '54']
similar_list: [0.75, 0.75, 0.625, 0.875, 0.75]
score_list: [2.0749751737835154, 1.6012909632571997, 1.5151439920556107, 1.8080933465739821, 1.5004965243296922]
dict_word_score: {'91': 2.0749751737835154, '14': 1.8080933465739821, '15': 1.6012909632571997, '55': 1.5151439920556107, '54': 1.5004965243296922}

--------FAILURE--------
94<--FOUND
10010100
91<--EXPECTED
10010001
-----------------------------------------
I110.2: FAILURE (SHUTTLE #2 AUTO TURN TURN)
I110.0: FAILURE (SHUTTLE #2 LIFTER UP)
RECOMMENDED TO CHECK: 
95<--EXPECTED
10010101
14<--EXPECTED
00010100
I110.7: FAILURE (SHUTTLE #2 ANTIBACK DOWN)
15<--EXPECTED
00010101
55<--EXPECTED
01010101
I110.6: FAILURE (SHUTTLE #2 ANTIBACK UP)
54<--EXPECTED
01010100
way: ['99', '91', '95']

#############################
date and time = 2023-06-26 09:47:04
57 <-- FAILURE DETECTED


---FAILURE LOG---
POSSIBLE NEXT STATES: states: {'95': 421, '55': 217}
last state: 15
state_list: ['95', '55']
similar_list: [0.625, 0.875]
score_list: [1.9098746081504703, 2.0901253918495297]
dict_word_score: {'55': 2.0901253918495297, '95': 1.9098746081504703}

--------FAILURE--------
57<--FOUND
01010111
55<--EXPECTED
01010101
-----------------------------------------
I110.1: FAILURE (SHUTTLE #2 LIFTER DOWN)
RECOMMENDED TO CHECK: 
15<--EXPECTED
00010101
I110.6: FAILURE (SHUTTLE #2 ANTIBACK UP)
95<--EXPECTED
10010101
I110.7: FAILURE (SHUTTLE #2 ANTIBACK DOWN)
way: ['99', '91', '95', '91', '95', '15']

#############################
date and time = 2023-07-07 23:14:35
14 <-- FAILURE DETECTED


---FAILURE LOG---
POSSIBLE NEXT STATES: states: {'96': 3116, '99': 2416, '55': 3, '19': 28, '59': 552, '56': 128, '95': 4, '91': 17, '57': 2, '16': 1}
last state: None
state_list: ['96', '99', '55', '19', '59', '56', '95', '91', '57', '16']
similar_list: [0.75, 0.5, 0.75, 0.625, 0.5, 0.75, 0.75, 0.625, 0.625, 0.875]
score_list: [1.9972075953406734, 1.3855114089676082, 1.500478697941599, 1.2544678474549227, 1.0880804212541886, 1.5204244455082176, 1.5006382639221318, 1.25271262166906, 1.2503191319610658, 1.750159565980533]
dict_word_score: {'96': 1.9972075953406734, '16': 1.750159565980533, '56': 1.5204244455082176, '95': 1.5006382639221318, '55': 1.500478697941599, '99': 1.3855114089676082, '19': 1.2544678474549227, '91': 1.25271262166906, '57': 1.2503191319610658, '59': 1.0880804212541886}

--------FAILURE--------
14<--FOUND
00010100
96<--EXPECTED
10010110
-----------------------------------------
I110.7: FAILURE (SHUTTLE #2 ANTIBACK DOWN)
I110.1: FAILURE (SHUTTLE #2 LIFTER DOWN)
RECOMMENDED TO CHECK: 
16<--EXPECTED
00010110
56<--EXPECTED
01010110
I110.6: FAILURE (SHUTTLE #2 ANTIBACK UP)
95<--EXPECTED
10010101
I110.0: FAILURE (SHUTTLE #2 LIFTER UP)
55<--EXPECTED
01010101
99<--EXPECTED
10011001
I110.3: FAILURE (SHUTTLE #2 AUTO TURN RETURN)
I110.2: FAILURE (SHUTTLE #2 AUTO TURN TURN)
19<--EXPECTED
00011001
91<--EXPECTED
10010001
57<--EXPECTED
01010111
59<--EXPECTED
01011001
way: []

#############################
date and time = 2023-07-09 15:38:29
99 <-- FAILURE DETECTED


---FAILURE LOG---
POSSIBLE NEXT STATES: states: {'95': 1344}
last state: 91
state_list: ['95']
similar_list: [0.75]
score_list: [2.5]
dict_word_score: {'95': 2.5}

--------FAILURE--------
99<--FOUND
10011001
95<--EXPECTED
10010101
-----------------------------------------
I110.3: FAILURE (SHUTTLE #2 AUTO TURN RETURN)
I110.2: FAILURE (SHUTTLE #2 AUTO TURN TURN)
RECOMMENDED TO CHECK: 
91<--EXPECTED
10010001
way: ['96', '56', '57', '55', '95', '91']

#############################
date and time = 2023-07-11 08:26:36
15 <-- FAILURE DETECTED


---FAILURE LOG---
POSSIBLE NEXT STATES: states: {'96': 3147, '99': 2444, '55': 3, '19': 28, '59': 554, '56': 128, '95': 4, '91': 17, '57': 2, '16': 1}
last state: None
state_list: ['96', '99', '55', '19', '59', '56', '95', '91', '57', '16']
similar_list: [0.625, 0.625, 0.875, 0.75, 0.625, 0.625, 0.875, 0.75, 0.75, 0.75]
score_list: [1.7473135271807838, 1.63621997471555, 1.7504740834386852, 1.5044247787610618, 1.3375474083438685, 1.2702275600505688, 1.7506321112515804, 1.5026864728192162, 1.5003160556257902, 1.500158027812895]
dict_word_score: {'95': 1.7506321112515804, '55': 1.7504740834386852, '96': 1.7473135271807838, '99': 1.63621997471555, '19': 1.5044247787610618, '91': 1.5026864728192162, '57': 1.5003160556257902, '16': 1.500158027812895, '59': 1.3375474083438685, '56': 1.2702275600505688}

--------FAILURE--------
15<--FOUND
00010101
95<--EXPECTED
10010101
-----------------------------------------
I110.7: FAILURE (SHUTTLE #2 ANTIBACK DOWN)
RECOMMENDED TO CHECK: 
55<--EXPECTED
01010101
I110.6: FAILURE (SHUTTLE #2 ANTIBACK UP)
96<--EXPECTED
10010110
I110.1: FAILURE (SHUTTLE #2 LIFTER DOWN)
I110.0: FAILURE (SHUTTLE #2 LIFTER UP)
99<--EXPECTED
10011001
I110.3: FAILURE (SHUTTLE #2 AUTO TURN RETURN)
I110.2: FAILURE (SHUTTLE #2 AUTO TURN TURN)
19<--EXPECTED
00011001
91<--EXPECTED
10010001
57<--EXPECTED
01010111
16<--EXPECTED
00010110
59<--EXPECTED
01011001
56<--EXPECTED
01010110
way: []

#############################
date and time = 2023-07-11 08:33:18
0 <-- FAILURE DETECTED


---FAILURE LOG---
POSSIBLE NEXT STATES: states: {'96': 3147, '99': 2444, '55': 3, '19': 28, '59': 554, '56': 128, '95': 4, '91': 17, '57': 2, '16': 1}
last state: None
state_list: ['96', '99', '55', '19', '59', '56', '95', '91', '57', '16']
similar_list: [0.5, 0.5, 0.5, 0.625, 0.5, 0.5, 0.5, 0.625, 0.375, 0.625]
score_list: [1.4973135271807838, 1.38621997471555, 1.0004740834386852, 1.2544247787610618, 1.0875474083438685, 1.0202275600505688, 1.0006321112515804, 1.2526864728192162, 0.7503160556257902, 1.250158027812895]
dict_word_score: {'96': 1.4973135271807838, '99': 1.38621997471555, '19': 1.2544247787610618, '91': 1.2526864728192162, '16': 1.250158027812895, '59': 1.0875474083438685, '56': 1.0202275600505688, '95': 1.0006321112515804, '55': 1.0004740834386852, '57': 0.7503160556257902}

--------FAILURE--------
0<--FOUND
00000000
96<--EXPECTED
10010110
-----------------------------------------
I110.7: FAILURE (SHUTTLE #2 ANTIBACK DOWN)
I110.4: FAILURE (SHUTTLE #2 STOPPER UP)
I110.2: FAILURE (SHUTTLE #2 AUTO TURN TURN)
I110.1: FAILURE (SHUTTLE #2 LIFTER DOWN)
RECOMMENDED TO CHECK: 
99<--EXPECTED
10011001
I110.3: FAILURE (SHUTTLE #2 AUTO TURN RETURN)
I110.0: FAILURE (SHUTTLE #2 LIFTER UP)
19<--EXPECTED
00011001
91<--EXPECTED
10010001
16<--EXPECTED
00010110
59<--EXPECTED
01011001
I110.6: FAILURE (SHUTTLE #2 ANTIBACK UP)
56<--EXPECTED
01010110
95<--EXPECTED
10010101
55<--EXPECTED
01010101
57<--EXPECTED
01010111
way: []

#############################
date and time = 2023-07-13 03:25:14
57 <-- FAILURE DETECTED


---FAILURE LOG---
POSSIBLE NEXT STATES: states: {'95': 471, '55': 239}
last state: 15
state_list: ['95', '55']
similar_list: [0.625, 0.875]
score_list: [1.9133802816901408, 2.0866197183098594]
dict_word_score: {'55': 2.0866197183098594, '95': 1.9133802816901408}

--------FAILURE--------
57<--FOUND
01010111
55<--EXPECTED
01010101
-----------------------------------------
I110.1: FAILURE (SHUTTLE #2 LIFTER DOWN)
RECOMMENDED TO CHECK: 
15<--EXPECTED
00010101
I110.6: FAILURE (SHUTTLE #2 ANTIBACK UP)
95<--EXPECTED
10010101
I110.7: FAILURE (SHUTTLE #2 ANTIBACK DOWN)
way: ['99', '91', '95', '15']

#############################
date and time = 2023-07-18 15:37:12
0 <-- FAILURE DETECTED


---FAILURE LOG---
POSSIBLE NEXT STATES: states: {'59': 351, '91': 1065, '19': 171}
last state: 99
state_list: ['59', '91', '19']
similar_list: [0.5, 0.625, 0.625]
score_list: [1.2211720226843101, 1.9210775047258979, 1.357750472589792]
dict_word_score: {'91': 1.9210775047258979, '19': 1.357750472589792, '59': 1.2211720226843101}

--------FAILURE--------
0<--FOUND
00000000
91<--EXPECTED
10010001
-----------------------------------------
I110.7: FAILURE (SHUTTLE #2 ANTIBACK DOWN)
I110.4: FAILURE (SHUTTLE #2 STOPPER UP)
I110.0: FAILURE (SHUTTLE #2 LIFTER UP)
RECOMMENDED TO CHECK: 
99<--EXPECTED
10011001
I110.3: FAILURE (SHUTTLE #2 AUTO TURN RETURN)
19<--EXPECTED
00011001
59<--EXPECTED
01011001
I110.6: FAILURE (SHUTTLE #2 ANTIBACK UP)
way: ['99']

#############################
date and time = 2023-07-18 16:08:34
57 <-- FAILURE DETECTED


---FAILURE LOG---
POSSIBLE NEXT STATES: states: {'95': 492, '55': 250}
last state: 15
state_list: ['95', '55']
similar_list: [0.625, 0.875]
score_list: [1.9130727762803235, 2.0869272237196768]
dict_word_score: {'55': 2.0869272237196768, '95': 1.9130727762803235}

--------FAILURE--------
57<--FOUND
01010111
55<--EXPECTED
01010101
-----------------------------------------
I110.1: FAILURE (SHUTTLE #2 LIFTER DOWN)
RECOMMENDED TO CHECK: 
15<--EXPECTED
00010101
I110.6: FAILURE (SHUTTLE #2 ANTIBACK UP)
95<--EXPECTED
10010101
I110.7: FAILURE (SHUTTLE #2 ANTIBACK DOWN)
way: ['59', '99', '91', '95', '91', '95', '15']

#############################
date and time = 2023-07-19 00:40:27
57 <-- FAILURE DETECTED


---FAILURE LOG---
POSSIBLE NEXT STATES: states: {'95': 492, '55': 250}
last state: 15
state_list: ['95', '55']
similar_list: [0.625, 0.875]
score_list: [1.9130727762803235, 2.0869272237196768]
dict_word_score: {'55': 2.0869272237196768, '95': 1.9130727762803235}

--------FAILURE--------
57<--FOUND
01010111
55<--EXPECTED
01010101
-----------------------------------------
I110.1: FAILURE (SHUTTLE #2 LIFTER DOWN)
RECOMMENDED TO CHECK: 
15<--EXPECTED
00010101
I110.6: FAILURE (SHUTTLE #2 ANTIBACK UP)
95<--EXPECTED
10010101
I110.7: FAILURE (SHUTTLE #2 ANTIBACK DOWN)
way: ['99', '91', '95', '15']

#############################
date and time = 2023-07-19 01:53:48
57 <-- FAILURE DETECTED


---FAILURE LOG---
POSSIBLE NEXT STATES: states: {'95': 492, '55': 250}
last state: 15
state_list: ['95', '55']
similar_list: [0.625, 0.875]
score_list: [1.9130727762803235, 2.0869272237196768]
dict_word_score: {'55': 2.0869272237196768, '95': 1.9130727762803235}

--------FAILURE--------
57<--FOUND
01010111
55<--EXPECTED
01010101
-----------------------------------------
I110.1: FAILURE (SHUTTLE #2 LIFTER DOWN)
RECOMMENDED TO CHECK: 
15<--EXPECTED
00010101
I110.6: FAILURE (SHUTTLE #2 ANTIBACK UP)
95<--EXPECTED
10010101
I110.7: FAILURE (SHUTTLE #2 ANTIBACK DOWN)
way: ['99', '91', '95', '15']

#############################
date and time = 2023-07-19 04:03:54
57 <-- FAILURE DETECTED


---FAILURE LOG---
POSSIBLE NEXT STATES: states: {'55': 141}
last state: 14
state_list: ['55']
similar_list: [0.875]
score_list: [2.75]
dict_word_score: {'55': 2.75}

--------FAILURE--------
57<--FOUND
01010111
55<--EXPECTED
01010101
-----------------------------------------
I110.1: FAILURE (SHUTTLE #2 LIFTER DOWN)
RECOMMENDED TO CHECK: 
14<--EXPECTED
00010100
I110.6: FAILURE (SHUTTLE #2 ANTIBACK UP)
I110.0: FAILURE (SHUTTLE #2 LIFTER UP)
way: ['99', '91', '95', '14']

#############################
date and time = 2023-07-22 06:45:43
0 <-- FAILURE DETECTED


---FAILURE LOG---
POSSIBLE NEXT STATES: states: {'57': 1135, '16': 495, '96': 642}
last state: 56
state_list: ['57', '16', '96']
similar_list: [0.375, 0.625, 0.5]
score_list: [1.2495598591549295, 1.4678697183098592, 1.2825704225352113]
dict_word_score: {'16': 1.4678697183098592, '96': 1.2825704225352113, '57': 1.2495598591549295}

--------FAILURE--------
0<--FOUND
00000000
16<--EXPECTED
00010110
-----------------------------------------
I110.4: FAILURE (SHUTTLE #2 STOPPER UP)
I110.2: FAILURE (SHUTTLE #2 AUTO TURN TURN)
I110.1: FAILURE (SHUTTLE #2 LIFTER DOWN)
RECOMMENDED TO CHECK: 
56<--EXPECTED
01010110
I110.6: FAILURE (SHUTTLE #2 ANTIBACK UP)
96<--EXPECTED
10010110
I110.7: FAILURE (SHUTTLE #2 ANTIBACK DOWN)
57<--EXPECTED
01010111
I110.0: FAILURE (SHUTTLE #2 LIFTER UP)
way: ['96', '56']