

#############################
date and time = 2023-04-10 22:14:44
15 <-- FAILURE DETECTED


---FAILURE LOG---
POSSIBLE NEXT STATES: states: {'96': 3363, '95': 1106, '59': 1092, '99': 1059, '56': 58, '91': 20, '55': 3, '57': 3}
last state: None
state_list: ['96', '95', '59', '99', '56', '91', '55', '57']
similar_list: [0.625, 0.875, 0.625, 0.625, 0.625, 0.75, 0.875, 0.75]
score_list: [1.7516408114558473, 1.9149761336515514, 1.4128878281622912, 1.4079653937947494, 1.2586515513126493, 1.5029832935560858, 1.750447494033413, 1.500447494033413]
dict_word_score: {'95': 1.9149761336515514, '96': 1.7516408114558473, '55': 1.750447494033413, '91': 1.5029832935560858, '57': 1.500447494033413, '59': 1.4128878281622912, '99': 1.4079653937947494, '56': 1.2586515513126493}

--------FAILURE--------
15<--FOUND
00010101
95<--EXPECTED
10010101
-----------------------------------------
I111.7: FAILURE (SHUTTLE #1 ANTIBACK DOWN)
RECOMMENDED TO CHECK: 
96<--EXPECTED
10010110
I111.1: FAILURE (SHUTTLE #1 LIFTER DOWN)
I111.0: FAILURE (SHUTTLE #1 LIFTER UP)
55<--EXPECTED
01010101
I111.6: FAILURE (SHUTTLE #1 ANTIBACK UP)
91<--EXPECTED
10010001
I111.2: FAILURE (SHUTTLE #1 AUTO TURN TURN)
57<--EXPECTED
01010111
59<--EXPECTED
01011001
I111.3: FAILURE (SHUTTLE #1 AUTO TURN RETURN)
99<--EXPECTED
10011001
56<--EXPECTED
01010110
way: []

#############################
date and time = 2023-04-16 15:01:32
16 <-- FAILURE DETECTED

RECOMMENDED TO CHECK: 
56<--EXPECTED
01010110
I111.6: FAILURE (SHUTTLE #1 ANTIBACK UP)
way: ['56']

#############################
date and time = 2023-04-16 15:09:21
16 <-- FAILURE DETECTED

RECOMMENDED TO CHECK: 
56<--EXPECTED
01010110
I111.6: FAILURE (SHUTTLE #1 ANTIBACK UP)
way: ['95', '55', '57', '56']

#############################
date and time = 2023-04-16 18:40:37
0 <-- FAILURE DETECTED


---FAILURE LOG---
POSSIBLE NEXT STATES: states: {'96': 3420, '95': 1123, '59': 1109, '99': 1070, '56': 60, '91': 21, '55': 4, '57': 4}
last state: None
state_list: ['96', '95', '59', '99', '56', '91', '55', '57']
similar_list: [0.5, 0.5, 0.5, 0.5, 0.5, 0.625, 0.5, 0.375]
score_list: [1.5021289091176038, 1.1648803406254589, 1.1628248421670826, 1.1570988107473206, 1.0088092791073264, 1.2530832476875642, 1.0005872852738218, 0.7505872852738218]
dict_word_score: {'96': 1.5021289091176038, '91': 1.2530832476875642, '95': 1.1648803406254589, '59': 1.1628248421670826, '99': 1.1570988107473206, '56': 1.0088092791073264, '55': 1.0005872852738218, '57': 0.7505872852738218}

--------FAILURE--------
0<--FOUND
00000000
96<--EXPECTED
10010110
-----------------------------------------
I111.7: FAILURE (SHUTTLE #1 ANTIBACK DOWN)
I111.4: FAILURE (SHUTTLE #1 STOPPER UP)
I111.2: FAILURE (SHUTTLE #1 AUTO TURN TURN)
I111.1: FAILURE (SHUTTLE #1 LIFTER DOWN)
RECOMMENDED TO CHECK: 
91<--EXPECTED
10010001
I111.0: FAILURE (SHUTTLE #1 LIFTER UP)
95<--EXPECTED
10010101
59<--EXPECTED
01011001
I111.6: FAILURE (SHUTTLE #1 ANTIBACK UP)
I111.3: FAILURE (SHUTTLE #1 AUTO TURN RETURN)
99<--EXPECTED
10011001
56<--EXPECTED
01010110
55<--EXPECTED
01010101
57<--EXPECTED
01010111
way: []

#############################
date and time = 2023-04-17 20:14:42
19 <-- FAILURE DETECTED


---FAILURE LOG---
POSSIBLE NEXT STATES: states: {'96': 3439, '95': 1132, '59': 1116, '99': 1073, '56': 60, '91': 21, '55': 4, '57': 4}
last state: None
state_list: ['96', '95', '59', '99', '56', '91', '55', '57']
similar_list: [0.375, 0.625, 0.875, 0.875, 0.375, 0.75, 0.625, 0.5]
score_list: [1.25211709738648, 1.4152796028617316, 1.9129434954007885, 1.9066652065995036, 0.758760402978537, 1.503066141042488, 1.2505840268652357, 1.0005840268652357]
dict_word_score: {'59': 1.9129434954007885, '99': 1.9066652065995036, '91': 1.503066141042488, '95': 1.4152796028617316, '96': 1.25211709738648, '55': 1.2505840268652357, '57': 1.0005840268652357, '56': 0.758760402978537}

--------FAILURE--------
19<--FOUND
00011001
59<--EXPECTED
01011001
-----------------------------------------
I111.6: FAILURE (SHUTTLE #1 ANTIBACK UP)
RECOMMENDED TO CHECK: 
99<--EXPECTED
10011001
I111.7: FAILURE (SHUTTLE #1 ANTIBACK DOWN)
91<--EXPECTED
10010001
I111.3: FAILURE (SHUTTLE #1 AUTO TURN RETURN)
95<--EXPECTED
10010101
I111.2: FAILURE (SHUTTLE #1 AUTO TURN TURN)
96<--EXPECTED
10010110
I111.1: FAILURE (SHUTTLE #1 LIFTER DOWN)
I111.0: FAILURE (SHUTTLE #1 LIFTER UP)
55<--EXPECTED
01010101
57<--EXPECTED
01010111
56<--EXPECTED
01010110
way: []

#############################
date and time = 2023-05-31 19:31:00
57 <-- FAILURE DETECTED


---FAILURE LOG---
POSSIBLE NEXT STATES: states: {'56': 39, '96': 2438, '95': 816, '59': 819, '99': 751, '91': 8, '55': 4, '15': 2}
last state: None
state_list: ['56', '96', '95', '59', '99', '91', '55', '15']
similar_list: [0.875, 0.625, 0.625, 0.625, 0.375, 0.5, 0.875, 0.75]
score_list: [1.7579967192946484, 1.749897477957761, 1.4173159729341809, 1.4179311051876153, 0.9039881074431002, 1.0016403526758253, 1.7508201763379128, 1.5004100881689564]
dict_word_score: {'56': 1.7579967192946484, '55': 1.7508201763379128, '96': 1.749897477957761, '15': 1.5004100881689564, '59': 1.4179311051876153, '95': 1.4173159729341809, '91': 1.0016403526758253, '99': 0.9039881074431002}

--------FAILURE--------
57<--FOUND
01010111
56<--EXPECTED
01010110
-----------------------------------------
I111.0: FAILURE (SHUTTLE #1 LIFTER UP)
RECOMMENDED TO CHECK: 
55<--EXPECTED
01010101
I111.1: FAILURE (SHUTTLE #1 LIFTER DOWN)
96<--EXPECTED
10010110
I111.7: FAILURE (SHUTTLE #1 ANTIBACK DOWN)
I111.6: FAILURE (SHUTTLE #1 ANTIBACK UP)
15<--EXPECTED
00010101
59<--EXPECTED
01011001
I111.3: FAILURE (SHUTTLE #1 AUTO TURN RETURN)
I111.2: FAILURE (SHUTTLE #1 AUTO TURN TURN)
95<--EXPECTED
10010101
91<--EXPECTED
10010001
99<--EXPECTED
10011001
way: []

#############################
date and time = 2023-06-14 07:01:45
57 <-- FAILURE DETECTED


---FAILURE LOG---
POSSIBLE NEXT STATES: states: {'56': 41, '96': 2612, '95': 871, '59': 874, '99': 807, '91': 9, '55': 4, '15': 2}
last state: None
state_list: ['56', '96', '95', '59', '99', '91', '55', '15']
similar_list: [0.875, 0.625, 0.625, 0.625, 0.375, 0.5, 0.875, 0.75]
score_list: [1.757854406130268, 1.7503831417624522, 1.4168582375478926, 1.417432950191571, 0.9045977011494253, 1.0017241379310344, 1.7507662835249043, 1.500383141762452]
dict_word_score: {'56': 1.757854406130268, '55': 1.7507662835249043, '96': 1.7503831417624522, '15': 1.500383141762452, '59': 1.417432950191571, '95': 1.4168582375478926, '91': 1.0017241379310344, '99': 0.9045977011494253}

--------FAILURE--------
57<--FOUND
01010111
56<--EXPECTED
01010110
-----------------------------------------
I111.0: FAILURE (SHUTTLE #1 LIFTER UP)
RECOMMENDED TO CHECK: 
55<--EXPECTED
01010101
I111.1: FAILURE (SHUTTLE #1 LIFTER DOWN)
96<--EXPECTED
10010110
I111.7: FAILURE (SHUTTLE #1 ANTIBACK DOWN)
I111.6: FAILURE (SHUTTLE #1 ANTIBACK UP)
15<--EXPECTED
00010101
59<--EXPECTED
01011001
I111.3: FAILURE (SHUTTLE #1 AUTO TURN RETURN)
I111.2: FAILURE (SHUTTLE #1 AUTO TURN TURN)
95<--EXPECTED
10010101
91<--EXPECTED
10010001
99<--EXPECTED
10011001
way: []

#############################
date and time = 2023-06-23 04:31:59
57 <-- FAILURE DETECTED


---FAILURE LOG---
POSSIBLE NEXT STATES: states: {'56': 45, '96': 2812, '95': 942, '59': 941, '99': 869, '91': 9, '55': 4, '15': 2}
last state: None
state_list: ['56', '96', '95', '59', '99', '91', '55', '15']
similar_list: [0.875, 0.625, 0.625, 0.625, 0.375, 0.5, 0.875, 0.75]
score_list: [1.7580014224751066, 1.75, 1.4174964438122333, 1.4173186344238975, 0.9045163584637269, 1.0016002844950214, 1.750711237553343, 1.5003556187766713]
dict_word_score: {'56': 1.7580014224751066, '55': 1.750711237553343, '96': 1.75, '15': 1.5003556187766713, '95': 1.4174964438122333, '59': 1.4173186344238975, '91': 1.0016002844950214, '99': 0.9045163584637269}

--------FAILURE--------
57<--FOUND
01010111
56<--EXPECTED
01010110
-----------------------------------------
I111.0: FAILURE (SHUTTLE #1 LIFTER UP)
RECOMMENDED TO CHECK: 
55<--EXPECTED
01010101
I111.1: FAILURE (SHUTTLE #1 LIFTER DOWN)
96<--EXPECTED
10010110
I111.7: FAILURE (SHUTTLE #1 ANTIBACK DOWN)
I111.6: FAILURE (SHUTTLE #1 ANTIBACK UP)
15<--EXPECTED
00010101
95<--EXPECTED
10010101
59<--EXPECTED
01011001
I111.3: FAILURE (SHUTTLE #1 AUTO TURN RETURN)
I111.2: FAILURE (SHUTTLE #1 AUTO TURN TURN)
91<--EXPECTED
10010001
99<--EXPECTED
10011001
way: []

#############################
date and time = 2023-06-24 02:36:39
57 <-- FAILURE DETECTED


---FAILURE LOG---
POSSIBLE NEXT STATES: states: {'56': 46, '96': 2845, '95': 953, '59': 951, '99': 879, '91': 9, '55': 4, '15': 2}
last state: None
state_list: ['56', '96', '95', '59', '99', '91', '55', '15']
similar_list: [0.875, 0.625, 0.625, 0.625, 0.375, 0.5, 0.875, 0.75]
score_list: [1.7580857795746176, 1.7500878889084197, 1.4175162594480577, 1.4171647038143786, 0.9045087010019336, 1.0015820003515556, 1.7507031112673581, 1.500351555633679]
dict_word_score: {'56': 1.7580857795746176, '55': 1.7507031112673581, '96': 1.7500878889084197, '15': 1.500351555633679, '95': 1.4175162594480577, '59': 1.4171647038143786, '91': 1.0015820003515556, '99': 0.9045087010019336}

--------FAILURE--------
57<--FOUND
01010111
56<--EXPECTED
01010110
-----------------------------------------
I111.0: FAILURE (SHUTTLE #1 LIFTER UP)
RECOMMENDED TO CHECK: 
55<--EXPECTED
01010101
I111.1: FAILURE (SHUTTLE #1 LIFTER DOWN)
96<--EXPECTED
10010110
I111.7: FAILURE (SHUTTLE #1 ANTIBACK DOWN)
I111.6: FAILURE (SHUTTLE #1 ANTIBACK UP)
15<--EXPECTED
00010101
95<--EXPECTED
10010101
59<--EXPECTED
01011001
I111.3: FAILURE (SHUTTLE #1 AUTO TURN RETURN)
I111.2: FAILURE (SHUTTLE #1 AUTO TURN TURN)
91<--EXPECTED
10010001
99<--EXPECTED
10011001
way: []

#############################
date and time = 2023-06-28 14:59:44
57 <-- FAILURE DETECTED


---FAILURE LOG---
POSSIBLE NEXT STATES: states: {'56': 47, '96': 2927, '95': 982, '59': 981, '99': 904, '91': 9, '55': 4, '15': 2}
last state: None
state_list: ['56', '96', '95', '59', '99', '91', '55', '15']
similar_list: [0.875, 0.625, 0.625, 0.625, 0.375, 0.5, 0.875, 0.75]
score_list: [1.758025956284153, 1.7498292349726776, 1.417691256830601, 1.4175204918032787, 0.9043715846994536, 1.0015368852459017, 1.7506830601092895, 1.5003415300546448]
dict_word_score: {'56': 1.758025956284153, '55': 1.7506830601092895, '96': 1.7498292349726776, '15': 1.5003415300546448, '95': 1.417691256830601, '59': 1.4175204918032787, '91': 1.0015368852459017, '99': 0.9043715846994536}

--------FAILURE--------
57<--FOUND
01010111
56<--EXPECTED
01010110
-----------------------------------------
I111.0: FAILURE (SHUTTLE #1 LIFTER UP)
RECOMMENDED TO CHECK: 
55<--EXPECTED
01010101
I111.1: FAILURE (SHUTTLE #1 LIFTER DOWN)
96<--EXPECTED
10010110
I111.7: FAILURE (SHUTTLE #1 ANTIBACK DOWN)
I111.6: FAILURE (SHUTTLE #1 ANTIBACK UP)
15<--EXPECTED
00010101
95<--EXPECTED
10010101
59<--EXPECTED
01011001
I111.3: FAILURE (SHUTTLE #1 AUTO TURN RETURN)
I111.2: FAILURE (SHUTTLE #1 AUTO TURN TURN)
91<--EXPECTED
10010001
99<--EXPECTED
10011001
way: []

#############################
date and time = 2023-07-05 21:04:47
57 <-- FAILURE DETECTED


---FAILURE LOG---
POSSIBLE NEXT STATES: states: {'56': 53, '96': 3059, '95': 1028, '59': 1025, '99': 939, '91': 9, '55': 4, '15': 2}
last state: None
state_list: ['56', '96', '95', '59', '99', '91', '55', '15']
similar_list: [0.875, 0.625, 0.625, 0.625, 0.375, 0.5, 0.875, 0.75]
score_list: [1.758661546004249, 1.7499182873018468, 1.4180013074031705, 1.4175110312142507, 0.9034564471318843, 1.0014708285667593, 1.7506537015852264, 1.500326850792613]
dict_word_score: {'56': 1.758661546004249, '55': 1.7506537015852264, '96': 1.7499182873018468, '15': 1.500326850792613, '95': 1.4180013074031705, '59': 1.4175110312142507, '91': 1.0014708285667593, '99': 0.9034564471318843}

--------FAILURE--------
57<--FOUND
01010111
56<--EXPECTED
01010110
-----------------------------------------
I111.0: FAILURE (SHUTTLE #1 LIFTER UP)
RECOMMENDED TO CHECK: 
55<--EXPECTED
01010101
I111.1: FAILURE (SHUTTLE #1 LIFTER DOWN)
96<--EXPECTED
10010110
I111.7: FAILURE (SHUTTLE #1 ANTIBACK DOWN)
I111.6: FAILURE (SHUTTLE #1 ANTIBACK UP)
15<--EXPECTED
00010101
95<--EXPECTED
10010101
59<--EXPECTED
01011001
I111.3: FAILURE (SHUTTLE #1 AUTO TURN RETURN)
I111.2: FAILURE (SHUTTLE #1 AUTO TURN TURN)
91<--EXPECTED
10010001
99<--EXPECTED
10011001
way: []

#############################
date and time = 2023-07-11 02:14:49
57 <-- FAILURE DETECTED


---FAILURE LOG---
POSSIBLE NEXT STATES: states: {'56': 58, '96': 3133, '95': 1055, '59': 1052, '99': 960, '91': 9, '55': 4, '15': 2}
last state: None
state_list: ['56', '96', '95', '59', '99', '91', '55', '15']
similar_list: [0.875, 0.625, 0.625, 0.625, 0.375, 0.5, 0.875, 0.75]
score_list: [1.7592459748126894, 1.7494420532440618, 1.4181810935756416, 1.4177028534991232, 0.903036824485892, 1.0014347202295553, 1.7506376534353578, 1.500318826717679]
dict_word_score: {'56': 1.7592459748126894, '55': 1.7506376534353578, '96': 1.7494420532440618, '15': 1.500318826717679, '95': 1.4181810935756416, '59': 1.4177028534991232, '91': 1.0014347202295553, '99': 0.903036824485892}

--------FAILURE--------
57<--FOUND
01010111
56<--EXPECTED
01010110
-----------------------------------------
I111.0: FAILURE (SHUTTLE #1 LIFTER UP)
RECOMMENDED TO CHECK: 
55<--EXPECTED
01010101
I111.1: FAILURE (SHUTTLE #1 LIFTER DOWN)
96<--EXPECTED
10010110
I111.7: FAILURE (SHUTTLE #1 ANTIBACK DOWN)
I111.6: FAILURE (SHUTTLE #1 ANTIBACK UP)
15<--EXPECTED
00010101
95<--EXPECTED
10010101
59<--EXPECTED
01011001
I111.3: FAILURE (SHUTTLE #1 AUTO TURN RETURN)
I111.2: FAILURE (SHUTTLE #1 AUTO TURN TURN)
91<--EXPECTED
10010001
99<--EXPECTED
10011001
way: []

#############################
date and time = 2023-07-11 12:54:56
57 <-- FAILURE DETECTED


---FAILURE LOG---
POSSIBLE NEXT STATES: states: {'56': 59, '96': 3158, '95': 1063, '59': 1060, '99': 968, '91': 9, '55': 4, '15': 2}
last state: None
state_list: ['56', '96', '95', '59', '99', '91', '55', '15']
similar_list: [0.875, 0.625, 0.625, 0.625, 0.375, 0.5, 0.875, 0.75]
score_list: [1.7593310137592915, 1.7494464652854658, 1.4181164004428277, 1.4176419421160842, 0.9030918867626127, 1.0014233749802308, 1.750632611102325, 1.5003163055511624]
dict_word_score: {'56': 1.7593310137592915, '55': 1.750632611102325, '96': 1.7494464652854658, '15': 1.5003163055511624, '95': 1.4181164004428277, '59': 1.4176419421160842, '91': 1.0014233749802308, '99': 0.9030918867626127}

--------FAILURE--------
57<--FOUND
01010111
56<--EXPECTED
01010110
-----------------------------------------
I111.0: FAILURE (SHUTTLE #1 LIFTER UP)
RECOMMENDED TO CHECK: 
55<--EXPECTED
01010101
I111.1: FAILURE (SHUTTLE #1 LIFTER DOWN)
96<--EXPECTED
10010110
I111.7: FAILURE (SHUTTLE #1 ANTIBACK DOWN)
I111.6: FAILURE (SHUTTLE #1 ANTIBACK UP)
15<--EXPECTED
00010101
95<--EXPECTED
10010101
59<--EXPECTED
01011001
I111.3: FAILURE (SHUTTLE #1 AUTO TURN RETURN)
I111.2: FAILURE (SHUTTLE #1 AUTO TURN TURN)
91<--EXPECTED
10010001
99<--EXPECTED
10011001
way: []

#############################
date and time = 2023-07-13 18:59:06
57 <-- FAILURE DETECTED


---FAILURE LOG---
POSSIBLE NEXT STATES: states: {'56': 61, '96': 3215, '95': 1085, '59': 1082, '99': 984, '91': 9, '55': 4, '15': 2}
last state: None
state_list: ['56', '96', '95', '59', '99', '91', '55', '15']
similar_list: [0.875, 0.625, 0.625, 0.625, 0.375, 0.5, 0.875, 0.75]
score_list: [1.7594691089723689, 1.749068612232226, 1.418425954672462, 1.417960260788575, 0.9027475939149332, 1.001397081651661, 1.750620925178516, 1.500310462589258]
dict_word_score: {'56': 1.7594691089723689, '55': 1.750620925178516, '96': 1.749068612232226, '15': 1.500310462589258, '95': 1.418425954672462, '59': 1.417960260788575, '91': 1.001397081651661, '99': 0.9027475939149332}

--------FAILURE--------
57<--FOUND
01010111
56<--EXPECTED
01010110
-----------------------------------------
I111.0: FAILURE (SHUTTLE #1 LIFTER UP)
RECOMMENDED TO CHECK: 
55<--EXPECTED
01010101
I111.1: FAILURE (SHUTTLE #1 LIFTER DOWN)
96<--EXPECTED
10010110
I111.7: FAILURE (SHUTTLE #1 ANTIBACK DOWN)
I111.6: FAILURE (SHUTTLE #1 ANTIBACK UP)
15<--EXPECTED
00010101
95<--EXPECTED
10010101
59<--EXPECTED
01011001
I111.3: FAILURE (SHUTTLE #1 AUTO TURN RETURN)
I111.2: FAILURE (SHUTTLE #1 AUTO TURN TURN)
91<--EXPECTED
10010001
99<--EXPECTED
10011001
way: []

#############################
date and time = 2023-07-14 16:24:30
57 <-- FAILURE DETECTED


---FAILURE LOG---
POSSIBLE NEXT STATES: states: {'56': 61, '96': 3247, '95': 1097, '59': 1093, '99': 995, '91': 9, '55': 4, '15': 2}
last state: None
state_list: ['56', '96', '95', '59', '99', '91', '55', '15']
similar_list: [0.875, 0.625, 0.625, 0.625, 0.375, 0.5, 0.875, 0.75]
score_list: [1.7593730792870312, 1.7489244007375537, 1.418561770129072, 1.4179471419791025, 0.9028887523048555, 1.0013829133374308, 1.7506146281499693, 1.5003073140749847]
dict_word_score: {'56': 1.7593730792870312, '55': 1.7506146281499693, '96': 1.7489244007375537, '15': 1.5003073140749847, '95': 1.418561770129072, '59': 1.4179471419791025, '91': 1.0013829133374308, '99': 0.9028887523048555}

--------FAILURE--------
57<--FOUND
01010111
56<--EXPECTED
01010110
-----------------------------------------
I111.0: FAILURE (SHUTTLE #1 LIFTER UP)
RECOMMENDED TO CHECK: 
55<--EXPECTED
01010101
I111.1: FAILURE (SHUTTLE #1 LIFTER DOWN)
96<--EXPECTED
10010110
I111.7: FAILURE (SHUTTLE #1 ANTIBACK DOWN)
I111.6: FAILURE (SHUTTLE #1 ANTIBACK UP)
15<--EXPECTED
00010101
95<--EXPECTED
10010101
59<--EXPECTED
01011001
I111.3: FAILURE (SHUTTLE #1 AUTO TURN RETURN)
I111.2: FAILURE (SHUTTLE #1 AUTO TURN TURN)
91<--EXPECTED
10010001
99<--EXPECTED
10011001
way: []

#############################
date and time = 2023-07-18 15:37:44
0 <-- FAILURE DETECTED


---FAILURE LOG---
POSSIBLE NEXT STATES: states: {'56': 65, '96': 3301, '95': 1117, '59': 1111, '99': 1007, '91': 9, '55': 4, '15': 2, '57': 1}
last state: None
state_list: ['56', '96', '95', '59', '99', '91', '55', '15', '57']
similar_list: [0.5, 0.5, 0.5, 0.5, 0.5, 0.625, 0.5, 0.625, 0.375]
score_list: [1.0098231827111985, 1.4988665558410155, 1.1688076167447483, 1.1679008614175608, 1.1521837690796433, 1.2513601329907813, 1.0006045035514584, 1.2503022517757292, 0.7501511258878646]
dict_word_score: {'96': 1.4988665558410155, '91': 1.2513601329907813, '15': 1.2503022517757292, '95': 1.1688076167447483, '59': 1.1679008614175608, '99': 1.1521837690796433, '56': 1.0098231827111985, '55': 1.0006045035514584, '57': 0.7501511258878646}

--------FAILURE--------
0<--FOUND
00000000
96<--EXPECTED
10010110
-----------------------------------------
I111.7: FAILURE (SHUTTLE #1 ANTIBACK DOWN)
I111.4: FAILURE (SHUTTLE #1 STOPPER UP)
I111.2: FAILURE (SHUTTLE #1 AUTO TURN TURN)
I111.1: FAILURE (SHUTTLE #1 LIFTER DOWN)
RECOMMENDED TO CHECK: 
91<--EXPECTED
10010001
I111.0: FAILURE (SHUTTLE #1 LIFTER UP)
15<--EXPECTED
00010101
95<--EXPECTED
10010101
59<--EXPECTED
01011001
I111.6: FAILURE (SHUTTLE #1 ANTIBACK UP)
I111.3: FAILURE (SHUTTLE #1 AUTO TURN RETURN)
99<--EXPECTED
10011001
56<--EXPECTED
01010110
55<--EXPECTED
01010101
57<--EXPECTED
01010111
way: []

#############################
date and time = 2023-07-18 21:59:04
99 <-- FAILURE DETECTED


---FAILURE LOG---
POSSIBLE NEXT STATES: states: {'19': 1095}
last state: 59
state_list: ['19']
similar_list: [0.875]
score_list: [2.75]
dict_word_score: {'19': 2.75}

--------FAILURE--------
99<--FOUND
10011001
19<--EXPECTED
00011001
-----------------------------------------
I111.7: FAILURE (SHUTTLE #1 ANTIBACK DOWN)
RECOMMENDED TO CHECK: 
59<--EXPECTED
01011001
I111.6: FAILURE (SHUTTLE #1 ANTIBACK UP)
way: ['59']