

#############################
date and time = 2023-03-22 19:19:11
15 <-- FAILURE DETECTED


---FAILURE LOG---
POSSIBLE NEXT STATES: states: {'99': 2067, '96': 3020, '91': 464, '56': 109, '19': 12, '59': 358, '16': 1, '57': 1, '95': 9, '55': 3}
last state: None
state_list: ['99', '96', '91', '56', '19', '59', '16', '57', '95', '55']
similar_list: [9, 9, 10, 9, 10, 9, 10, 12, 13, 13]
score_list: [2085, 3038, 484, 127, 32, 376, 21, 25, 35, 29]
dict_word_score: {'96': 3038, '99': 2085, '91': 484, '59': 376, '56': 127, '95': 35, '19': 32, '55': 29, '57': 25, '16': 21}

--------FAILURE--------
15<--FOUND
00010101
96<--EXPECTED
10010110
-----------------------------------------
I111.7: FAILURE (SHUTTLE #1 ANTIBACK DOWN)
I111.1: FAILURE (SHUTTLE #1 LIFTER DOWN)
I111.0: FAILURE (SHUTTLE #1 LIFTER UP)
RECOMMENDED TO CHECK: 
99<--EXPECTED
10011001
I111.3: FAILURE (SHUTTLE #1 AUTO TURN RETURN)
I111.2: FAILURE (SHUTTLE #1 AUTO TURN TURN)
91<--EXPECTED
10010001
59<--EXPECTED
01011001
I111.6: FAILURE (SHUTTLE #1 ANTIBACK UP)
56<--EXPECTED
01010110
95<--EXPECTED
10010101
19<--EXPECTED
00011001
55<--EXPECTED
01010101
57<--EXPECTED
01010111
16<--EXPECTED
00010110
way: []

#############################
date and time = 2023-04-16 15:02:53
97 <-- FAILURE DETECTED


---FAILURE LOG---
POSSIBLE NEXT STATES: states: {'99': 2327, '96': 3410, '91': 565, '56': 128, '19': 12, '59': 366, '16': 1, '57': 2, '95': 9, '55': 3}
last state: None
state_list: ['99', '96', '91', '56', '19', '59', '16', '57', '95', '55']
similar_list: [0.625, 0.875, 0.75, 0.625, 0.5, 0.375, 0.75, 0.75, 0.875, 0.625]
score_list: [1.5910523230250622, 2.249780155356881, 1.582808148908105, 1.2687600762128095, 1.0017587571449509, 0.8036420929210025, 1.5001465630954125, 1.5002931261908252, 1.7513190678587132, 1.2504396892862377]
dict_word_score: {'96': 2.249780155356881, '95': 1.7513190678587132, '99': 1.5910523230250622, '91': 1.582808148908105, '57': 1.5002931261908252, '16': 1.5001465630954125, '56': 1.2687600762128095, '55': 1.2504396892862377, '19': 1.0017587571449509, '59': 0.8036420929210025}

--------FAILURE--------
97<--FOUND
10010111
96<--EXPECTED
10010110
-----------------------------------------
I111.0: FAILURE (SHUTTLE #1 LIFTER UP)
RECOMMENDED TO CHECK: 
95<--EXPECTED
10010101
I111.1: FAILURE (SHUTTLE #1 LIFTER DOWN)
99<--EXPECTED
10011001
I111.3: FAILURE (SHUTTLE #1 AUTO TURN RETURN)
I111.2: FAILURE (SHUTTLE #1 AUTO TURN TURN)
91<--EXPECTED
10010001
57<--EXPECTED
01010111
I111.7: FAILURE (SHUTTLE #1 ANTIBACK DOWN)
I111.6: FAILURE (SHUTTLE #1 ANTIBACK UP)
16<--EXPECTED
00010110
56<--EXPECTED
01010110
55<--EXPECTED
01010101
19<--EXPECTED
00011001
59<--EXPECTED
01011001
way: []

#############################
date and time = 2023-04-16 15:13:11
97 <-- FAILURE DETECTED


---FAILURE LOG---
POSSIBLE NEXT STATES: states: {'15': 588, '91': 365, '55': 475}
last state: 95
state_list: ['15', '91', '55']
similar_list: [0.75, 0.75, 0.625]
score_list: [1.9117647058823528, 1.7556022408963585, 1.5826330532212884]
dict_word_score: {'15': 1.9117647058823528, '91': 1.7556022408963585, '55': 1.5826330532212884}

--------FAILURE--------
97<--FOUND
10010111
15<--EXPECTED
00010101
-----------------------------------------
I111.7: FAILURE (SHUTTLE #1 ANTIBACK DOWN)
I111.1: FAILURE (SHUTTLE #1 LIFTER DOWN)
RECOMMENDED TO CHECK: 
95<--EXPECTED
10010101
91<--EXPECTED
10010001
I111.2: FAILURE (SHUTTLE #1 AUTO TURN TURN)
55<--EXPECTED
01010101
I111.6: FAILURE (SHUTTLE #1 ANTIBACK UP)
way: ['99', '91', '95']

#############################
date and time = 2023-04-16 15:25:48
97 <-- FAILURE DETECTED


---FAILURE LOG---
POSSIBLE NEXT STATES: states: {'15': 588, '91': 365, '55': 475}
last state: 95
state_list: ['15', '91', '55']
similar_list: [0.75, 0.75, 0.625]
score_list: [1.9117647058823528, 1.7556022408963585, 1.5826330532212884]
dict_word_score: {'15': 1.9117647058823528, '91': 1.7556022408963585, '55': 1.5826330532212884}

--------FAILURE--------
97<--FOUND
10010111
15<--EXPECTED
00010101
-----------------------------------------
I111.7: FAILURE (SHUTTLE #1 ANTIBACK DOWN)
I111.1: FAILURE (SHUTTLE #1 LIFTER DOWN)
RECOMMENDED TO CHECK: 
95<--EXPECTED
10010101
91<--EXPECTED
10010001
I111.2: FAILURE (SHUTTLE #1 AUTO TURN TURN)
55<--EXPECTED
01010101
I111.6: FAILURE (SHUTTLE #1 ANTIBACK UP)
way: ['99', '91', '95']

#############################
date and time = 2023-04-16 18:40:13
0 <-- FAILURE DETECTED


---FAILURE LOG---
POSSIBLE NEXT STATES: states: {'16': 429, '56': 684}
last state: 96
state_list: ['16', '56']
similar_list: [0.625, 0.5]
score_list: [1.63544474393531, 1.61455525606469]
dict_word_score: {'16': 1.63544474393531, '56': 1.61455525606469}

--------FAILURE--------
0<--FOUND
00000000
16<--EXPECTED
00010110
-----------------------------------------
I111.4: FAILURE (SHUTTLE #1 STOPPER UP)
I111.2: FAILURE (SHUTTLE #1 AUTO TURN TURN)
I111.1: FAILURE (SHUTTLE #1 LIFTER DOWN)
RECOMMENDED TO CHECK: 
96<--EXPECTED
10010110
I111.7: FAILURE (SHUTTLE #1 ANTIBACK DOWN)
56<--EXPECTED
01010110
I111.6: FAILURE (SHUTTLE #1 ANTIBACK UP)
way: ['96']

#############################
date and time = 2023-04-16 18:44:52
0 <-- FAILURE DETECTED


---FAILURE LOG---
POSSIBLE NEXT STATES: states: {'16': 429, '56': 684}
last state: 96
state_list: ['16', '56']
similar_list: [0.625, 0.5]
score_list: [1.63544474393531, 1.61455525606469]
dict_word_score: {'16': 1.63544474393531, '56': 1.61455525606469}

--------FAILURE--------
0<--FOUND
00000000
16<--EXPECTED
00010110
-----------------------------------------
I111.4: FAILURE (SHUTTLE #1 STOPPER UP)
I111.2: FAILURE (SHUTTLE #1 AUTO TURN TURN)
I111.1: FAILURE (SHUTTLE #1 LIFTER DOWN)
RECOMMENDED TO CHECK: 
96<--EXPECTED
10010110
I111.7: FAILURE (SHUTTLE #1 ANTIBACK DOWN)
56<--EXPECTED
01010110
I111.6: FAILURE (SHUTTLE #1 ANTIBACK UP)
way: ['96']

#############################
date and time = 2023-05-15 23:56:39
15 <-- FAILURE DETECTED


---FAILURE LOG---
POSSIBLE NEXT STATES: states: {'99': 2856, '96': 4182, '91': 767, '56': 160, '19': 13, '59': 402, '16': 1, '57': 2, '95': 12, '55': 4}
last state: None
state_list: ['99', '96', '91', '56', '19', '59', '16', '57', '95', '55']
similar_list: [0.625, 0.625, 0.75, 0.625, 0.75, 0.625, 0.75, 0.75, 0.875, 0.875]
score_list: [1.590040481009644, 1.7479164186212643, 1.591320395285153, 1.2690498868912965, 1.5015478033099179, 1.2978628408143826, 1.5001190617930706, 1.5002381235861413, 1.7514287415168472, 1.7504762471722823]
dict_word_score: {'95': 1.7514287415168472, '55': 1.7504762471722823, '96': 1.7479164186212643, '91': 1.591320395285153, '99': 1.590040481009644, '19': 1.5015478033099179, '57': 1.5002381235861413, '16': 1.5001190617930706, '59': 1.2978628408143826, '56': 1.2690498868912965}

--------FAILURE--------
15<--FOUND
00010101
95<--EXPECTED
10010101
-----------------------------------------
I111.7: FAILURE (SHUTTLE #1 ANTIBACK DOWN)
RECOMMENDED TO CHECK: 
55<--EXPECTED
01010101
I111.6: FAILURE (SHUTTLE #1 ANTIBACK UP)
96<--EXPECTED
10010110
I111.1: FAILURE (SHUTTLE #1 LIFTER DOWN)
I111.0: FAILURE (SHUTTLE #1 LIFTER UP)
91<--EXPECTED
10010001
I111.2: FAILURE (SHUTTLE #1 AUTO TURN TURN)
99<--EXPECTED
10011001
I111.3: FAILURE (SHUTTLE #1 AUTO TURN RETURN)
19<--EXPECTED
00011001
57<--EXPECTED
01010111
16<--EXPECTED
00010110
59<--EXPECTED
01011001
56<--EXPECTED
01010110
way: []

#############################
date and time = 2023-05-23 10:59:30
97 <-- FAILURE DETECTED


---FAILURE LOG---
POSSIBLE NEXT STATES: states: {'55': 274, '15': 236, '91': 124}
last state: 95
state_list: ['55', '15', '91']
similar_list: [0.625, 0.75, 0.75]
score_list: [1.6821766561514195, 1.8722397476340693, 1.6955835962145112]
dict_word_score: {'15': 1.8722397476340693, '91': 1.6955835962145112, '55': 1.6821766561514195}

--------FAILURE--------
97<--FOUND
10010111
15<--EXPECTED
00010101
-----------------------------------------
I111.7: FAILURE (SHUTTLE #1 ANTIBACK DOWN)
I111.1: FAILURE (SHUTTLE #1 LIFTER DOWN)
RECOMMENDED TO CHECK: 
95<--EXPECTED
10010101
91<--EXPECTED
10010001
I111.2: FAILURE (SHUTTLE #1 AUTO TURN TURN)
55<--EXPECTED
01010101
I111.6: FAILURE (SHUTTLE #1 ANTIBACK UP)
way: ['99', '91', '95']

#############################
date and time = 2023-06-11 19:20:57
0 <-- FAILURE DETECTED


---FAILURE LOG---
POSSIBLE NEXT STATES: states: {'91': 955, '19': 262, '59': 344}
last state: 99
state_list: ['91', '19', '59']
similar_list: [0.625, 0.625, 0.5]
score_list: [1.8617873158231903, 1.417841127482383, 1.2203715566944267]
dict_word_score: {'91': 1.8617873158231903, '19': 1.417841127482383, '59': 1.2203715566944267}

--------FAILURE--------
0<--FOUND
00000000
91<--EXPECTED
10010001
-----------------------------------------
I111.7: FAILURE (SHUTTLE #1 ANTIBACK DOWN)
I111.4: FAILURE (SHUTTLE #1 STOPPER UP)
I111.0: FAILURE (SHUTTLE #1 LIFTER UP)
RECOMMENDED TO CHECK: 
99<--EXPECTED
10011001
I111.3: FAILURE (SHUTTLE #1 AUTO TURN RETURN)
19<--EXPECTED
00011001
59<--EXPECTED
01011001
I111.6: FAILURE (SHUTTLE #1 ANTIBACK UP)
way: ['99']

#############################
date and time = 2023-06-11 20:44:27
0 <-- FAILURE DETECTED


---FAILURE LOG---
POSSIBLE NEXT STATES: states: {'91': 955, '19': 262, '59': 344}
last state: 99
state_list: ['91', '19', '59']
similar_list: [0.625, 0.625, 0.5]
score_list: [1.8617873158231903, 1.417841127482383, 1.2203715566944267]
dict_word_score: {'91': 1.8617873158231903, '19': 1.417841127482383, '59': 1.2203715566944267}

--------FAILURE--------
0<--FOUND
00000000
91<--EXPECTED
10010001
-----------------------------------------
I111.7: FAILURE (SHUTTLE #1 ANTIBACK DOWN)
I111.4: FAILURE (SHUTTLE #1 STOPPER UP)
I111.0: FAILURE (SHUTTLE #1 LIFTER UP)
RECOMMENDED TO CHECK: 
99<--EXPECTED
10011001
I111.3: FAILURE (SHUTTLE #1 AUTO TURN RETURN)
19<--EXPECTED
00011001
59<--EXPECTED
01011001
I111.6: FAILURE (SHUTTLE #1 ANTIBACK UP)
way: ['99']

#############################
date and time = 2023-06-14 14:57:42
95 <-- FAILURE DETECTED


---FAILURE LOG---
POSSIBLE NEXT STATES: states: {'57': 848, '15': 876}
last state: 55
state_list: ['57', '15']
similar_list: [0.625, 0.875]
score_list: [1.7418793503480279, 2.258120649651972]
dict_word_score: {'15': 2.258120649651972, '57': 1.7418793503480279}

--------FAILURE--------
95<--FOUND
10010101
15<--EXPECTED
00010101
-----------------------------------------
I111.7: FAILURE (SHUTTLE #1 ANTIBACK DOWN)
RECOMMENDED TO CHECK: 
55<--EXPECTED
01010101
I111.6: FAILURE (SHUTTLE #1 ANTIBACK UP)
57<--EXPECTED
01010111
I111.1: FAILURE (SHUTTLE #1 LIFTER DOWN)
way: ['96', '16', '56', '57', '55']

#############################
date and time = 2023-06-30 13:05:12
95 <-- FAILURE DETECTED


---FAILURE LOG---
POSSIBLE NEXT STATES: states: {'57': 958, '15': 993}
last state: 55
state_list: ['57', '15']
similar_list: [0.625, 0.875]
score_list: [1.7410302409021015, 2.2589697590978988]
dict_word_score: {'15': 2.2589697590978988, '57': 1.7410302409021015}

--------FAILURE--------
95<--FOUND
10010101
15<--EXPECTED
00010101
-----------------------------------------
I111.7: FAILURE (SHUTTLE #1 ANTIBACK DOWN)
RECOMMENDED TO CHECK: 
55<--EXPECTED
01010101
I111.6: FAILURE (SHUTTLE #1 ANTIBACK UP)
57<--EXPECTED
01010111
I111.1: FAILURE (SHUTTLE #1 LIFTER DOWN)
way: ['96', '56', '57', '55']

#############################
date and time = 2023-07-09 15:38:11
9b <-- FAILURE DETECTED


---FAILURE LOG---
POSSIBLE NEXT STATES: states: {'91': 1180, '19': 340, '59': 446}
last state: 99
state_list: ['91', '19', '59']
similar_list: [0.75, 0.75, 0.625]
score_list: [2.100203458799593, 1.67293997965412, 1.476856561546287]
dict_word_score: {'91': 2.100203458799593, '19': 1.67293997965412, '59': 1.476856561546287}

--------FAILURE--------
9b<--FOUND
10011011
91<--EXPECTED
10010001
-----------------------------------------
I111.3: FAILURE (SHUTTLE #1 AUTO TURN RETURN)
I111.1: FAILURE (SHUTTLE #1 LIFTER DOWN)
RECOMMENDED TO CHECK: 
99<--EXPECTED
10011001
19<--EXPECTED
00011001
I111.7: FAILURE (SHUTTLE #1 ANTIBACK DOWN)
59<--EXPECTED
01011001
I111.6: FAILURE (SHUTTLE #1 ANTIBACK UP)
way: ['99']

#############################
date and time = 2023-07-11 08:33:18
0 <-- FAILURE DETECTED


---FAILURE LOG---
POSSIBLE NEXT STATES: states: {'99': 2100, '56': 119, '96': 3124, '91': 661, '57': 2, '95': 4, '59': 256, '55': 6, '19': 5, '15': 3}
last state: None
state_list: ['99', '56', '96', '91', '57', '95', '59', '55', '19', '15']
similar_list: [0.5, 0.5, 0.5, 0.625, 0.375, 0.5, 0.5, 0.5, 0.625, 0.625]
score_list: [1.3343949044585988, 1.0189490445859872, 1.497452229299363, 1.3552547770700638, 0.7503184713375797, 1.0006369426751593, 1.040764331210191, 1.0009554140127388, 1.250796178343949, 1.2504777070063695]
dict_word_score: {'96': 1.497452229299363, '91': 1.3552547770700638, '99': 1.3343949044585988, '19': 1.250796178343949, '15': 1.2504777070063695, '59': 1.040764331210191, '56': 1.0189490445859872, '55': 1.0009554140127388, '95': 1.0006369426751593, '57': 0.7503184713375797}

--------FAILURE--------
0<--FOUND
00000000
96<--EXPECTED
10010110
-----------------------------------------
I111.7: FAILURE (SHUTTLE #1 ANTIBACK DOWN)
I111.4: FAILURE (SHUTTLE #1 STOPPER UP)
I111.2: FAILURE (SHUTTLE #1 AUTO TURN TURN)
I111.1: FAILURE (SHUTTLE #1 LIFTER DOWN)
RECOMMENDED TO CHECK: 
91<--EXPECTED
10010001
I111.0: FAILURE (SHUTTLE #1 LIFTER UP)
99<--EXPECTED
10011001
I111.3: FAILURE (SHUTTLE #1 AUTO TURN RETURN)
19<--EXPECTED
00011001
15<--EXPECTED
00010101
59<--EXPECTED
01011001
I111.6: FAILURE (SHUTTLE #1 ANTIBACK UP)
56<--EXPECTED
01010110
55<--EXPECTED
01010101
95<--EXPECTED
10010101
57<--EXPECTED
01010111
way: []

#############################
date and time = 2023-07-18 15:37:12
0 <-- FAILURE DETECTED


---FAILURE LOG---
POSSIBLE NEXT STATES: states: {'56': 620, '16': 458}
last state: 96
state_list: ['56', '16']
similar_list: [0.5, 0.625]
score_list: [1.575139146567718, 1.674860853432282]
dict_word_score: {'16': 1.674860853432282, '56': 1.575139146567718}

--------FAILURE--------
0<--FOUND
00000000
16<--EXPECTED
00010110
-----------------------------------------
I111.4: FAILURE (SHUTTLE #1 STOPPER UP)
I111.2: FAILURE (SHUTTLE #1 AUTO TURN TURN)
I111.1: FAILURE (SHUTTLE #1 LIFTER DOWN)
RECOMMENDED TO CHECK: 
96<--EXPECTED
10010110
I111.7: FAILURE (SHUTTLE #1 ANTIBACK DOWN)
56<--EXPECTED
01010110
I111.6: FAILURE (SHUTTLE #1 ANTIBACK UP)
way: ['96']

#############################
date and time = 2023-07-18 19:29:18
96 <-- FAILURE DETECTED


---FAILURE LOG---
POSSIBLE NEXT STATES: states: {'16': 1102, '57': 1108}
last state: 56
state_list: ['16', '57']
similar_list: [0.875, 0.625]
score_list: [2.2486425339366516, 1.7513574660633484]
dict_word_score: {'16': 2.2486425339366516, '57': 1.7513574660633484}

--------FAILURE--------
96<--FOUND
10010110
16<--EXPECTED
00010110
-----------------------------------------
I111.7: FAILURE (SHUTTLE #1 ANTIBACK DOWN)
RECOMMENDED TO CHECK: 
56<--EXPECTED
01010110
I111.6: FAILURE (SHUTTLE #1 ANTIBACK UP)
57<--EXPECTED
01010111
I111.0: FAILURE (SHUTTLE #1 LIFTER UP)
way: ['99', '91', '95', '55', '57', '56']

#############################
date and time = 2023-07-19 06:00:54
95 <-- FAILURE DETECTED


---FAILURE LOG---
POSSIBLE NEXT STATES: states: {'57': 1060, '15': 1108}
last state: 55
state_list: ['57', '15']
similar_list: [0.625, 0.875]
score_list: [1.738929889298893, 2.261070110701107]
dict_word_score: {'15': 2.261070110701107, '57': 1.738929889298893}

--------FAILURE--------
95<--FOUND
10010101
15<--EXPECTED
00010101
-----------------------------------------
I111.7: FAILURE (SHUTTLE #1 ANTIBACK DOWN)
RECOMMENDED TO CHECK: 
55<--EXPECTED
01010101
I111.6: FAILURE (SHUTTLE #1 ANTIBACK UP)
57<--EXPECTED
01010111
I111.1: FAILURE (SHUTTLE #1 LIFTER DOWN)
way: ['96', '56', '57', '55']

#############################
date and time = 2023-07-22 06:45:43
0 <-- FAILURE DETECTED


---FAILURE LOG---
POSSIBLE NEXT STATES: states: {'91': 1277, '19': 373, '59': 496}
last state: 99
state_list: ['91', '19', '59']
similar_list: [0.625, 0.625, 0.5]
score_list: [1.8450605778191984, 1.42381174277726, 1.2311276794035415]
dict_word_score: {'91': 1.8450605778191984, '19': 1.42381174277726, '59': 1.2311276794035415}

--------FAILURE--------
0<--FOUND
00000000
91<--EXPECTED
10010001
-----------------------------------------
I111.7: FAILURE (SHUTTLE #1 ANTIBACK DOWN)
I111.4: FAILURE (SHUTTLE #1 STOPPER UP)
I111.0: FAILURE (SHUTTLE #1 LIFTER UP)
RECOMMENDED TO CHECK: 
99<--EXPECTED
10011001
I111.3: FAILURE (SHUTTLE #1 AUTO TURN RETURN)
19<--EXPECTED
00011001
59<--EXPECTED
01011001
I111.6: FAILURE (SHUTTLE #1 ANTIBACK UP)
way: ['99']