

#############################
date and time = 2023-03-06 12:03:48
718035540884f <-- FAILURE DETECTED


---FAILURE LOG---
POSSIBLE NEXT STATES: states: {'798035540c80f': 636, '718035540c80f': 4722, '818035540c80f': 1, '758035540c80f': 2}
last state: None
state_list: ['798035540c80f', '718035540c80f', '818035540c80f', '758035540c80f']
similar_list: [97, 98, 88, 97]
score_list: [830, 4918, 177, 196]
dict_word_score: {'718035540c80f': 4918, '798035540c80f': 830, '758035540c80f': 196, '818035540c80f': 177}

--------FAILURE--------
718035540884f<--FOUND
0000000000000111000110000000001101010101010000001000100001001111
718035540c80f<--EXPECTED
0000000000000111000110000000001101010101010000001100100000001111
-----------------------------------------
I1.6: FAILURE ([K] Laser Sensor Detect)

#############################
date and time = 2023-03-06 13:07:48
718035540884f <-- FAILURE DETECTED


---FAILURE LOG---
POSSIBLE NEXT STATES: states: {'798035540c80f': 636, '718035540c80f': 4722, '818035540c80f': 1, '758035540c80f': 2}
last state: None
state_list: ['798035540c80f', '718035540c80f', '818035540c80f', '758035540c80f']
similar_list: [97, 98, 88, 97]
score_list: [830, 4918, 177, 196]
dict_word_score: {'718035540c80f': 4918, '798035540c80f': 830, '758035540c80f': 196, '818035540c80f': 177}

--------FAILURE--------
718035540884f<--FOUND
0000000000000111000110000000001101010101010000001000100001001111
718035540c80f<--EXPECTED
0000000000000111000110000000001101010101010000001100100000001111
-----------------------------------------
I1.6: FAILURE ([K] Laser Sensor Detect)
I0.6: FAILURE (RPC RACK TEMP FAULT)
RECOMMENDED TO CHECK: 
798035540c80f<--EXPECTED
0000000000000111100110000000001101010101010000001100100000001111
I5.7: FAILURE (OIL PUMP PRESSURE HIGH)
758035540c80f<--EXPECTED
0000000000000111010110000000001101010101010000001100100000001111
I5.6: FAILURE (OIL PUMP PRESSURE LOW)
818035540c80f<--EXPECTED
0000000000001000000110000000001101010101010000001100100000001111
I6.3: FAILURE (Safety Door Lock Check)
I6.2: FAILURE (Safety Door Close Relay On_2)
I6.1: FAILURE (Safety Door Close Relay On_1)
I6.0: FAILURE (Safety Door Close Check)
way: []

#############################
date and time = 2023-03-06 13:08:06
718035540884f <-- FAILURE DETECTED


---FAILURE LOG---
POSSIBLE NEXT STATES: states: {'798035540c80f': 636, '718035540c80f': 4722, '818035540c80f': 1, '758035540c80f': 2}
last state: None
state_list: ['798035540c80f', '718035540c80f', '818035540c80f', '758035540c80f']
similar_list: [97, 98, 88, 97]
score_list: [830, 4918, 177, 196]
dict_word_score: {'718035540c80f': 4918, '798035540c80f': 830, '758035540c80f': 196, '818035540c80f': 177}

--------FAILURE--------
718035540884f<--FOUND
0000000000000111000110000000001101010101010000001000100001001111
718035540c80f<--EXPECTED
0000000000000111000110000000001101010101010000001100100000001111
-----------------------------------------
I1.6: FAILURE ([K] Laser Sensor Detect)
I0.6: FAILURE (RPC RACK TEMP FAULT)
RECOMMENDED TO CHECK: 
798035540c80f<--EXPECTED
0000000000000111100110000000001101010101010000001100100000001111
I5.7: FAILURE (OIL PUMP PRESSURE HIGH)
758035540c80f<--EXPECTED
0000000000000111010110000000001101010101010000001100100000001111
I5.6: FAILURE (OIL PUMP PRESSURE LOW)
818035540c80f<--EXPECTED
0000000000001000000110000000001101010101010000001100100000001111
I6.3: FAILURE (Safety Door Lock Check)
I6.2: FAILURE (Safety Door Close Relay On_2)
I6.1: FAILURE (Safety Door Close Relay On_1)
I6.0: FAILURE (Safety Door Close Check)
way: []

#############################
date and time = 2023-03-06 13:09:36
718035540884f <-- FAILURE DETECTED


---FAILURE LOG---
POSSIBLE NEXT STATES: states: {'798035540c80f': 636, '718035540c80f': 4722, '818035540c80f': 1, '758035540c80f': 2}
last state: None
state_list: ['798035540c80f', '718035540c80f', '818035540c80f', '758035540c80f']
similar_list: [97, 98, 88, 97]
score_list: [830, 4918, 177, 196]
dict_word_score: {'718035540c80f': 4918, '798035540c80f': 830, '758035540c80f': 196, '818035540c80f': 177}

--------FAILURE--------
718035540884f<--FOUND
0000000000000111000110000000001101010101010000001000100001001111
718035540c80f<--EXPECTED
0000000000000111000110000000001101010101010000001100100000001111
-----------------------------------------
I1.6: FAILURE ([K] Laser Sensor Detect)
I0.6: FAILURE (RPC RACK TEMP FAULT)
RECOMMENDED TO CHECK: 
798035540c80f<--EXPECTED
0000000000000111100110000000001101010101010000001100100000001111
I5.7: FAILURE (OIL PUMP PRESSURE HIGH)
758035540c80f<--EXPECTED
0000000000000111010110000000001101010101010000001100100000001111
I5.6: FAILURE (OIL PUMP PRESSURE LOW)
818035540c80f<--EXPECTED
0000000000001000000110000000001101010101010000001100100000001111
I6.3: FAILURE (Safety Door Lock Check)
I6.2: FAILURE (Safety Door Close Relay On_2)
I6.1: FAILURE (Safety Door Close Relay On_1)
I6.0: FAILURE (Safety Door Close Check)
way: []

#############################
date and time = 2023-03-06 13:11:20
718035540884f <-- FAILURE DETECTED


---FAILURE LOG---
POSSIBLE NEXT STATES: states: {'798035540c80f': 636, '718035540c80f': 4722, '818035540c80f': 1, '758035540c80f': 2}
last state: None
state_list: ['798035540c80f', '718035540c80f', '818035540c80f', '758035540c80f']
similar_list: [97, 98, 88, 97]
score_list: [830, 4918, 177, 196]
dict_word_score: {'718035540c80f': 4918, '798035540c80f': 830, '758035540c80f': 196, '818035540c80f': 177}

--------FAILURE--------
718035540884f<--FOUND
0000000000000111000110000000001101010101010000001000100001001111
718035540c80f<--EXPECTED
0000000000000111000110000000001101010101010000001100100000001111
-----------------------------------------
I1.6: FAILURE ([K] Laser Sensor Detect)
I0.6: FAILURE (RPC RACK TEMP FAULT)
RECOMMENDED TO CHECK: 
798035540c80f<--EXPECTED
0000000000000111100110000000001101010101010000001100100000001111
I5.7: FAILURE (OIL PUMP PRESSURE HIGH)
758035540c80f<--EXPECTED
0000000000000111010110000000001101010101010000001100100000001111
I5.6: FAILURE (OIL PUMP PRESSURE LOW)
818035540c80f<--EXPECTED
0000000000001000000110000000001101010101010000001100100000001111
I6.3: FAILURE (Safety Door Lock Check)
I6.2: FAILURE (Safety Door Close Relay On_2)
I6.1: FAILURE (Safety Door Close Relay On_1)
I6.0: FAILURE (Safety Door Close Check)
way: []

#############################
date and time = 2023-03-06 13:11:40
798035540884f <-- FAILURE DETECTED


---FAILURE LOG---
POSSIBLE NEXT STATES: states: {'798035540c80f': 636, '718035540c80f': 4722, '818035540c80f': 1, '758035540c80f': 2}
last state: None
state_list: ['798035540c80f', '718035540c80f', '818035540c80f', '758035540c80f']
similar_list: [100, 97, 87, 96]
score_list: [836, 4916, 175, 194]
dict_word_score: {'718035540c80f': 4916, '798035540c80f': 836, '758035540c80f': 194, '818035540c80f': 175}

--------FAILURE--------
798035540884f<--FOUND
0000000000000111100110000000001101010101010000001000100001001111
718035540c80f<--EXPECTED
0000000000000111000110000000001101010101010000001100100000001111
-----------------------------------------
I5.7: FAILURE (OIL PUMP PRESSURE HIGH)
I1.6: FAILURE ([K] Laser Sensor Detect)
I0.6: FAILURE (RPC RACK TEMP FAULT)
RECOMMENDED TO CHECK: 
798035540c80f<--EXPECTED
0000000000000111100110000000001101010101010000001100100000001111
758035540c80f<--EXPECTED
0000000000000111010110000000001101010101010000001100100000001111
I5.6: FAILURE (OIL PUMP PRESSURE LOW)
818035540c80f<--EXPECTED
0000000000001000000110000000001101010101010000001100100000001111
I6.3: FAILURE (Safety Door Lock Check)
I6.2: FAILURE (Safety Door Close Relay On_2)
I6.1: FAILURE (Safety Door Close Relay On_1)
I6.0: FAILURE (Safety Door Close Check)
way: []

#############################
date and time = 2023-03-06 13:12:04
718035540884f <-- FAILURE DETECTED


---FAILURE LOG---
POSSIBLE NEXT STATES: states: {'798035540c80f': 636, '718035540c80f': 4722, '818035540c80f': 1, '758035540c80f': 2}
last state: None
state_list: ['798035540c80f', '718035540c80f', '818035540c80f', '758035540c80f']
similar_list: [97, 98, 88, 97]
score_list: [830, 4918, 177, 196]
dict_word_score: {'718035540c80f': 4918, '798035540c80f': 830, '758035540c80f': 196, '818035540c80f': 177}

--------FAILURE--------
718035540884f<--FOUND
0000000000000111000110000000001101010101010000001000100001001111
718035540c80f<--EXPECTED
0000000000000111000110000000001101010101010000001100100000001111
-----------------------------------------
I1.6: FAILURE ([K] Laser Sensor Detect)
I0.6: FAILURE (RPC RACK TEMP FAULT)
RECOMMENDED TO CHECK: 
798035540c80f<--EXPECTED
0000000000000111100110000000001101010101010000001100100000001111
I5.7: FAILURE (OIL PUMP PRESSURE HIGH)
758035540c80f<--EXPECTED
0000000000000111010110000000001101010101010000001100100000001111
I5.6: FAILURE (OIL PUMP PRESSURE LOW)
818035540c80f<--EXPECTED
0000000000001000000110000000001101010101010000001100100000001111
I6.3: FAILURE (Safety Door Lock Check)
I6.2: FAILURE (Safety Door Close Relay On_2)
I6.1: FAILURE (Safety Door Close Relay On_1)
I6.0: FAILURE (Safety Door Close Check)
way: []

#############################
date and time = 2023-03-06 13:13:49
718035540884f <-- FAILURE DETECTED


---FAILURE LOG---
POSSIBLE NEXT STATES: states: {'798035540c80f': 636, '718035540c80f': 4722, '818035540c80f': 1, '758035540c80f': 2}
last state: None
state_list: ['798035540c80f', '718035540c80f', '818035540c80f', '758035540c80f']
similar_list: [97, 98, 88, 97]
score_list: [830, 4918, 177, 196]
dict_word_score: {'718035540c80f': 4918, '798035540c80f': 830, '758035540c80f': 196, '818035540c80f': 177}

--------FAILURE--------
718035540884f<--FOUND
0000000000000111000110000000001101010101010000001000100001001111
718035540c80f<--EXPECTED
0000000000000111000110000000001101010101010000001100100000001111
-----------------------------------------
I1.6: FAILURE ([K] Laser Sensor Detect)
I0.6: FAILURE (RPC RACK TEMP FAULT)
RECOMMENDED TO CHECK: 
798035540c80f<--EXPECTED
0000000000000111100110000000001101010101010000001100100000001111
I5.7: FAILURE (OIL PUMP PRESSURE HIGH)
758035540c80f<--EXPECTED
0000000000000111010110000000001101010101010000001100100000001111
I5.6: FAILURE (OIL PUMP PRESSURE LOW)
818035540c80f<--EXPECTED
0000000000001000000110000000001101010101010000001100100000001111
I6.3: FAILURE (Safety Door Lock Check)
I6.2: FAILURE (Safety Door Close Relay On_2)
I6.1: FAILURE (Safety Door Close Relay On_1)
I6.0: FAILURE (Safety Door Close Check)
way: []

#############################
date and time = 2023-03-06 13:14:08
718035540884f <-- FAILURE DETECTED


---FAILURE LOG---
POSSIBLE NEXT STATES: states: {'798035540c80f': 636, '718035540c80f': 4722, '818035540c80f': 1, '758035540c80f': 2}
last state: None
state_list: ['798035540c80f', '718035540c80f', '818035540c80f', '758035540c80f']
similar_list: [97, 98, 88, 97]
score_list: [830, 4918, 177, 196]
dict_word_score: {'718035540c80f': 4918, '798035540c80f': 830, '758035540c80f': 196, '818035540c80f': 177}

--------FAILURE--------
718035540884f<--FOUND
0000000000000111000110000000001101010101010000001000100001001111
718035540c80f<--EXPECTED
0000000000000111000110000000001101010101010000001100100000001111
-----------------------------------------
I1.6: FAILURE ([K] Laser Sensor Detect)
I0.6: FAILURE (RPC RACK TEMP FAULT)
RECOMMENDED TO CHECK: 
798035540c80f<--EXPECTED
0000000000000111100110000000001101010101010000001100100000001111
I5.7: FAILURE (OIL PUMP PRESSURE HIGH)
758035540c80f<--EXPECTED
0000000000000111010110000000001101010101010000001100100000001111
I5.6: FAILURE (OIL PUMP PRESSURE LOW)
818035540c80f<--EXPECTED
0000000000001000000110000000001101010101010000001100100000001111
I6.3: FAILURE (Safety Door Lock Check)
I6.2: FAILURE (Safety Door Close Relay On_2)
I6.1: FAILURE (Safety Door Close Relay On_1)
I6.0: FAILURE (Safety Door Close Check)
way: []

#############################
date and time = 2023-03-22 16:46:00
898035540c80f <-- FAILURE DETECTED


---FAILURE LOG---
POSSIBLE NEXT STATES: states: {'798035540c80f': 788, '718035540c80f': 5268, '818035540c80f': 1, '758035540c80f': 2}
last state: None
state_list: ['798035540c80f', '718035540c80f', '818035540c80f', '758035540c80f']
similar_list: [94, 91, 97, 90]
score_list: [976, 5450, 195, 182]
dict_word_score: {'718035540c80f': 5450, '798035540c80f': 976, '818035540c80f': 195, '758035540c80f': 182}

--------FAILURE--------
898035540c80f<--FOUND
0000000000001000100110000000001101010101010000001100100000001111
718035540c80f<--EXPECTED
0000000000000111000110000000001101010101010000001100100000001111
-----------------------------------------
I6.3: FAILURE (Safety Door Lock Check)
I6.2: FAILURE (Safety Door Close Relay On_2)
I6.1: FAILURE (Safety Door Close Relay On_1)
I6.0: FAILURE (Safety Door Close Check)
I5.7: FAILURE (OIL PUMP PRESSURE HIGH)
RECOMMENDED TO CHECK: 
798035540c80f<--EXPECTED
0000000000000111100110000000001101010101010000001100100000001111
818035540c80f<--EXPECTED
0000000000001000000110000000001101010101010000001100100000001111
758035540c80f<--EXPECTED
0000000000000111010110000000001101010101010000001100100000001111
I5.6: FAILURE (OIL PUMP PRESSURE LOW)
way: []

#############################
date and time = 2023-03-22 18:57:26
998035540c80f <-- FAILURE DETECTED


---FAILURE LOG---
POSSIBLE NEXT STATES: states: {'718035540c80f': 628}
last state: 798035540c80f
state_list: ['718035540c80f']
similar_list: [94]
score_list: [816]
dict_word_score: {'718035540c80f': 816}

--------FAILURE--------
998035540c80f<--FOUND
0000000000001001100110000000001101010101010000001100100000001111
718035540c80f<--EXPECTED
0000000000000111000110000000001101010101010000001100100000001111
-----------------------------------------
I6.3: FAILURE (Safety Door Lock Check)
I6.2: FAILURE (Safety Door Close Relay On_2)
I6.1: FAILURE (Safety Door Close Relay On_1)
I5.7: FAILURE (OIL PUMP PRESSURE HIGH)
RECOMMENDED TO CHECK: 
798035540c80f<--EXPECTED
0000000000000111100110000000001101010101010000001100100000001111
way: ['798035540c80f']

#############################
date and time = 2023-03-23 19:17:31
998035540c80f <-- FAILURE DETECTED


---FAILURE LOG---
POSSIBLE NEXT STATES: states: {'798035540c80f': 788, '718035540c80f': 5268, '818035540c80f': 1, '758035540c80f': 2}
last state: None
state_list: ['798035540c80f', '718035540c80f', '818035540c80f', '758035540c80f']
similar_list: [97, 94, 96, 93]
score_list: [982, 5456, 193, 188]
dict_word_score: {'718035540c80f': 5456, '798035540c80f': 982, '818035540c80f': 193, '758035540c80f': 188}

--------FAILURE--------
998035540c80f<--FOUND
0000000000001001100110000000001101010101010000001100100000001111
718035540c80f<--EXPECTED
0000000000000111000110000000001101010101010000001100100000001111
-----------------------------------------
I6.3: FAILURE (Safety Door Lock Check)
I6.2: FAILURE (Safety Door Close Relay On_2)
I6.1: FAILURE (Safety Door Close Relay On_1)
I5.7: FAILURE (OIL PUMP PRESSURE HIGH)
RECOMMENDED TO CHECK: 
798035540c80f<--EXPECTED
0000000000000111100110000000001101010101010000001100100000001111
818035540c80f<--EXPECTED
0000000000001000000110000000001101010101010000001100100000001111
I6.0: FAILURE (Safety Door Close Check)
758035540c80f<--EXPECTED
0000000000000111010110000000001101010101010000001100100000001111
I5.6: FAILURE (OIL PUMP PRESSURE LOW)
way: []

#############################
date and time = 2023-03-30 10:52:09
718035540c80f <-- FAILURE DETECTED


---FAILURE LOG---
POSSIBLE NEXT STATES: states: {'818035540c80f': 2, '118035540c80f': 1}
last state: 918035540c80f
state_list: ['818035540c80f', '118035540c80f']
similar_list: [0.9375, 0.96875]
score_list: [2.5416666666666665, 2.2708333333333335]
dict_word_score: {'818035540c80f': 2.5416666666666665, '118035540c80f': 2.2708333333333335}

--------FAILURE--------
718035540c80f<--FOUND
0000000000000111000110000000001101010101010000001100100000001111
818035540c80f<--EXPECTED
0000000000001000000110000000001101010101010000001100100000001111
-----------------------------------------
I6.3: FAILURE (Safety Door Lock Check)
I6.2: FAILURE (Safety Door Close Relay On_2)
I6.1: FAILURE (Safety Door Close Relay On_1)
I6.0: FAILURE (Safety Door Close Check)
RECOMMENDED TO CHECK: 
918035540c80f<--EXPECTED
0000000000001001000110000000001101010101010000001100100000001111
118035540c80f<--EXPECTED
0000000000000001000110000000001101010101010000001100100000001111
way: ['718035540c80f', '918035540c80f', '118035540c80f', '718035540c80f', '918035540c80f', '818035540c80f', '918035540c80f']

#############################
date and time = 2023-04-16 15:25:33
718035540c80f <-- FAILURE DETECTED


---FAILURE LOG---
POSSIBLE NEXT STATES: states: {'818035540c80f': 2, '118035540c80f': 1}
last state: 918035540c80f
state_list: ['818035540c80f', '118035540c80f']
similar_list: [0.9375, 0.96875]
score_list: [2.5416666666666665, 2.2708333333333335]
dict_word_score: {'818035540c80f': 2.5416666666666665, '118035540c80f': 2.2708333333333335}

--------FAILURE--------
718035540c80f<--FOUND
0000000000000111000110000000001101010101010000001100100000001111
818035540c80f<--EXPECTED
0000000000001000000110000000001101010101010000001100100000001111
-----------------------------------------
I6.3: FAILURE (Safety Door Lock Check)
I6.2: FAILURE (Safety Door Close Relay On_2)
I6.1: FAILURE (Safety Door Close Relay On_1)
I6.0: FAILURE (Safety Door Close Check)
RECOMMENDED TO CHECK: 
918035540c80f<--EXPECTED
0000000000001001000110000000001101010101010000001100100000001111
118035540c80f<--EXPECTED
0000000000000001000110000000001101010101010000001100100000001111
way: ['718035540c80f', '918035540c80f']

#############################
date and time = 2023-04-16 18:40:13
4000 <-- FAILURE DETECTED


---FAILURE LOG---
POSSIBLE NEXT STATES: states: {'718035540c80f': 732}
last state: 798035540c80f
state_list: ['718035540c80f']
similar_list: [0.71875]
score_list: [2.4375]
dict_word_score: {'718035540c80f': 2.4375}

--------FAILURE--------
4000<--FOUND
0000000000000000000000000000000000000000000000000100000000000000
718035540c80f<--EXPECTED
0000000000000111000110000000001101010101010000001100100000001111
-----------------------------------------
I6.2: FAILURE (Safety Door Close Relay On_2)
I6.1: FAILURE (Safety Door Close Relay On_1)
I6.0: FAILURE (Safety Door Close Check)
I5.4: FAILURE (OIL PUMP TEMP ALARM)
I5.3: FAILURE (OIL PUMP LEVEL ALARM)
I4.1: FAILURE (9016PS POWER LOW VOLT)
I4.0: FAILURE (9005PS POWER LOW VOLT)
I3.6: FAILURE (OIL PUMP MOTOR POWER ON)
I3.4: FAILURE (SERVO FAN POWER ON)
I3.2: FAILURE (SHUTTLE #2 MOTOR POWER ON)
I3.0: FAILURE (SHUTTLE #1 MOTOR POWER ON)
I2.6: FAILURE (DUST COLLECTOR FAN POWER ON)
I1.7: FAILURE (VALVE-T POWER OFF)
I1.3: FAILURE (MAIN HUB FAULT)
I0.3: FAILURE (MAIN AIR OK)
I0.2: FAILURE (READY OK [CR])
I0.1: FAILURE (OP1 EMG STOP)

#############################
date and time = 2023-04-17 14:17:06
898035540c80f <-- FAILURE DETECTED


---FAILURE LOG---
POSSIBLE NEXT STATES: states: {'798035540c80f': 917, '718035540c80f': 6083, '818035540c80f': 1, '758035540c80f': 3}
last state: None
state_list: ['798035540c80f', '718035540c80f', '818035540c80f', '758035540c80f']
similar_list: [0.9375, 0.921875, 0.984375, 0.90625]
score_list: [2.005925185608224, 2.712253712164477, 1.9688927755568246, 1.812928326670474]
dict_word_score: {'718035540c80f': 2.712253712164477, '798035540c80f': 2.005925185608224, '818035540c80f': 1.9688927755568246, '758035540c80f': 1.812928326670474}

--------FAILURE--------
898035540c80f<--FOUND
0000000000001000100110000000001101010101010000001100100000001111
718035540c80f<--EXPECTED
0000000000000111000110000000001101010101010000001100100000001111
-----------------------------------------
I6.3: FAILURE (Safety Door Lock Check)
I6.2: FAILURE (Safety Door Close Relay On_2)
I6.1: FAILURE (Safety Door Close Relay On_1)
I6.0: FAILURE (Safety Door Close Check)
I5.7: FAILURE (OIL PUMP PRESSURE HIGH)
RECOMMENDED TO CHECK: 
798035540c80f<--EXPECTED
0000000000000111100110000000001101010101010000001100100000001111
818035540c80f<--EXPECTED
0000000000001000000110000000001101010101010000001100100000001111
758035540c80f<--EXPECTED
0000000000000111010110000000001101010101010000001100100000001111
I5.6: FAILURE (OIL PUMP PRESSURE LOW)
way: []

#############################
date and time = 2023-06-01 09:43:33
718035540c807 <-- FAILURE DETECTED


---FAILURE LOG---
POSSIBLE NEXT STATES: states: {'758035540c80f': 703, '798035540c80f': 475}
last state: 718035540c80f
state_list: ['758035540c80f', '798035540c80f']
similar_list: [0.96875, 0.96875]
score_list: [2.534274193548387, 2.340725806451613]
dict_word_score: {'758035540c80f': 2.534274193548387, '798035540c80f': 2.340725806451613}

--------FAILURE--------
718035540c807<--FOUND
0000000000000111000110000000001101010101010000001100100000000111
758035540c80f<--EXPECTED
0000000000000111010110000000001101010101010000001100100000001111
-----------------------------------------
I5.6: FAILURE (OIL PUMP PRESSURE LOW)
I0.3: FAILURE (MAIN AIR OK)
RECOMMENDED TO CHECK: 
718035540c80f<--EXPECTED
0000000000000111000110000000001101010101010000001100100000001111
798035540c80f<--EXPECTED
0000000000000111100110000000001101010101010000001100100000001111
I5.7: FAILURE (OIL PUMP PRESSURE HIGH)
way: ['798035540c80f', '718035540c80f']

#############################
date and time = 2023-06-11 19:20:57
4000 <-- FAILURE DETECTED


---FAILURE LOG---
POSSIBLE NEXT STATES: states: {'758035540c80f': 741, '798035540c80f': 499}
last state: 718035540c80f
state_list: ['758035540c80f', '798035540c80f']
similar_list: [0.703125, 0.703125]
score_list: [2.0038306451612904, 1.8086693548387096]
dict_word_score: {'758035540c80f': 2.0038306451612904, '798035540c80f': 1.8086693548387096}

--------FAILURE--------
4000<--FOUND
0000000000000000000000000000000000000000000000000100000000000000
758035540c80f<--EXPECTED
0000000000000111010110000000001101010101010000001100100000001111
-----------------------------------------
I6.2: FAILURE (Safety Door Close Relay On_2)
I6.1: FAILURE (Safety Door Close Relay On_1)
I6.0: FAILURE (Safety Door Close Check)
I5.6: FAILURE (OIL PUMP PRESSURE LOW)
I5.4: FAILURE (OIL PUMP TEMP ALARM)
I5.3: FAILURE (OIL PUMP LEVEL ALARM)
I4.1: FAILURE (9016PS POWER LOW VOLT)
I4.0: FAILURE (9005PS POWER LOW VOLT)
I3.6: FAILURE (OIL PUMP MOTOR POWER ON)
I3.4: FAILURE (SERVO FAN POWER ON)
I3.2: FAILURE (SHUTTLE #2 MOTOR POWER ON)
I3.0: FAILURE (SHUTTLE #1 MOTOR POWER ON)
I2.6: FAILURE (DUST COLLECTOR FAN POWER ON)
I1.7: FAILURE (VALVE-T POWER OFF)
I1.3: FAILURE (MAIN HUB FAULT)
I0.3: FAILURE (MAIN AIR OK)
I0.2: FAILURE (READY OK [CR])
I0.1: FAILURE (OP1 EMG STOP)
I0.0: FAILURE (CONTROL POWER OK [CR])
RECOMMENDED TO CHECK: 
718035540c80f<--EXPECTED
0000000000000111000110000000001101010101010000001100100000001111
798035540c80f<--EXPECTED
0000000000000111100110000000001101010101010000001100100000001111
I5.7: FAILURE (OIL PUMP PRESSURE HIGH)
way: ['718035540c80f']

#############################
date and time = 2023-06-11 20:44:27
4000 <-- FAILURE DETECTED


---FAILURE LOG---
POSSIBLE NEXT STATES: states: {'758035540c80f': 741, '798035540c80f': 499}
last state: 718035540c80f
state_list: ['758035540c80f', '798035540c80f']
similar_list: [0.703125, 0.703125]
score_list: [2.0038306451612904, 1.8086693548387096]
dict_word_score: {'758035540c80f': 2.0038306451612904, '798035540c80f': 1.8086693548387096}

--------FAILURE--------
4000<--FOUND
0000000000000000000000000000000000000000000000000100000000000000
758035540c80f<--EXPECTED
0000000000000111010110000000001101010101010000001100100000001111
-----------------------------------------
I6.2: FAILURE (Safety Door Close Relay On_2)
I6.1: FAILURE (Safety Door Close Relay On_1)
I6.0: FAILURE (Safety Door Close Check)
I5.6: FAILURE (OIL PUMP PRESSURE LOW)
I5.4: FAILURE (OIL PUMP TEMP ALARM)
I5.3: FAILURE (OIL PUMP LEVEL ALARM)
I4.1: FAILURE (9016PS POWER LOW VOLT)
I4.0: FAILURE (9005PS POWER LOW VOLT)
I3.6: FAILURE (OIL PUMP MOTOR POWER ON)
I3.4: FAILURE (SERVO FAN POWER ON)
I3.2: FAILURE (SHUTTLE #2 MOTOR POWER ON)
I3.0: FAILURE (SHUTTLE #1 MOTOR POWER ON)
I2.6: FAILURE (DUST COLLECTOR FAN POWER ON)
I1.7: FAILURE (VALVE-T POWER OFF)
I1.3: FAILURE (MAIN HUB FAULT)
I0.3: FAILURE (MAIN AIR OK)
I0.2: FAILURE (READY OK [CR])
I0.1: FAILURE (OP1 EMG STOP)
I0.0: FAILURE (CONTROL POWER OK [CR])
RECOMMENDED TO CHECK: 
718035540c80f<--EXPECTED
0000000000000111000110000000001101010101010000001100100000001111
798035540c80f<--EXPECTED
0000000000000111100110000000001101010101010000001100100000001111
I5.7: FAILURE (OIL PUMP PRESSURE HIGH)
way: ['718035540c80f']

#############################
date and time = 2023-06-13 01:05:43
718035540e80f <-- FAILURE DETECTED


---FAILURE LOG---
POSSIBLE NEXT STATES: states: {'758035540c80f': 742, '798035540c80f': 499}
last state: 718035540c80f
state_list: ['758035540c80f', '798035540c80f']
similar_list: [0.96875, 0.96875]
score_list: [2.5354049153908136, 2.339595084609186]
dict_word_score: {'758035540c80f': 2.5354049153908136, '798035540c80f': 2.339595084609186}

--------FAILURE--------
718035540e80f<--FOUND
0000000000000111000110000000001101010101010000001110100000001111
758035540c80f<--EXPECTED
0000000000000111010110000000001101010101010000001100100000001111
-----------------------------------------
I5.6: FAILURE (OIL PUMP PRESSURE LOW)

#############################
date and time = 2023-07-11 08:33:18
4000 <-- FAILURE DETECTED


---FAILURE LOG---
POSSIBLE NEXT STATES: states: {'758035540c80f': 893, '798035540c80f': 600}
last state: 718035540c80f
state_list: ['758035540c80f', '798035540c80f']
similar_list: [0.703125, 0.703125]
score_list: [2.004374581379772, 1.8081254186202278]
dict_word_score: {'758035540c80f': 2.004374581379772, '798035540c80f': 1.8081254186202278}

--------FAILURE--------
4000<--FOUND
0000000000000000000000000000000000000000000000000100000000000000
758035540c80f<--EXPECTED
0000000000000111010110000000001101010101010000001100100000001111
-----------------------------------------
I6.2: FAILURE (Safety Door Close Relay On_2)
I6.1: FAILURE (Safety Door Close Relay On_1)
I6.0: FAILURE (Safety Door Close Check)
I5.6: FAILURE (OIL PUMP PRESSURE LOW)
I5.4: FAILURE (OIL PUMP TEMP ALARM)
I5.3: FAILURE (OIL PUMP LEVEL ALARM)
I4.1: FAILURE (9016PS POWER LOW VOLT)
I4.0: FAILURE (9005PS POWER LOW VOLT)
I3.6: FAILURE (OIL PUMP MOTOR POWER ON)
I3.4: FAILURE (SERVO FAN POWER ON)
I3.2: FAILURE (SHUTTLE #2 MOTOR POWER ON)
I3.0: FAILURE (SHUTTLE #1 MOTOR POWER ON)
I2.6: FAILURE (DUST COLLECTOR FAN POWER ON)
I1.7: FAILURE (VALVE-T POWER OFF)
I1.3: FAILURE (MAIN HUB FAULT)
I0.3: FAILURE (MAIN AIR OK)
I0.2: FAILURE (READY OK [CR])
I0.1: FAILURE (OP1 EMG STOP)
I0.0: FAILURE (CONTROL POWER OK [CR])
RECOMMENDED TO CHECK: 
718035540c80f<--EXPECTED
0000000000000111000110000000001101010101010000001100100000001111
798035540c80f<--EXPECTED
0000000000000111100110000000001101010101010000001100100000001111
I5.7: FAILURE (OIL PUMP PRESSURE HIGH)
way: ['718035540c80f']

#############################
date and time = 2023-07-18 15:37:12
818035540c80f <-- FAILURE DETECTED


---FAILURE LOG---
POSSIBLE NEXT STATES: states: {'718035540c80f': 6066, '798035540c80f': 618}
last state: None
state_list: ['718035540c80f', '798035540c80f']
similar_list: [0.9375, 0.921875]
score_list: [2.7825403949730703, 1.93620960502693]
dict_word_score: {'718035540c80f': 2.7825403949730703, '798035540c80f': 1.93620960502693}

--------FAILURE--------
818035540c80f<--FOUND
0000000000001000000110000000001101010101010000001100100000001111
718035540c80f<--EXPECTED
0000000000000111000110000000001101010101010000001100100000001111
-----------------------------------------
I6.3: FAILURE (Safety Door Lock Check)
I6.2: FAILURE (Safety Door Close Relay On_2)
I6.1: FAILURE (Safety Door Close Relay On_1)
I6.0: FAILURE (Safety Door Close Check)
RECOMMENDED TO CHECK: 
798035540c80f<--EXPECTED
0000000000000111100110000000001101010101010000001100100000001111
I5.7: FAILURE (OIL PUMP PRESSURE HIGH)
way: []

#############################
date and time = 2023-07-22 06:45:42
718035540c807 <-- FAILURE DETECTED


---FAILURE LOG---
POSSIBLE NEXT STATES: states: {'758035540c80f': 966, '798035540c80f': 649}
last state: 718035540c80f
state_list: ['758035540c80f', '798035540c80f']
similar_list: [0.96875, 0.96875]
score_list: [2.535642414860681, 2.339357585139319]
dict_word_score: {'758035540c80f': 2.535642414860681, '798035540c80f': 2.339357585139319}

--------FAILURE--------
718035540c807<--FOUND
0000000000000111000110000000001101010101010000001100100000000111
758035540c80f<--EXPECTED
0000000000000111010110000000001101010101010000001100100000001111
-----------------------------------------
I5.6: FAILURE (OIL PUMP PRESSURE LOW)
I0.3: FAILURE (MAIN AIR OK)
RECOMMENDED TO CHECK: 
718035540c80f<--EXPECTED
0000000000000111000110000000001101010101010000001100100000001111
798035540c80f<--EXPECTED
0000000000000111100110000000001101010101010000001100100000001111
I5.7: FAILURE (OIL PUMP PRESSURE HIGH)
way: ['718035540c80f']