

#############################
date and time = 2023-03-06 12:03:45
718035540884f <-- FAILURE DETECTED


---FAILURE LOG---
POSSIBLE NEXT STATES: states: {'718035540c80f': 4663, '798035540c80f': 679, '918035540c80f': 1, '998035540c80f': 1}
last state: None
state_list: ['718035540c80f', '798035540c80f', '918035540c80f', '998035540c80f']
similar_list: [98, 97, 91, 90]
score_list: [4859, 873, 183, 181]
dict_word_score: {'718035540c80f': 4859, '798035540c80f': 873, '918035540c80f': 183, '998035540c80f': 181}

--------FAILURE--------
718035540884f<--FOUND
0000000000000111000110000000001101010101010000001000100001001111
718035540c80f<--EXPECTED
0000000000000111000110000000001101010101010000001100100000001111
-----------------------------------------
I1.6: FAILURE ([K] Laser Sensor Detect)

#############################
date and time = 2023-03-06 13:06:19
718035540884f <-- FAILURE DETECTED


---FAILURE LOG---
POSSIBLE NEXT STATES: states: {'718035540c80f': 4663, '798035540c80f': 679, '918035540c80f': 1, '998035540c80f': 1}
last state: None
state_list: ['718035540c80f', '798035540c80f', '918035540c80f', '998035540c80f']
similar_list: [98, 97, 91, 90]
score_list: [4859, 873, 183, 181]
dict_word_score: {'718035540c80f': 4859, '798035540c80f': 873, '918035540c80f': 183, '998035540c80f': 181}

--------FAILURE--------
718035540884f<--FOUND
0000000000000111000110000000001101010101010000001000100001001111
718035540c80f<--EXPECTED
0000000000000111000110000000001101010101010000001100100000001111
-----------------------------------------
I1.6: FAILURE ([K] Laser Sensor Detect)
I0.6: FAILURE (RPC RACK TEMP FAULT)
RECOMMENDED TO CHECK: 
798035540c80f<--EXPECTED
0000000000000111100110000000001101010101010000001100100000001111
I5.7: FAILURE (OIL PUMP PRESSURE HIGH)
918035540c80f<--EXPECTED
0000000000001001000110000000001101010101010000001100100000001111
I6.3: FAILURE (Safety Door Lock Check)
I6.2: FAILURE (Safety Door Close Relay On_2)
I6.1: FAILURE (Safety Door Close Relay On_1)
998035540c80f<--EXPECTED
0000000000001001100110000000001101010101010000001100100000001111
way: []

#############################
date and time = 2023-03-06 13:07:59
718035540884f <-- FAILURE DETECTED


---FAILURE LOG---
POSSIBLE NEXT STATES: states: {'718035540c80f': 4663, '798035540c80f': 679, '918035540c80f': 1, '998035540c80f': 1}
last state: None
state_list: ['718035540c80f', '798035540c80f', '918035540c80f', '998035540c80f']
similar_list: [98, 97, 91, 90]
score_list: [4859, 873, 183, 181]
dict_word_score: {'718035540c80f': 4859, '798035540c80f': 873, '918035540c80f': 183, '998035540c80f': 181}

--------FAILURE--------
718035540884f<--FOUND
0000000000000111000110000000001101010101010000001000100001001111
718035540c80f<--EXPECTED
0000000000000111000110000000001101010101010000001100100000001111
-----------------------------------------
I1.6: FAILURE ([K] Laser Sensor Detect)
I0.6: FAILURE (RPC RACK TEMP FAULT)
RECOMMENDED TO CHECK: 
798035540c80f<--EXPECTED
0000000000000111100110000000001101010101010000001100100000001111
I5.7: FAILURE (OIL PUMP PRESSURE HIGH)
918035540c80f<--EXPECTED
0000000000001001000110000000001101010101010000001100100000001111
I6.3: FAILURE (Safety Door Lock Check)
I6.2: FAILURE (Safety Door Close Relay On_2)
I6.1: FAILURE (Safety Door Close Relay On_1)
998035540c80f<--EXPECTED
0000000000001001100110000000001101010101010000001100100000001111
way: []

#############################
date and time = 2023-03-06 13:09:34
718035540884f <-- FAILURE DETECTED


---FAILURE LOG---
POSSIBLE NEXT STATES: states: {'718035540c80f': 4663, '798035540c80f': 679, '918035540c80f': 1, '998035540c80f': 1}
last state: None
state_list: ['718035540c80f', '798035540c80f', '918035540c80f', '998035540c80f']
similar_list: [98, 97, 91, 90]
score_list: [4859, 873, 183, 181]
dict_word_score: {'718035540c80f': 4859, '798035540c80f': 873, '918035540c80f': 183, '998035540c80f': 181}

--------FAILURE--------
718035540884f<--FOUND
0000000000000111000110000000001101010101010000001000100001001111
718035540c80f<--EXPECTED
0000000000000111000110000000001101010101010000001100100000001111
-----------------------------------------
I1.6: FAILURE ([K] Laser Sensor Detect)
I0.6: FAILURE (RPC RACK TEMP FAULT)
RECOMMENDED TO CHECK: 
798035540c80f<--EXPECTED
0000000000000111100110000000001101010101010000001100100000001111
I5.7: FAILURE (OIL PUMP PRESSURE HIGH)
918035540c80f<--EXPECTED
0000000000001001000110000000001101010101010000001100100000001111
I6.3: FAILURE (Safety Door Lock Check)
I6.2: FAILURE (Safety Door Close Relay On_2)
I6.1: FAILURE (Safety Door Close Relay On_1)
998035540c80f<--EXPECTED
0000000000001001100110000000001101010101010000001100100000001111
way: []

#############################
date and time = 2023-03-06 13:09:45
718035540884f <-- FAILURE DETECTED


---FAILURE LOG---
POSSIBLE NEXT STATES: states: {'718035540c80f': 4663, '798035540c80f': 679, '918035540c80f': 1, '998035540c80f': 1}
last state: None
state_list: ['718035540c80f', '798035540c80f', '918035540c80f', '998035540c80f']
similar_list: [98, 97, 91, 90]
score_list: [4859, 873, 183, 181]
dict_word_score: {'718035540c80f': 4859, '798035540c80f': 873, '918035540c80f': 183, '998035540c80f': 181}

--------FAILURE--------
718035540884f<--FOUND
0000000000000111000110000000001101010101010000001000100001001111
718035540c80f<--EXPECTED
0000000000000111000110000000001101010101010000001100100000001111
-----------------------------------------
I1.6: FAILURE ([K] Laser Sensor Detect)
I0.6: FAILURE (RPC RACK TEMP FAULT)
RECOMMENDED TO CHECK: 
798035540c80f<--EXPECTED
0000000000000111100110000000001101010101010000001100100000001111
I5.7: FAILURE (OIL PUMP PRESSURE HIGH)
918035540c80f<--EXPECTED
0000000000001001000110000000001101010101010000001100100000001111
I6.3: FAILURE (Safety Door Lock Check)
I6.2: FAILURE (Safety Door Close Relay On_2)
I6.1: FAILURE (Safety Door Close Relay On_1)
998035540c80f<--EXPECTED
0000000000001001100110000000001101010101010000001100100000001111
way: []

#############################
date and time = 2023-03-06 13:11:33
798035540884f <-- FAILURE DETECTED


---FAILURE LOG---
POSSIBLE NEXT STATES: states: {'718035540c80f': 4663, '798035540c80f': 679, '918035540c80f': 1, '998035540c80f': 1}
last state: None
state_list: ['718035540c80f', '798035540c80f', '918035540c80f', '998035540c80f']
similar_list: [97, 100, 90, 93]
score_list: [4857, 879, 181, 187]
dict_word_score: {'718035540c80f': 4857, '798035540c80f': 879, '998035540c80f': 187, '918035540c80f': 181}

--------FAILURE--------
798035540884f<--FOUND
0000000000000111100110000000001101010101010000001000100001001111
718035540c80f<--EXPECTED
0000000000000111000110000000001101010101010000001100100000001111
-----------------------------------------
I5.7: FAILURE (OIL PUMP PRESSURE HIGH)
I1.6: FAILURE ([K] Laser Sensor Detect)
I0.6: FAILURE (RPC RACK TEMP FAULT)
RECOMMENDED TO CHECK: 
798035540c80f<--EXPECTED
0000000000000111100110000000001101010101010000001100100000001111
998035540c80f<--EXPECTED
0000000000001001100110000000001101010101010000001100100000001111
I6.3: FAILURE (Safety Door Lock Check)
I6.2: FAILURE (Safety Door Close Relay On_2)
I6.1: FAILURE (Safety Door Close Relay On_1)
918035540c80f<--EXPECTED
0000000000001001000110000000001101010101010000001100100000001111
way: []

#############################
date and time = 2023-03-06 13:12:01
718035540884f <-- FAILURE DETECTED


---FAILURE LOG---
POSSIBLE NEXT STATES: states: {'718035540c80f': 4663, '798035540c80f': 679, '918035540c80f': 1, '998035540c80f': 1}
last state: None
state_list: ['718035540c80f', '798035540c80f', '918035540c80f', '998035540c80f']
similar_list: [98, 97, 91, 90]
score_list: [4859, 873, 183, 181]
dict_word_score: {'718035540c80f': 4859, '798035540c80f': 873, '918035540c80f': 183, '998035540c80f': 181}

--------FAILURE--------
718035540884f<--FOUND
0000000000000111000110000000001101010101010000001000100001001111
718035540c80f<--EXPECTED
0000000000000111000110000000001101010101010000001100100000001111
-----------------------------------------
I1.6: FAILURE ([K] Laser Sensor Detect)
I0.6: FAILURE (RPC RACK TEMP FAULT)
RECOMMENDED TO CHECK: 
798035540c80f<--EXPECTED
0000000000000111100110000000001101010101010000001100100000001111
I5.7: FAILURE (OIL PUMP PRESSURE HIGH)
918035540c80f<--EXPECTED
0000000000001001000110000000001101010101010000001100100000001111
I6.3: FAILURE (Safety Door Lock Check)
I6.2: FAILURE (Safety Door Close Relay On_2)
I6.1: FAILURE (Safety Door Close Relay On_1)
998035540c80f<--EXPECTED
0000000000001001100110000000001101010101010000001100100000001111
way: []

#############################
date and time = 2023-03-06 13:12:13
718035540884f <-- FAILURE DETECTED


---FAILURE LOG---
POSSIBLE NEXT STATES: states: {'718035540c80f': 4663, '798035540c80f': 679, '918035540c80f': 1, '998035540c80f': 1}
last state: None
state_list: ['718035540c80f', '798035540c80f', '918035540c80f', '998035540c80f']
similar_list: [98, 97, 91, 90]
score_list: [4859, 873, 183, 181]
dict_word_score: {'718035540c80f': 4859, '798035540c80f': 873, '918035540c80f': 183, '998035540c80f': 181}

--------FAILURE--------
718035540884f<--FOUND
0000000000000111000110000000001101010101010000001000100001001111
718035540c80f<--EXPECTED
0000000000000111000110000000001101010101010000001100100000001111
-----------------------------------------
I1.6: FAILURE ([K] Laser Sensor Detect)
I0.6: FAILURE (RPC RACK TEMP FAULT)
RECOMMENDED TO CHECK: 
798035540c80f<--EXPECTED
0000000000000111100110000000001101010101010000001100100000001111
I5.7: FAILURE (OIL PUMP PRESSURE HIGH)
918035540c80f<--EXPECTED
0000000000001001000110000000001101010101010000001100100000001111
I6.3: FAILURE (Safety Door Lock Check)
I6.2: FAILURE (Safety Door Close Relay On_2)
I6.1: FAILURE (Safety Door Close Relay On_1)
998035540c80f<--EXPECTED
0000000000001001100110000000001101010101010000001100100000001111
way: []

#############################
date and time = 2023-03-06 13:14:01
718035540884f <-- FAILURE DETECTED


---FAILURE LOG---
POSSIBLE NEXT STATES: states: {'718035540c80f': 4663, '798035540c80f': 679, '918035540c80f': 1, '998035540c80f': 1}
last state: None
state_list: ['718035540c80f', '798035540c80f', '918035540c80f', '998035540c80f']
similar_list: [98, 97, 91, 90]
score_list: [4859, 873, 183, 181]
dict_word_score: {'718035540c80f': 4859, '798035540c80f': 873, '918035540c80f': 183, '998035540c80f': 181}

--------FAILURE--------
718035540884f<--FOUND
0000000000000111000110000000001101010101010000001000100001001111
718035540c80f<--EXPECTED
0000000000000111000110000000001101010101010000001100100000001111
-----------------------------------------
I1.6: FAILURE ([K] Laser Sensor Detect)
I0.6: FAILURE (RPC RACK TEMP FAULT)
RECOMMENDED TO CHECK: 
798035540c80f<--EXPECTED
0000000000000111100110000000001101010101010000001100100000001111
I5.7: FAILURE (OIL PUMP PRESSURE HIGH)
918035540c80f<--EXPECTED
0000000000001001000110000000001101010101010000001100100000001111
I6.3: FAILURE (Safety Door Lock Check)
I6.2: FAILURE (Safety Door Close Relay On_2)
I6.1: FAILURE (Safety Door Close Relay On_1)
998035540c80f<--EXPECTED
0000000000001001100110000000001101010101010000001100100000001111
way: []

#############################
date and time = 2023-03-14 11:44:25
758035540c80f <-- FAILURE DETECTED


---FAILURE LOG---
POSSIBLE NEXT STATES: states: {'718035540c80f': 4663, '798035540c80f': 679, '918035540c80f': 1, '998035540c80f': 1}
last state: None
state_list: ['718035540c80f', '798035540c80f', '918035540c80f', '998035540c80f']
similar_list: [101, 100, 94, 93]
score_list: [4865, 879, 189, 187]
dict_word_score: {'718035540c80f': 4865, '798035540c80f': 879, '918035540c80f': 189, '998035540c80f': 187}

--------FAILURE--------
758035540c80f<--FOUND
0000000000000111010110000000001101010101010000001100100000001111
718035540c80f<--EXPECTED
0000000000000111000110000000001101010101010000001100100000001111
-----------------------------------------
I5.6: FAILURE (OIL PUMP PRESSURE LOW)
RECOMMENDED TO CHECK: 
798035540c80f<--EXPECTED
0000000000000111100110000000001101010101010000001100100000001111
I5.7: FAILURE (OIL PUMP PRESSURE HIGH)
918035540c80f<--EXPECTED
0000000000001001000110000000001101010101010000001100100000001111
I6.3: FAILURE (Safety Door Lock Check)
I6.2: FAILURE (Safety Door Close Relay On_2)
I6.1: FAILURE (Safety Door Close Relay On_1)
998035540c80f<--EXPECTED
0000000000001001100110000000001101010101010000001100100000001111
way: []

#############################
date and time = 2023-03-22 16:42:18
998035540c80f <-- FAILURE DETECTED


---FAILURE LOG---
POSSIBLE NEXT STATES: states: {'718035540c80f': 352}
last state: 798035540c80f
state_list: ['718035540c80f']
similar_list: [94]
score_list: [540]
dict_word_score: {'718035540c80f': 540}

--------FAILURE--------
998035540c80f<--FOUND
0000000000001001100110000000001101010101010000001100100000001111
718035540c80f<--EXPECTED
0000000000000111000110000000001101010101010000001100100000001111
-----------------------------------------
I6.3: FAILURE (Safety Door Lock Check)
I6.2: FAILURE (Safety Door Close Relay On_2)
I6.1: FAILURE (Safety Door Close Relay On_1)
I5.7: FAILURE (OIL PUMP PRESSURE HIGH)
RECOMMENDED TO CHECK: 
798035540c80f<--EXPECTED
0000000000000111100110000000001101010101010000001100100000001111
way: ['718035540c80f', '798035540c80f']

#############################
date and time = 2023-03-22 16:46:18
718035540c80f <-- FAILURE DETECTED


---FAILURE LOG---
POSSIBLE NEXT STATES: states: {'118035540c80f': 1, '818035540c80f': 1}
last state: 918035540c80f
state_list: ['118035540c80f', '818035540c80f']
similar_list: [96, 92]
score_list: [193, 185]
dict_word_score: {'118035540c80f': 193, '818035540c80f': 185}

--------FAILURE--------
718035540c80f<--FOUND
0000000000000111000110000000001101010101010000001100100000001111
118035540c80f<--EXPECTED
0000000000000001000110000000001101010101010000001100100000001111
-----------------------------------------
I6.2: FAILURE (Safety Door Close Relay On_2)
I6.1: FAILURE (Safety Door Close Relay On_1)
RECOMMENDED TO CHECK: 
918035540c80f<--EXPECTED
0000000000001001000110000000001101010101010000001100100000001111
I6.3: FAILURE (Safety Door Lock Check)
818035540c80f<--EXPECTED
0000000000001000000110000000001101010101010000001100100000001111
I6.0: FAILURE (Safety Door Close Check)
way: ['918035540c80f']

#############################
date and time = 2023-03-22 20:44:30
718035540c80f <-- FAILURE DETECTED


---FAILURE LOG---
POSSIBLE NEXT STATES: states: {'118035540c80f': 1, '818035540c80f': 1}
last state: 918035540c80f
state_list: ['118035540c80f', '818035540c80f']
similar_list: [96, 92]
score_list: [193, 185]
dict_word_score: {'118035540c80f': 193, '818035540c80f': 185}

--------FAILURE--------
718035540c80f<--FOUND
0000000000000111000110000000001101010101010000001100100000001111
118035540c80f<--EXPECTED
0000000000000001000110000000001101010101010000001100100000001111
-----------------------------------------
I6.2: FAILURE (Safety Door Close Relay On_2)
I6.1: FAILURE (Safety Door Close Relay On_1)
RECOMMENDED TO CHECK: 
918035540c80f<--EXPECTED
0000000000001001000110000000001101010101010000001100100000001111
I6.3: FAILURE (Safety Door Lock Check)
818035540c80f<--EXPECTED
0000000000001000000110000000001101010101010000001100100000001111
I6.0: FAILURE (Safety Door Close Check)
way: ['918035540c80f']

#############################
date and time = 2023-03-23 19:15:13
998035540c80f <-- FAILURE DETECTED


---FAILURE LOG---
POSSIBLE NEXT STATES: states: {'718035540c80f': 352}
last state: 798035540c80f
state_list: ['718035540c80f']
similar_list: [94]
score_list: [540]
dict_word_score: {'718035540c80f': 540}

--------FAILURE--------
998035540c80f<--FOUND
0000000000001001100110000000001101010101010000001100100000001111
718035540c80f<--EXPECTED
0000000000000111000110000000001101010101010000001100100000001111
-----------------------------------------
I6.3: FAILURE (Safety Door Lock Check)
I6.2: FAILURE (Safety Door Close Relay On_2)
I6.1: FAILURE (Safety Door Close Relay On_1)
I5.7: FAILURE (OIL PUMP PRESSURE HIGH)
RECOMMENDED TO CHECK: 
798035540c80f<--EXPECTED
0000000000000111100110000000001101010101010000001100100000001111
way: ['718035540c80f', '798035540c80f']

#############################
date and time = 2023-04-16 15:40:53
918035540c80f <-- FAILURE DETECTED

RECOMMENDED TO CHECK: 
818035540c80f<--EXPECTED
0000000000001000000110000000001101010101010000001100100000001111
I6.0: FAILURE (Safety Door Close Check)
way: ['718035540c80f', '918035540c80f', '818035540c80f']

#############################
date and time = 2023-04-16 18:40:37
718035540c803 <-- FAILURE DETECTED


---FAILURE LOG---
POSSIBLE NEXT STATES: states: {'718035540c80f': 5964, '798035540c80f': 951, '918035540c80f': 1, '998035540c80f': 1}
last state: None
state_list: ['718035540c80f', '798035540c80f', '918035540c80f', '998035540c80f']
similar_list: [0.96875, 0.953125, 0.921875, 0.90625]
score_list: [2.799723507300853, 2.0437373500072287, 1.8438945713459591, 1.8126445713459591]
dict_word_score: {'718035540c80f': 2.799723507300853, '798035540c80f': 2.0437373500072287, '918035540c80f': 1.8438945713459591, '998035540c80f': 1.8126445713459591}

--------FAILURE--------
718035540c803<--FOUND
0000000000000111000110000000001101010101010000001100100000000011
718035540c80f<--EXPECTED
0000000000000111000110000000001101010101010000001100100000001111
-----------------------------------------
I0.3: FAILURE (MAIN AIR OK)
I0.2: FAILURE (READY OK [CR])
RECOMMENDED TO CHECK: 
798035540c80f<--EXPECTED
0000000000000111100110000000001101010101010000001100100000001111
I5.7: FAILURE (OIL PUMP PRESSURE HIGH)
918035540c80f<--EXPECTED
0000000000001001000110000000001101010101010000001100100000001111
I6.3: FAILURE (Safety Door Lock Check)
I6.2: FAILURE (Safety Door Close Relay On_2)
I6.1: FAILURE (Safety Door Close Relay On_1)
998035540c80f<--EXPECTED
0000000000001001100110000000001101010101010000001100100000001111
way: []

#############################
date and time = 2023-04-17 14:17:09
898035540c80f <-- FAILURE DETECTED


---FAILURE LOG---
POSSIBLE NEXT STATES: states: {'718035540c80f': 6023, '798035540c80f': 957, '918035540c80f': 1, '998035540c80f': 1}
last state: None
state_list: ['718035540c80f', '798035540c80f', '918035540c80f', '998035540c80f']
similar_list: [0.921875, 0.9375, 0.96875, 0.984375]
score_list: [2.7063968060727586, 2.012066743053566, 1.9376432254368376, 1.9688932254368376]
dict_word_score: {'718035540c80f': 2.7063968060727586, '798035540c80f': 2.012066743053566, '998035540c80f': 1.9688932254368376, '918035540c80f': 1.9376432254368376}

--------FAILURE--------
898035540c80f<--FOUND
0000000000001000100110000000001101010101010000001100100000001111
718035540c80f<--EXPECTED
0000000000000111000110000000001101010101010000001100100000001111
-----------------------------------------
I6.3: FAILURE (Safety Door Lock Check)
I6.2: FAILURE (Safety Door Close Relay On_2)
I6.1: FAILURE (Safety Door Close Relay On_1)
I6.0: FAILURE (Safety Door Close Check)
I5.7: FAILURE (OIL PUMP PRESSURE HIGH)
RECOMMENDED TO CHECK: 
798035540c80f<--EXPECTED
0000000000000111100110000000001101010101010000001100100000001111
998035540c80f<--EXPECTED
0000000000001001100110000000001101010101010000001100100000001111
918035540c80f<--EXPECTED
0000000000001001000110000000001101010101010000001100100000001111
way: []

#############################
date and time = 2023-04-24 06:26:18
758035540c80f <-- FAILURE DETECTED


---FAILURE LOG---
POSSIBLE NEXT STATES: states: {'718035540c80f': 6139, '798035540c80f': 971, '918035540c80f': 1, '998035540c80f': 1}
last state: None
state_list: ['718035540c80f', '798035540c80f', '918035540c80f', '998035540c80f']
similar_list: [0.984375, 0.96875, 0.9375, 0.921875]
score_list: [2.8319389763779528, 2.0740298087739033, 1.875140607424072, 1.843890607424072]
dict_word_score: {'718035540c80f': 2.8319389763779528, '798035540c80f': 2.0740298087739033, '918035540c80f': 1.875140607424072, '998035540c80f': 1.843890607424072}

--------FAILURE--------
758035540c80f<--FOUND
0000000000000111010110000000001101010101010000001100100000001111
718035540c80f<--EXPECTED
0000000000000111000110000000001101010101010000001100100000001111
-----------------------------------------
I5.6: FAILURE (OIL PUMP PRESSURE LOW)
RECOMMENDED TO CHECK: 
798035540c80f<--EXPECTED
0000000000000111100110000000001101010101010000001100100000001111
I5.7: FAILURE (OIL PUMP PRESSURE HIGH)
918035540c80f<--EXPECTED
0000000000001001000110000000001101010101010000001100100000001111
I6.3: FAILURE (Safety Door Lock Check)
I6.2: FAILURE (Safety Door Close Relay On_2)
I6.1: FAILURE (Safety Door Close Relay On_1)
998035540c80f<--EXPECTED
0000000000001001100110000000001101010101010000001100100000001111
way: []

#############################
date and time = 2023-04-25 06:28:02
758035540c80f <-- FAILURE DETECTED


---FAILURE LOG---
POSSIBLE NEXT STATES: states: {'718035540c80f': 6163, '798035540c80f': 975, '918035540c80f': 1, '998035540c80f': 1}
last state: None
state_list: ['718035540c80f', '798035540c80f', '918035540c80f', '998035540c80f']
similar_list: [0.984375, 0.96875, 0.9375, 0.921875]
score_list: [2.8319152661064426, 2.0740546218487395, 1.875140056022409, 1.843890056022409]
dict_word_score: {'718035540c80f': 2.8319152661064426, '798035540c80f': 2.0740546218487395, '918035540c80f': 1.875140056022409, '998035540c80f': 1.843890056022409}

--------FAILURE--------
758035540c80f<--FOUND
0000000000000111010110000000001101010101010000001100100000001111
718035540c80f<--EXPECTED
0000000000000111000110000000001101010101010000001100100000001111
-----------------------------------------
I5.6: FAILURE (OIL PUMP PRESSURE LOW)
RECOMMENDED TO CHECK: 
798035540c80f<--EXPECTED
0000000000000111100110000000001101010101010000001100100000001111
I5.7: FAILURE (OIL PUMP PRESSURE HIGH)
918035540c80f<--EXPECTED
0000000000001001000110000000001101010101010000001100100000001111
I6.3: FAILURE (Safety Door Lock Check)
I6.2: FAILURE (Safety Door Close Relay On_2)
I6.1: FAILURE (Safety Door Close Relay On_1)
998035540c80f<--EXPECTED
0000000000001001100110000000001101010101010000001100100000001111
way: []

#############################
date and time = 2023-04-25 09:35:38
758035540c80f <-- FAILURE DETECTED


---FAILURE LOG---
POSSIBLE NEXT STATES: states: {'718035540c80f': 6163, '798035540c80f': 975, '918035540c80f': 1, '998035540c80f': 1}
last state: None
state_list: ['718035540c80f', '798035540c80f', '918035540c80f', '998035540c80f']
similar_list: [0.984375, 0.96875, 0.9375, 0.921875]
score_list: [2.8319152661064426, 2.0740546218487395, 1.875140056022409, 1.843890056022409]
dict_word_score: {'718035540c80f': 2.8319152661064426, '798035540c80f': 2.0740546218487395, '918035540c80f': 1.875140056022409, '998035540c80f': 1.843890056022409}

--------FAILURE--------
758035540c80f<--FOUND
0000000000000111010110000000001101010101010000001100100000001111
718035540c80f<--EXPECTED
0000000000000111000110000000001101010101010000001100100000001111
-----------------------------------------
I5.6: FAILURE (OIL PUMP PRESSURE LOW)
RECOMMENDED TO CHECK: 
798035540c80f<--EXPECTED
0000000000000111100110000000001101010101010000001100100000001111
I5.7: FAILURE (OIL PUMP PRESSURE HIGH)
918035540c80f<--EXPECTED
0000000000001001000110000000001101010101010000001100100000001111
I6.3: FAILURE (Safety Door Lock Check)
I6.2: FAILURE (Safety Door Close Relay On_2)
I6.1: FAILURE (Safety Door Close Relay On_1)
998035540c80f<--EXPECTED
0000000000001001100110000000001101010101010000001100100000001111
way: []

#############################
date and time = 2023-04-25 17:24:40
758035540c80f <-- FAILURE DETECTED


---FAILURE LOG---
POSSIBLE NEXT STATES: states: {'718035540c80f': 6205, '798035540c80f': 978, '918035540c80f': 1, '998035540c80f': 1}
last state: None
state_list: ['718035540c80f', '798035540c80f', '918035540c80f', '998035540c80f']
similar_list: [0.984375, 0.96875, 0.9375, 0.921875]
score_list: [2.8323547320807236, 2.073616910229645, 1.8751391788448155, 1.8438891788448155]
dict_word_score: {'718035540c80f': 2.8323547320807236, '798035540c80f': 2.073616910229645, '918035540c80f': 1.8751391788448155, '998035540c80f': 1.8438891788448155}

--------FAILURE--------
758035540c80f<--FOUND
0000000000000111010110000000001101010101010000001100100000001111
718035540c80f<--EXPECTED
0000000000000111000110000000001101010101010000001100100000001111
-----------------------------------------
I5.6: FAILURE (OIL PUMP PRESSURE LOW)
RECOMMENDED TO CHECK: 
798035540c80f<--EXPECTED
0000000000000111100110000000001101010101010000001100100000001111
I5.7: FAILURE (OIL PUMP PRESSURE HIGH)
918035540c80f<--EXPECTED
0000000000001001000110000000001101010101010000001100100000001111
I6.3: FAILURE (Safety Door Lock Check)
I6.2: FAILURE (Safety Door Close Relay On_2)
I6.1: FAILURE (Safety Door Close Relay On_1)
998035540c80f<--EXPECTED
0000000000001001100110000000001101010101010000001100100000001111
way: []

#############################
date and time = 2023-04-25 18:42:26
758035540c80f <-- FAILURE DETECTED


---FAILURE LOG---
POSSIBLE NEXT STATES: states: {'718035540c80f': 6205, '798035540c80f': 978, '918035540c80f': 1, '998035540c80f': 1}
last state: None
state_list: ['718035540c80f', '798035540c80f', '918035540c80f', '998035540c80f']
similar_list: [0.984375, 0.96875, 0.9375, 0.921875]
score_list: [2.8323547320807236, 2.073616910229645, 1.8751391788448155, 1.8438891788448155]
dict_word_score: {'718035540c80f': 2.8323547320807236, '798035540c80f': 2.073616910229645, '918035540c80f': 1.8751391788448155, '998035540c80f': 1.8438891788448155}

--------FAILURE--------
758035540c80f<--FOUND
0000000000000111010110000000001101010101010000001100100000001111
718035540c80f<--EXPECTED
0000000000000111000110000000001101010101010000001100100000001111
-----------------------------------------
I5.6: FAILURE (OIL PUMP PRESSURE LOW)
RECOMMENDED TO CHECK: 
798035540c80f<--EXPECTED
0000000000000111100110000000001101010101010000001100100000001111
I5.7: FAILURE (OIL PUMP PRESSURE HIGH)
918035540c80f<--EXPECTED
0000000000001001000110000000001101010101010000001100100000001111
I6.3: FAILURE (Safety Door Lock Check)
I6.2: FAILURE (Safety Door Close Relay On_2)
I6.1: FAILURE (Safety Door Close Relay On_1)
998035540c80f<--EXPECTED
0000000000001001100110000000001101010101010000001100100000001111
way: []

#############################
date and time = 2023-04-25 23:44:37
758035540c80f <-- FAILURE DETECTED


---FAILURE LOG---
POSSIBLE NEXT STATES: states: {'718035540c80f': 6205, '798035540c80f': 978, '918035540c80f': 1, '998035540c80f': 1}
last state: None
state_list: ['718035540c80f', '798035540c80f', '918035540c80f', '998035540c80f']
similar_list: [0.984375, 0.96875, 0.9375, 0.921875]
score_list: [2.8323547320807236, 2.073616910229645, 1.8751391788448155, 1.8438891788448155]
dict_word_score: {'718035540c80f': 2.8323547320807236, '798035540c80f': 2.073616910229645, '918035540c80f': 1.8751391788448155, '998035540c80f': 1.8438891788448155}

--------FAILURE--------
758035540c80f<--FOUND
0000000000000111010110000000001101010101010000001100100000001111
718035540c80f<--EXPECTED
0000000000000111000110000000001101010101010000001100100000001111
-----------------------------------------
I5.6: FAILURE (OIL PUMP PRESSURE LOW)
RECOMMENDED TO CHECK: 
798035540c80f<--EXPECTED
0000000000000111100110000000001101010101010000001100100000001111
I5.7: FAILURE (OIL PUMP PRESSURE HIGH)
918035540c80f<--EXPECTED
0000000000001001000110000000001101010101010000001100100000001111
I6.3: FAILURE (Safety Door Lock Check)
I6.2: FAILURE (Safety Door Close Relay On_2)
I6.1: FAILURE (Safety Door Close Relay On_1)
998035540c80f<--EXPECTED
0000000000001001100110000000001101010101010000001100100000001111
way: []

#############################
date and time = 2023-04-28 03:40:13
758035540c80f <-- FAILURE DETECTED


---FAILURE LOG---
POSSIBLE NEXT STATES: states: {'718035540c80f': 6310, '798035540c80f': 986, '918035540c80f': 1, '998035540c80f': 1}
last state: None
state_list: ['718035540c80f', '798035540c80f', '918035540c80f', '998035540c80f']
similar_list: [0.984375, 0.96875, 0.9375, 0.921875]
score_list: [2.8333704439572487, 2.0726055083584543, 1.8751370238421485, 1.8438870238421485]
dict_word_score: {'718035540c80f': 2.8333704439572487, '798035540c80f': 2.0726055083584543, '918035540c80f': 1.8751370238421485, '998035540c80f': 1.8438870238421485}

--------FAILURE--------
758035540c80f<--FOUND
0000000000000111010110000000001101010101010000001100100000001111
718035540c80f<--EXPECTED
0000000000000111000110000000001101010101010000001100100000001111
-----------------------------------------
I5.6: FAILURE (OIL PUMP PRESSURE LOW)
RECOMMENDED TO CHECK: 
798035540c80f<--EXPECTED
0000000000000111100110000000001101010101010000001100100000001111
I5.7: FAILURE (OIL PUMP PRESSURE HIGH)
918035540c80f<--EXPECTED
0000000000001001000110000000001101010101010000001100100000001111
I6.3: FAILURE (Safety Door Lock Check)
I6.2: FAILURE (Safety Door Close Relay On_2)
I6.1: FAILURE (Safety Door Close Relay On_1)
998035540c80f<--EXPECTED
0000000000001001100110000000001101010101010000001100100000001111
way: []

#############################
date and time = 2023-04-28 10:44:24
758035540c80f <-- FAILURE DETECTED


---FAILURE LOG---
POSSIBLE NEXT STATES: states: {'718035540c80f': 6310, '798035540c80f': 986, '918035540c80f': 1, '998035540c80f': 1}
last state: None
state_list: ['718035540c80f', '798035540c80f', '918035540c80f', '998035540c80f']
similar_list: [0.984375, 0.96875, 0.9375, 0.921875]
score_list: [2.8333704439572487, 2.0726055083584543, 1.8751370238421485, 1.8438870238421485]
dict_word_score: {'718035540c80f': 2.8333704439572487, '798035540c80f': 2.0726055083584543, '918035540c80f': 1.8751370238421485, '998035540c80f': 1.8438870238421485}

--------FAILURE--------
758035540c80f<--FOUND
0000000000000111010110000000001101010101010000001100100000001111
718035540c80f<--EXPECTED
0000000000000111000110000000001101010101010000001100100000001111
-----------------------------------------
I5.6: FAILURE (OIL PUMP PRESSURE LOW)
RECOMMENDED TO CHECK: 
798035540c80f<--EXPECTED
0000000000000111100110000000001101010101010000001100100000001111
I5.7: FAILURE (OIL PUMP PRESSURE HIGH)
918035540c80f<--EXPECTED
0000000000001001000110000000001101010101010000001100100000001111
I6.3: FAILURE (Safety Door Lock Check)
I6.2: FAILURE (Safety Door Close Relay On_2)
I6.1: FAILURE (Safety Door Close Relay On_1)
998035540c80f<--EXPECTED
0000000000001001100110000000001101010101010000001100100000001111
way: []

#############################
date and time = 2023-04-29 05:25:36
758035540c80f <-- FAILURE DETECTED


---FAILURE LOG---
POSSIBLE NEXT STATES: states: {'718035540c80f': 6365, '798035540c80f': 989, '918035540c80f': 1, '998035540c80f': 1}
last state: None
state_list: ['718035540c80f', '798035540c80f', '918035540c80f', '998035540c80f']
similar_list: [0.984375, 0.96875, 0.9375, 0.921875]
score_list: [2.8340300435019032, 2.071948069603045, 1.8751359434475259, 1.8438859434475259]
dict_word_score: {'718035540c80f': 2.8340300435019032, '798035540c80f': 2.071948069603045, '918035540c80f': 1.8751359434475259, '998035540c80f': 1.8438859434475259}

--------FAILURE--------
758035540c80f<--FOUND
0000000000000111010110000000001101010101010000001100100000001111
718035540c80f<--EXPECTED
0000000000000111000110000000001101010101010000001100100000001111
-----------------------------------------
I5.6: FAILURE (OIL PUMP PRESSURE LOW)
RECOMMENDED TO CHECK: 
798035540c80f<--EXPECTED
0000000000000111100110000000001101010101010000001100100000001111
I5.7: FAILURE (OIL PUMP PRESSURE HIGH)
918035540c80f<--EXPECTED
0000000000001001000110000000001101010101010000001100100000001111
I6.3: FAILURE (Safety Door Lock Check)
I6.2: FAILURE (Safety Door Close Relay On_2)
I6.1: FAILURE (Safety Door Close Relay On_1)
998035540c80f<--EXPECTED
0000000000001001100110000000001101010101010000001100100000001111
way: []

#############################
date and time = 2023-05-05 17:48:35
758035540c80f <-- FAILURE DETECTED


---FAILURE LOG---
POSSIBLE NEXT STATES: states: {'718035540c80f': 6571, '798035540c80f': 1005, '918035540c80f': 1, '998035540c80f': 1}
last state: None
state_list: ['718035540c80f', '798035540c80f', '918035540c80f', '998035540c80f']
similar_list: [0.984375, 0.96875, 0.9375, 0.921875]
score_list: [2.835865333861177, 2.070120744259699, 1.8751319609395618, 1.8438819609395618]
dict_word_score: {'718035540c80f': 2.835865333861177, '798035540c80f': 2.070120744259699, '918035540c80f': 1.8751319609395618, '998035540c80f': 1.8438819609395618}

--------FAILURE--------
758035540c80f<--FOUND
0000000000000111010110000000001101010101010000001100100000001111
718035540c80f<--EXPECTED
0000000000000111000110000000001101010101010000001100100000001111
-----------------------------------------
I5.6: FAILURE (OIL PUMP PRESSURE LOW)
RECOMMENDED TO CHECK: 
798035540c80f<--EXPECTED
0000000000000111100110000000001101010101010000001100100000001111
I5.7: FAILURE (OIL PUMP PRESSURE HIGH)
918035540c80f<--EXPECTED
0000000000001001000110000000001101010101010000001100100000001111
I6.3: FAILURE (Safety Door Lock Check)
I6.2: FAILURE (Safety Door Close Relay On_2)
I6.1: FAILURE (Safety Door Close Relay On_1)
998035540c80f<--EXPECTED
0000000000001001100110000000001101010101010000001100100000001111
way: []

#############################
date and time = 2023-06-01 09:43:57
718035540c807 <-- FAILURE DETECTED


---FAILURE LOG---
POSSIBLE NEXT STATES: states: {'798035540c80f': 230}
last state: 718035540c80f
state_list: ['798035540c80f']
similar_list: [0.96875]
score_list: [2.9375]
dict_word_score: {'798035540c80f': 2.9375}

--------FAILURE--------
718035540c807<--FOUND
0000000000000111000110000000001101010101010000001100100000000111
798035540c80f<--EXPECTED
0000000000000111100110000000001101010101010000001100100000001111
-----------------------------------------
I5.7: FAILURE (OIL PUMP PRESSURE HIGH)
I0.3: FAILURE (MAIN AIR OK)
RECOMMENDED TO CHECK: 
718035540c80f<--EXPECTED
0000000000000111000110000000001101010101010000001100100000001111
way: ['718035540c80f']

#############################
date and time = 2023-06-11 20:45:10
718035540c803 <-- FAILURE DETECTED


---FAILURE LOG---
POSSIBLE NEXT STATES: states: {'718035540c80f': 4805, '798035540c80f': 500, '758035540c80f': 32}
last state: None
state_list: ['718035540c80f', '798035540c80f', '758035540c80f']
similar_list: [0.96875, 0.953125, 0.953125]
score_list: [2.8378185310099306, 1.99993559115608, 1.912245877833989]
dict_word_score: {'718035540c80f': 2.8378185310099306, '798035540c80f': 1.99993559115608, '758035540c80f': 1.912245877833989}

--------FAILURE--------
718035540c803<--FOUND
0000000000000111000110000000001101010101010000001100100000000011
718035540c80f<--EXPECTED
0000000000000111000110000000001101010101010000001100100000001111
-----------------------------------------
I0.3: FAILURE (MAIN AIR OK)
I0.2: FAILURE (READY OK [CR])
RECOMMENDED TO CHECK: 
798035540c80f<--EXPECTED
0000000000000111100110000000001101010101010000001100100000001111
I5.7: FAILURE (OIL PUMP PRESSURE HIGH)
758035540c80f<--EXPECTED
0000000000000111010110000000001101010101010000001100100000001111
I5.6: FAILURE (OIL PUMP PRESSURE LOW)
way: []

#############################
date and time = 2023-06-13 01:06:52
718035540e80f <-- FAILURE DETECTED


---FAILURE LOG---
POSSIBLE NEXT STATES: states: {'798035540c80f': 247}
last state: 718035540c80f
state_list: ['798035540c80f']
similar_list: [0.96875]
score_list: [2.9375]
dict_word_score: {'798035540c80f': 2.9375}

--------FAILURE--------
718035540e80f<--FOUND
0000000000000111000110000000001101010101010000001110100000001111
798035540c80f<--EXPECTED
0000000000000111100110000000001101010101010000001100100000001111
-----------------------------------------
I5.7: FAILURE (OIL PUMP PRESSURE HIGH)

#############################
date and time = 2023-07-18 15:37:44
818035540c803 <-- FAILURE DETECTED


---FAILURE LOG---
POSSIBLE NEXT STATES: states: {'718035540c80f': 5959, '798035540c80f': 617, '758035540c80f': 40}
last state: None
state_list: ['718035540c80f', '798035540c80f', '758035540c80f']
similar_list: [0.90625, 0.890625, 0.890625]
score_list: [2.713195284159613, 1.8745087666263602, 1.7872959492140266]
dict_word_score: {'718035540c80f': 2.713195284159613, '798035540c80f': 1.8745087666263602, '758035540c80f': 1.7872959492140266}

--------FAILURE--------
818035540c803<--FOUND
0000000000001000000110000000001101010101010000001100100000000011
718035540c80f<--EXPECTED
0000000000000111000110000000001101010101010000001100100000001111
-----------------------------------------
I6.3: FAILURE (Safety Door Lock Check)
I6.2: FAILURE (Safety Door Close Relay On_2)
I6.1: FAILURE (Safety Door Close Relay On_1)
I6.0: FAILURE (Safety Door Close Check)
I0.3: FAILURE (MAIN AIR OK)
I0.2: FAILURE (READY OK [CR])
RECOMMENDED TO CHECK: 
798035540c80f<--EXPECTED
0000000000000111100110000000001101010101010000001100100000001111
I5.7: FAILURE (OIL PUMP PRESSURE HIGH)
758035540c80f<--EXPECTED
0000000000000111010110000000001101010101010000001100100000001111
I5.6: FAILURE (OIL PUMP PRESSURE LOW)
way: []